[0.383s] Invoking command in '/home/waleed/ros2pratice/level2/2_URDFLauncher/selfbalance_ws/build/selfbalance_description': CMAKE_PREFIX_PATH=${CMAKE_PREFIX_PATH}:/home/waleed/ros2pratice/level1/level1_sumup/install/custom_test:/home/waleed/ros2pratice/level1/level1_sumup/install/SrvCli:/home/waleed/ros2pratice/level1/level1_sumup/install/PubSub:/home/waleed/ros2pratice/level1/1_firstprog/install/my_py_pkg:/opt/ros/humble /home/waleed/.local/bin/cmake --build /home/waleed/ros2pratice/level2/2_URDFLauncher/selfbalance_ws/build/selfbalance_description -- -j4 -l4
[0.954s] Invoked command in '/home/waleed/ros2pratice/level2/2_URDFLauncher/selfbalance_ws/build/selfbalance_description' returned '0': CMAKE_PREFIX_PATH=${CMAKE_PREFIX_PATH}:/home/waleed/ros2pratice/level1/level1_sumup/install/custom_test:/home/waleed/ros2pratice/level1/level1_sumup/install/SrvCli:/home/waleed/ros2pratice/level1/level1_sumup/install/PubSub:/home/waleed/ros2pratice/level1/1_firstprog/install/my_py_pkg:/opt/ros/humble /home/waleed/.local/bin/cmake --build /home/waleed/ros2pratice/level2/2_URDFLauncher/selfbalance_ws/build/selfbalance_description -- -j4 -l4
[1.312s] Invoking command in '/home/waleed/ros2pratice/level2/2_URDFLauncher/selfbalance_ws/build/selfbalance_description': CMAKE_PREFIX_PATH=${CMAKE_PREFIX_PATH}:/home/waleed/ros2pratice/level1/level1_sumup/install/custom_test:/home/waleed/ros2pratice/level1/level1_sumup/install/SrvCli:/home/waleed/ros2pratice/level1/level1_sumup/install/PubSub:/home/waleed/ros2pratice/level1/1_firstprog/install/my_py_pkg:/opt/ros/humble /home/waleed/.local/bin/cmake --install /home/waleed/ros2pratice/level2/2_URDFLauncher/selfbalance_ws/build/selfbalance_description
[1.390s] -- Install configuration: ""
[1.391s] -- Up-to-date: /home/waleed/ros2pratice/level2/2_URDFLauncher/selfbalance_ws/install/selfbalance_description/share/selfbalance_description//urdf
[1.392s] -- Installing: /home/waleed/ros2pratice/level2/2_URDFLauncher/selfbalance_ws/install/selfbalance_description/share/selfbalance_description//urdf/self_balance.urdf
[1.394s] -- Up-to-date: /home/waleed/ros2pratice/level2/2_URDFLauncher/selfbalance_ws/install/selfbalance_description/share/selfbalance_description//launch
[1.394s] -- Up-to-date: /home/waleed/ros2pratice/level2/2_URDFLauncher/selfbalance_ws/install/selfbalance_description/share/selfbalance_description//launch/display.launch.py
[1.395s] -- Up-to-date: /home/waleed/ros2pratice/level2/2_URDFLauncher/selfbalance_ws/install/selfbalance_description/share/selfbalance_description//rviz_config
[1.396s] -- Up-to-date: /home/waleed/ros2pratice/level2/2_URDFLauncher/selfbalance_ws/install/selfbalance_description/share/ament_index/resource_index/package_run_dependencies/selfbalance_description
[1.396s] -- Up-to-date: /home/waleed/ros2pratice/level2/2_URDFLauncher/selfbalance_ws/install/selfbalance_description/share/ament_index/resource_index/parent_prefix_path/selfbalance_description
[1.397s] -- Up-to-date: /home/waleed/ros2pratice/level2/2_URDFLauncher/selfbalance_ws/install/selfbalance_description/share/selfbalance_description/environment/ament_prefix_path.sh
[1.397s] -- Up-to-date: /home/waleed/ros2pratice/level2/2_URDFLauncher/selfbalance_ws/install/selfbalance_description/share/selfbalance_description/environment/ament_prefix_path.dsv
[1.397s] -- Up-to-date: /home/waleed/ros2pratice/level2/2_URDFLauncher/selfbalance_ws/install/selfbalance_description/share/selfbalance_description/environment/path.sh
[1.398s] -- Up-to-date: /home/waleed/ros2pratice/level2/2_URDFLauncher/selfbalance_ws/install/selfbalance_description/share/selfbalance_description/environment/path.dsv
[1.398s] -- Up-to-date: /home/waleed/ros2pratice/level2/2_URDFLauncher/selfbalance_ws/install/selfbalance_description/share/selfbalance_description/local_setup.bash
[1.398s] -- Up-to-date: /home/waleed/ros2pratice/level2/2_URDFLauncher/selfbalance_ws/install/selfbalance_description/share/selfbalance_description/local_setup.sh
[1.399s] -- Up-to-date: /home/waleed/ros2pratice/level2/2_URDFLauncher/selfbalance_ws/install/selfbalance_description/share/selfbalance_description/local_setup.zsh
[1.399s] -- Up-to-date: /home/waleed/ros2pratice/level2/2_URDFLauncher/selfbalance_ws/install/selfbalance_description/share/selfbalance_description/local_setup.dsv
[1.399s] -- Installing: /home/waleed/ros2pratice/level2/2_URDFLauncher/selfbalance_ws/install/selfbalance_description/share/selfbalance_description/package.dsv
[1.399s] -- Up-to-date: /home/waleed/ros2pratice/level2/2_URDFLauncher/selfbalance_ws/install/selfbalance_description/share/ament_index/resource_index/packages/selfbalance_description
[1.399s] -- Up-to-date: /home/waleed/ros2pratice/level2/2_URDFLauncher/selfbalance_ws/install/selfbalance_description/share/selfbalance_description/cmake/selfbalance_descriptionConfig.cmake
[1.400s] -- Up-to-date: /home/waleed/ros2pratice/level2/2_URDFLauncher/selfbalance_ws/install/selfbalance_description/share/selfbalance_description/cmake/selfbalance_descriptionConfig-version.cmake
[1.400s] -- Up-to-date: /home/waleed/ros2pratice/level2/2_URDFLauncher/selfbalance_ws/install/selfbalance_description/share/selfbalance_description/package.xml
[1.409s] Invoked command in '/home/waleed/ros2pratice/level2/2_URDFLauncher/selfbalance_ws/build/selfbalance_description' returned '0': CMAKE_PREFIX_PATH=${CMAKE_PREFIX_PATH}:/home/waleed/ros2pratice/level1/level1_sumup/install/custom_test:/home/waleed/ros2pratice/level1/level1_sumup/install/SrvCli:/home/waleed/ros2pratice/level1/level1_sumup/install/PubSub:/home/waleed/ros2pratice/level1/1_firstprog/install/my_py_pkg:/opt/ros/humble /home/waleed/.local/bin/cmake --install /home/waleed/ros2pratice/level2/2_URDFLauncher/selfbalance_ws/build/selfbalance_description
