[3.699s] DEBUG:colcon:Command line arguments: ['/usr/bin/colcon', 'build']
[3.699s] DEBUG:colcon:Parsed command line arguments: Namespace(log_base=None, log_level=None, verb_name='build', build_base='build', install_base='install', merge_install=False, symlink_install=False, test_result_base=None, continue_on_error=False, executor='parallel', parallel_workers=4, event_handlers=None, ignore_user_meta=False, metas=['./colcon.meta'], base_paths=['.'], packages_ignore=None, packages_ignore_regex=None, paths=None, packages_up_to=None, packages_up_to_regex=None, packages_above=None, packages_above_and_dependencies=None, packages_above_depth=None, packages_select_by_dep=None, packages_skip_by_dep=None, packages_skip_up_to=None, packages_select_build_failed=False, packages_skip_build_finished=False, packages_select_test_failures=False, packages_skip_test_passed=False, packages_select=None, packages_skip=None, packages_select_regex=None, packages_skip_regex=None, packages_start=None, packages_end=None, allow_overriding=[], cmake_args=None, cmake_target=None, cmake_target_skip_unavailable=False, cmake_clean_cache=False, cmake_clean_first=False, cmake_force_configure=False, ament_cmake_args=None, catkin_cmake_args=None, catkin_skip_building_tests=False, verb_parser=<colcon_defaults.argument_parser.defaults.DefaultArgumentsDecorator object at 0x7f6c70751360>, verb_extension=<colcon_core.verb.build.BuildVerb object at 0x7f6c70bdd930>, main=<bound method BuildVerb.main of <colcon_core.verb.build.BuildVerb object at 0x7f6c70bdd930>>)
[3.833s] Level 1:colcon.colcon_core.package_discovery:discover_packages(colcon_meta) check parameters
[3.834s] Level 1:colcon.colcon_core.package_discovery:discover_packages(recursive) check parameters
[3.834s] Level 1:colcon.colcon_core.package_discovery:discover_packages(ignore) check parameters
[3.834s] Level 1:colcon.colcon_core.package_discovery:discover_packages(path) check parameters
[3.834s] Level 1:colcon.colcon_core.package_discovery:discover_packages(colcon_meta) discover
[3.835s] Level 1:colcon.colcon_core.package_discovery:discover_packages(recursive) discover
[3.835s] INFO:colcon.colcon_core.package_discovery:Crawling recursively for packages in '/home/waleed/ros2pratice/level2/2_URDFLauncher/selfbalance_ws'
[3.835s] Level 1:colcon.colcon_core.package_identification:_identify(.) by extensions ['ignore', 'ignore_ament_install']
[3.836s] Level 1:colcon.colcon_core.package_identification:_identify(.) by extension 'ignore'
[3.836s] Level 1:colcon.colcon_core.package_identification:_identify(.) by extension 'ignore_ament_install'
[3.836s] Level 1:colcon.colcon_core.package_identification:_identify(.) by extensions ['colcon_pkg']
[3.836s] Level 1:colcon.colcon_core.package_identification:_identify(.) by extension 'colcon_pkg'
[3.837s] Level 1:colcon.colcon_core.package_identification:_identify(.) by extensions ['colcon_meta']
[3.837s] Level 1:colcon.colcon_core.package_identification:_identify(.) by extension 'colcon_meta'
[3.837s] Level 1:colcon.colcon_core.package_identification:_identify(.) by extensions ['ros']
[3.837s] Level 1:colcon.colcon_core.package_identification:_identify(.) by extension 'ros'
[3.864s] Level 1:colcon.colcon_core.package_identification:_identify(.) by extensions ['cmake', 'python']
[3.864s] Level 1:colcon.colcon_core.package_identification:_identify(.) by extension 'cmake'
[3.865s] Level 1:colcon.colcon_core.package_identification:_identify(.) by extension 'python'
[3.865s] Level 1:colcon.colcon_core.package_identification:_identify(.) by extensions ['python_setup_py']
[3.865s] Level 1:colcon.colcon_core.package_identification:_identify(.) by extension 'python_setup_py'
[3.865s] Level 1:colcon.colcon_core.package_identification:_identify(build) by extensions ['ignore', 'ignore_ament_install']
[3.865s] Level 1:colcon.colcon_core.package_identification:_identify(build) by extension 'ignore'
[3.866s] Level 1:colcon.colcon_core.package_identification:_identify(build) ignored
[3.866s] Level 1:colcon.colcon_core.package_identification:_identify(install) by extensions ['ignore', 'ignore_ament_install']
[3.867s] Level 1:colcon.colcon_core.package_identification:_identify(install) by extension 'ignore'
[3.867s] Level 1:colcon.colcon_core.package_identification:_identify(install) ignored
[3.867s] Level 1:colcon.colcon_core.package_identification:_identify(log) by extensions ['ignore', 'ignore_ament_install']
[3.868s] Level 1:colcon.colcon_core.package_identification:_identify(log) by extension 'ignore'
[3.868s] Level 1:colcon.colcon_core.package_identification:_identify(log) ignored
[3.868s] Level 1:colcon.colcon_core.package_identification:_identify(src) by extensions ['ignore', 'ignore_ament_install']
[3.869s] Level 1:colcon.colcon_core.package_identification:_identify(src) by extension 'ignore'
[3.869s] Level 1:colcon.colcon_core.package_identification:_identify(src) by extension 'ignore_ament_install'
[3.870s] Level 1:colcon.colcon_core.package_identification:_identify(src) by extensions ['colcon_pkg']
[3.870s] Level 1:colcon.colcon_core.package_identification:_identify(src) by extension 'colcon_pkg'
[3.870s] Level 1:colcon.colcon_core.package_identification:_identify(src) by extensions ['colcon_meta']
[3.870s] Level 1:colcon.colcon_core.package_identification:_identify(src) by extension 'colcon_meta'
[3.870s] Level 1:colcon.colcon_core.package_identification:_identify(src) by extensions ['ros']
[3.870s] Level 1:colcon.colcon_core.package_identification:_identify(src) by extension 'ros'
[3.871s] Level 1:colcon.colcon_core.package_identification:_identify(src) by extensions ['cmake', 'python']
[3.871s] Level 1:colcon.colcon_core.package_identification:_identify(src) by extension 'cmake'
[3.871s] Level 1:colcon.colcon_core.package_identification:_identify(src) by extension 'python'
[3.871s] Level 1:colcon.colcon_core.package_identification:_identify(src) by extensions ['python_setup_py']
[3.871s] Level 1:colcon.colcon_core.package_identification:_identify(src) by extension 'python_setup_py'
[3.872s] Level 1:colcon.colcon_core.package_identification:_identify(src/selfbalance_description) by extensions ['ignore', 'ignore_ament_install']
[3.872s] Level 1:colcon.colcon_core.package_identification:_identify(src/selfbalance_description) by extension 'ignore'
[3.872s] Level 1:colcon.colcon_core.package_identification:_identify(src/selfbalance_description) by extension 'ignore_ament_install'
[3.873s] Level 1:colcon.colcon_core.package_identification:_identify(src/selfbalance_description) by extensions ['colcon_pkg']
[3.873s] Level 1:colcon.colcon_core.package_identification:_identify(src/selfbalance_description) by extension 'colcon_pkg'
[3.873s] Level 1:colcon.colcon_core.package_identification:_identify(src/selfbalance_description) by extensions ['colcon_meta']
[3.873s] Level 1:colcon.colcon_core.package_identification:_identify(src/selfbalance_description) by extension 'colcon_meta'
[3.873s] Level 1:colcon.colcon_core.package_identification:_identify(src/selfbalance_description) by extensions ['ros']
[3.873s] Level 1:colcon.colcon_core.package_identification:_identify(src/selfbalance_description) by extension 'ros'
[3.881s] DEBUG:colcon.colcon_core.package_identification:Package 'src/selfbalance_description' with type 'ros.ament_cmake' and name 'selfbalance_description'
[3.881s] Level 1:colcon.colcon_core.package_discovery:discover_packages(recursive) using defaults
[3.881s] Level 1:colcon.colcon_core.package_discovery:discover_packages(ignore) discover
[3.881s] Level 1:colcon.colcon_core.package_discovery:discover_packages(ignore) using defaults
[3.881s] Level 1:colcon.colcon_core.package_discovery:discover_packages(path) discover
[3.881s] Level 1:colcon.colcon_core.package_discovery:discover_packages(path) using defaults
[4.216s] Level 1:colcon.colcon_core.package_discovery:discover_packages(prefix_path) check parameters
[4.216s] Level 1:colcon.colcon_core.package_discovery:discover_packages(prefix_path) discover
[4.406s] DEBUG:colcon.colcon_installed_package_information.package_discovery:Found 1 installed packages in /home/waleed/ros2pratice/level2/2_URDFLauncher/selfbalance_ws/install
[4.472s] DEBUG:colcon.colcon_installed_package_information.package_discovery:Found 1 installed packages in /home/waleed/ros2pratice/level2/myrobot_ws/install
[4.528s] DEBUG:colcon.colcon_installed_package_information.package_discovery:Found 5 installed packages in /home/waleed/ros2pratice/level1/level1_sumup/install
[4.586s] DEBUG:colcon.colcon_installed_package_information.package_discovery:Found 9 installed packages in /home/waleed/ros2pratice/level1/1_firstprog/install
[4.629s] DEBUG:colcon.colcon_installed_package_information.package_discovery:Found 298 installed packages in /opt/ros/humble
[4.632s] Level 1:colcon.colcon_core.package_discovery:discover_packages(prefix_path) using defaults
[4.929s] Level 5:colcon.colcon_core.verb:set package 'selfbalance_description' build argument 'cmake_args' from command line to 'None'
[4.929s] Level 5:colcon.colcon_core.verb:set package 'selfbalance_description' build argument 'cmake_target' from command line to 'None'
[4.930s] Level 5:colcon.colcon_core.verb:set package 'selfbalance_description' build argument 'cmake_target_skip_unavailable' from command line to 'False'
[4.930s] Level 5:colcon.colcon_core.verb:set package 'selfbalance_description' build argument 'cmake_clean_cache' from command line to 'False'
[4.930s] Level 5:colcon.colcon_core.verb:set package 'selfbalance_description' build argument 'cmake_clean_first' from command line to 'False'
[4.930s] Level 5:colcon.colcon_core.verb:set package 'selfbalance_description' build argument 'cmake_force_configure' from command line to 'False'
[4.930s] Level 5:colcon.colcon_core.verb:set package 'selfbalance_description' build argument 'ament_cmake_args' from command line to 'None'
[4.930s] Level 5:colcon.colcon_core.verb:set package 'selfbalance_description' build argument 'catkin_cmake_args' from command line to 'None'
[4.930s] Level 5:colcon.colcon_core.verb:set package 'selfbalance_description' build argument 'catkin_skip_building_tests' from command line to 'False'
[4.930s] DEBUG:colcon.colcon_core.verb:Building package 'selfbalance_description' with the following arguments: {'ament_cmake_args': None, 'build_base': '/home/waleed/ros2pratice/level2/2_URDFLauncher/selfbalance_ws/build/selfbalance_description', 'catkin_cmake_args': None, 'catkin_skip_building_tests': False, 'cmake_args': None, 'cmake_clean_cache': False, 'cmake_clean_first': False, 'cmake_force_configure': False, 'cmake_target': None, 'cmake_target_skip_unavailable': False, 'install_base': '/home/waleed/ros2pratice/level2/2_URDFLauncher/selfbalance_ws/install/selfbalance_description', 'merge_install': False, 'path': '/home/waleed/ros2pratice/level2/2_URDFLauncher/selfbalance_ws/src/selfbalance_description', 'symlink_install': False, 'test_result_base': None}
[4.986s] INFO:colcon.colcon_core.executor:Executing jobs using 'parallel' executor
[5.039s] DEBUG:colcon.colcon_parallel_executor.executor.parallel:run_until_complete
[5.040s] INFO:colcon.colcon_ros.task.ament_cmake.build:Building ROS package in '/home/waleed/ros2pratice/level2/2_URDFLauncher/selfbalance_ws/src/selfbalance_description' with build type 'ament_cmake'
[5.041s] INFO:colcon.colcon_cmake.task.cmake.build:Building CMake package in '/home/waleed/ros2pratice/level2/2_URDFLauncher/selfbalance_ws/src/selfbalance_description'
[5.115s] INFO:colcon.colcon_core.plugin_system:Skipping extension 'colcon_core.shell.bat': Not used on non-Windows systems
[5.116s] INFO:colcon.colcon_core.shell:Skip shell extension 'powershell' for command environment: Not usable outside of PowerShell
[5.116s] DEBUG:colcon.colcon_core.shell:Skip shell extension 'dsv' for command environment
[5.534s] DEBUG:colcon.colcon_core.event_handler.log_command:Invoking command in '/home/waleed/ros2pratice/level2/2_URDFLauncher/selfbalance_ws/build/selfbalance_description': CMAKE_PREFIX_PATH=${CMAKE_PREFIX_PATH}:/home/waleed/ros2pratice/level1/level1_sumup/install/custom_test:/home/waleed/ros2pratice/level1/level1_sumup/install/SrvCli:/home/waleed/ros2pratice/level1/level1_sumup/install/PubSub:/home/waleed/ros2pratice/level1/1_firstprog/install/my_py_pkg:/opt/ros/humble /home/waleed/.local/bin/cmake --build /home/waleed/ros2pratice/level2/2_URDFLauncher/selfbalance_ws/build/selfbalance_description -- -j4 -l4
[5.684s] DEBUG:colcon.colcon_core.event_handler.log_command:Invoked command in '/home/waleed/ros2pratice/level2/2_URDFLauncher/selfbalance_ws/build/selfbalance_description' returned '0': CMAKE_PREFIX_PATH=${CMAKE_PREFIX_PATH}:/home/waleed/ros2pratice/level1/level1_sumup/install/custom_test:/home/waleed/ros2pratice/level1/level1_sumup/install/SrvCli:/home/waleed/ros2pratice/level1/level1_sumup/install/PubSub:/home/waleed/ros2pratice/level1/1_firstprog/install/my_py_pkg:/opt/ros/humble /home/waleed/.local/bin/cmake --build /home/waleed/ros2pratice/level2/2_URDFLauncher/selfbalance_ws/build/selfbalance_description -- -j4 -l4
[5.959s] DEBUG:colcon.colcon_core.event_handler.log_command:Invoking command in '/home/waleed/ros2pratice/level2/2_URDFLauncher/selfbalance_ws/build/selfbalance_description': CMAKE_PREFIX_PATH=${CMAKE_PREFIX_PATH}:/home/waleed/ros2pratice/level1/level1_sumup/install/custom_test:/home/waleed/ros2pratice/level1/level1_sumup/install/SrvCli:/home/waleed/ros2pratice/level1/level1_sumup/install/PubSub:/home/waleed/ros2pratice/level1/1_firstprog/install/my_py_pkg:/opt/ros/humble /home/waleed/.local/bin/cmake --install /home/waleed/ros2pratice/level2/2_URDFLauncher/selfbalance_ws/build/selfbalance_description
[6.055s] Level 1:colcon.colcon_core.environment:create_environment_scripts_only(selfbalance_description)
[6.057s] DEBUG:colcon.colcon_core.event_handler.log_command:Invoked command in '/home/waleed/ros2pratice/level2/2_URDFLauncher/selfbalance_ws/build/selfbalance_description' returned '0': CMAKE_PREFIX_PATH=${CMAKE_PREFIX_PATH}:/home/waleed/ros2pratice/level1/level1_sumup/install/custom_test:/home/waleed/ros2pratice/level1/level1_sumup/install/SrvCli:/home/waleed/ros2pratice/level1/level1_sumup/install/PubSub:/home/waleed/ros2pratice/level1/1_firstprog/install/my_py_pkg:/opt/ros/humble /home/waleed/.local/bin/cmake --install /home/waleed/ros2pratice/level2/2_URDFLauncher/selfbalance_ws/build/selfbalance_description
[6.130s] Level 1:colcon.colcon_core.environment:checking '/home/waleed/ros2pratice/level2/2_URDFLauncher/selfbalance_ws/install/selfbalance_description' for CMake module files
[6.131s] Level 1:colcon.colcon_core.environment:checking '/home/waleed/ros2pratice/level2/2_URDFLauncher/selfbalance_ws/install/selfbalance_description' for CMake config files
[6.131s] Level 1:colcon.colcon_core.shell:create_environment_hook('selfbalance_description', 'cmake_prefix_path')
[6.171s] INFO:colcon.colcon_core.shell:Creating environment hook '/home/waleed/ros2pratice/level2/2_URDFLauncher/selfbalance_ws/install/selfbalance_description/share/selfbalance_description/hook/cmake_prefix_path.ps1'
[6.172s] INFO:colcon.colcon_core.shell:Creating environment descriptor '/home/waleed/ros2pratice/level2/2_URDFLauncher/selfbalance_ws/install/selfbalance_description/share/selfbalance_description/hook/cmake_prefix_path.dsv'
[6.174s] INFO:colcon.colcon_core.shell:Creating environment hook '/home/waleed/ros2pratice/level2/2_URDFLauncher/selfbalance_ws/install/selfbalance_description/share/selfbalance_description/hook/cmake_prefix_path.sh'
[6.177s] Level 1:colcon.colcon_core.environment:checking '/home/waleed/ros2pratice/level2/2_URDFLauncher/selfbalance_ws/install/selfbalance_description/bin'
[6.177s] Level 1:colcon.colcon_core.environment:checking '/home/waleed/ros2pratice/level2/2_URDFLauncher/selfbalance_ws/install/selfbalance_description/lib/pkgconfig/selfbalance_description.pc'
[6.178s] Level 1:colcon.colcon_core.environment:checking '/home/waleed/ros2pratice/level2/2_URDFLauncher/selfbalance_ws/install/selfbalance_description/lib/python3.10/site-packages'
[6.180s] Level 1:colcon.colcon_core.environment:checking '/home/waleed/ros2pratice/level2/2_URDFLauncher/selfbalance_ws/install/selfbalance_description/bin'
[6.248s] INFO:colcon.colcon_core.shell:Creating package script '/home/waleed/ros2pratice/level2/2_URDFLauncher/selfbalance_ws/install/selfbalance_description/share/selfbalance_description/package.ps1'
[6.250s] INFO:colcon.colcon_core.shell:Creating package descriptor '/home/waleed/ros2pratice/level2/2_URDFLauncher/selfbalance_ws/install/selfbalance_description/share/selfbalance_description/package.dsv'
[6.254s] INFO:colcon.colcon_core.shell:Creating package script '/home/waleed/ros2pratice/level2/2_URDFLauncher/selfbalance_ws/install/selfbalance_description/share/selfbalance_description/package.sh'
[6.256s] INFO:colcon.colcon_core.shell:Creating package script '/home/waleed/ros2pratice/level2/2_URDFLauncher/selfbalance_ws/install/selfbalance_description/share/selfbalance_description/package.bash'
[6.259s] INFO:colcon.colcon_core.shell:Creating package script '/home/waleed/ros2pratice/level2/2_URDFLauncher/selfbalance_ws/install/selfbalance_description/share/selfbalance_description/package.zsh'
[6.262s] Level 1:colcon.colcon_core.environment:create_file_with_runtime_dependencies(/home/waleed/ros2pratice/level2/2_URDFLauncher/selfbalance_ws/install/selfbalance_description/share/colcon-core/packages/selfbalance_description)
[6.479s] Level 1:colcon.colcon_core.environment:create_environment_scripts_only(selfbalance_description)
[6.538s] Level 1:colcon.colcon_core.environment:checking '/home/waleed/ros2pratice/level2/2_URDFLauncher/selfbalance_ws/install/selfbalance_description' for CMake module files
[6.540s] Level 1:colcon.colcon_core.environment:checking '/home/waleed/ros2pratice/level2/2_URDFLauncher/selfbalance_ws/install/selfbalance_description' for CMake config files
[6.540s] Level 1:colcon.colcon_core.shell:create_environment_hook('selfbalance_description', 'cmake_prefix_path')
[6.602s] INFO:colcon.colcon_core.shell:Creating environment hook '/home/waleed/ros2pratice/level2/2_URDFLauncher/selfbalance_ws/install/selfbalance_description/share/selfbalance_description/hook/cmake_prefix_path.ps1'
[6.603s] INFO:colcon.colcon_core.shell:Creating environment descriptor '/home/waleed/ros2pratice/level2/2_URDFLauncher/selfbalance_ws/install/selfbalance_description/share/selfbalance_description/hook/cmake_prefix_path.dsv'
[6.605s] INFO:colcon.colcon_core.shell:Creating environment hook '/home/waleed/ros2pratice/level2/2_URDFLauncher/selfbalance_ws/install/selfbalance_description/share/selfbalance_description/hook/cmake_prefix_path.sh'
[6.607s] Level 1:colcon.colcon_core.environment:checking '/home/waleed/ros2pratice/level2/2_URDFLauncher/selfbalance_ws/install/selfbalance_description/bin'
[6.607s] Level 1:colcon.colcon_core.environment:checking '/home/waleed/ros2pratice/level2/2_URDFLauncher/selfbalance_ws/install/selfbalance_description/lib/pkgconfig/selfbalance_description.pc'
[6.608s] Level 1:colcon.colcon_core.environment:checking '/home/waleed/ros2pratice/level2/2_URDFLauncher/selfbalance_ws/install/selfbalance_description/lib/python3.10/site-packages'
[6.609s] Level 1:colcon.colcon_core.environment:checking '/home/waleed/ros2pratice/level2/2_URDFLauncher/selfbalance_ws/install/selfbalance_description/bin'
[6.668s] INFO:colcon.colcon_core.shell:Creating package script '/home/waleed/ros2pratice/level2/2_URDFLauncher/selfbalance_ws/install/selfbalance_description/share/selfbalance_description/package.ps1'
[6.670s] INFO:colcon.colcon_core.shell:Creating package descriptor '/home/waleed/ros2pratice/level2/2_URDFLauncher/selfbalance_ws/install/selfbalance_description/share/selfbalance_description/package.dsv'
[6.671s] INFO:colcon.colcon_core.shell:Creating package script '/home/waleed/ros2pratice/level2/2_URDFLauncher/selfbalance_ws/install/selfbalance_description/share/selfbalance_description/package.sh'
[6.673s] INFO:colcon.colcon_core.shell:Creating package script '/home/waleed/ros2pratice/level2/2_URDFLauncher/selfbalance_ws/install/selfbalance_description/share/selfbalance_description/package.bash'
[6.674s] INFO:colcon.colcon_core.shell:Creating package script '/home/waleed/ros2pratice/level2/2_URDFLauncher/selfbalance_ws/install/selfbalance_description/share/selfbalance_description/package.zsh'
[6.674s] Level 1:colcon.colcon_core.environment:create_file_with_runtime_dependencies(/home/waleed/ros2pratice/level2/2_URDFLauncher/selfbalance_ws/install/selfbalance_description/share/colcon-core/packages/selfbalance_description)
[6.675s] DEBUG:colcon.colcon_parallel_executor.executor.parallel:closing loop
[6.677s] DEBUG:colcon.colcon_parallel_executor.executor.parallel:loop closed
[6.678s] DEBUG:colcon.colcon_parallel_executor.executor.parallel:run_until_complete finished with '0'
[6.678s] DEBUG:colcon.colcon_core.event_reactor:joining thread
[6.840s] INFO:colcon.colcon_core.plugin_system:Skipping extension 'colcon_notification.desktop_notification.notify_send': Could not find 'notify-send'
[6.840s] INFO:colcon.colcon_core.plugin_system:Skipping extension 'colcon_notification.desktop_notification.terminal_notifier': Not used on non-Darwin systems
[6.840s] INFO:colcon.colcon_core.plugin_system:Skipping extension 'colcon_notification.desktop_notification.win32': Not used on non-Windows systems
[6.841s] INFO:colcon.colcon_notification.desktop_notification:Sending desktop notification using 'notify2'
[6.843s] DEBUG:colcon.colcon_notification.desktop_notification.notify2:Failed to initialize notify2: org.freedesktop.DBus.Error.ServiceUnknown: The name org.freedesktop.Notifications was not provided by any .service files
[6.843s] DEBUG:colcon.colcon_core.event_reactor:joined thread
[6.892s] INFO:colcon.colcon_core.shell:Creating prefix script '/home/waleed/ros2pratice/level2/2_URDFLauncher/selfbalance_ws/install/local_setup.ps1'
[6.894s] INFO:colcon.colcon_core.shell:Creating prefix util module '/home/waleed/ros2pratice/level2/2_URDFLauncher/selfbalance_ws/install/_local_setup_util_ps1.py'
[6.896s] INFO:colcon.colcon_core.shell:Creating prefix chain script '/home/waleed/ros2pratice/level2/2_URDFLauncher/selfbalance_ws/install/setup.ps1'
[6.950s] INFO:colcon.colcon_core.shell:Creating prefix script '/home/waleed/ros2pratice/level2/2_URDFLauncher/selfbalance_ws/install/local_setup.sh'
[6.951s] INFO:colcon.colcon_core.shell:Creating prefix util module '/home/waleed/ros2pratice/level2/2_URDFLauncher/selfbalance_ws/install/_local_setup_util_sh.py'
[6.953s] INFO:colcon.colcon_core.shell:Creating prefix chain script '/home/waleed/ros2pratice/level2/2_URDFLauncher/selfbalance_ws/install/setup.sh'
[7.010s] INFO:colcon.colcon_core.shell:Creating prefix script '/home/waleed/ros2pratice/level2/2_URDFLauncher/selfbalance_ws/install/local_setup.bash'
[7.012s] INFO:colcon.colcon_core.shell:Creating prefix chain script '/home/waleed/ros2pratice/level2/2_URDFLauncher/selfbalance_ws/install/setup.bash'
[7.078s] INFO:colcon.colcon_core.shell:Creating prefix script '/home/waleed/ros2pratice/level2/2_URDFLauncher/selfbalance_ws/install/local_setup.zsh'
[7.079s] INFO:colcon.colcon_core.shell:Creating prefix chain script '/home/waleed/ros2pratice/level2/2_URDFLauncher/selfbalance_ws/install/setup.zsh'
