[6.921s] DEBUG:colcon:Command line arguments: ['/usr/bin/colcon', 'build']
[6.921s] DEBUG:colcon:Parsed command line arguments: Namespace(log_base=None, log_level=None, verb_name='build', build_base='build', install_base='install', merge_install=False, symlink_install=False, test_result_base=None, continue_on_error=False, executor='parallel', parallel_workers=4, event_handlers=None, ignore_user_meta=False, metas=['./colcon.meta'], base_paths=['.'], packages_ignore=None, packages_ignore_regex=None, paths=None, packages_up_to=None, packages_up_to_regex=None, packages_above=None, packages_above_and_dependencies=None, packages_above_depth=None, packages_select_by_dep=None, packages_skip_by_dep=None, packages_skip_up_to=None, packages_select_build_failed=False, packages_skip_build_finished=False, packages_select_test_failures=False, packages_skip_test_passed=False, packages_select=None, packages_skip=None, packages_select_regex=None, packages_skip_regex=None, packages_start=None, packages_end=None, allow_overriding=[], cmake_args=None, cmake_target=None, cmake_target_skip_unavailable=False, cmake_clean_cache=False, cmake_clean_first=False, cmake_force_configure=False, ament_cmake_args=None, catkin_cmake_args=None, catkin_skip_building_tests=False, verb_parser=<colcon_defaults.argument_parser.defaults.DefaultArgumentsDecorator object at 0x7fd94ecf0d60>, verb_extension=<colcon_core.verb.build.BuildVerb object at 0x7fd94f17b790>, main=<bound method BuildVerb.main of <colcon_core.verb.build.BuildVerb object at 0x7fd94f17b790>>)
[7.168s] Level 1:colcon.colcon_core.package_discovery:discover_packages(colcon_meta) check parameters
[7.168s] Level 1:colcon.colcon_core.package_discovery:discover_packages(recursive) check parameters
[7.169s] Level 1:colcon.colcon_core.package_discovery:discover_packages(ignore) check parameters
[7.169s] Level 1:colcon.colcon_core.package_discovery:discover_packages(path) check parameters
[7.169s] Level 1:colcon.colcon_core.package_discovery:discover_packages(colcon_meta) discover
[7.169s] Level 1:colcon.colcon_core.package_discovery:discover_packages(recursive) discover
[7.169s] INFO:colcon.colcon_core.package_discovery:Crawling recursively for packages in '/home/waleed/ros2pratice/level2/2_URDFLauncher/selfbalance_ws'
[7.170s] Level 1:colcon.colcon_core.package_identification:_identify(.) by extensions ['ignore', 'ignore_ament_install']
[7.170s] Level 1:colcon.colcon_core.package_identification:_identify(.) by extension 'ignore'
[7.170s] Level 1:colcon.colcon_core.package_identification:_identify(.) by extension 'ignore_ament_install'
[7.170s] Level 1:colcon.colcon_core.package_identification:_identify(.) by extensions ['colcon_pkg']
[7.170s] Level 1:colcon.colcon_core.package_identification:_identify(.) by extension 'colcon_pkg'
[7.171s] Level 1:colcon.colcon_core.package_identification:_identify(.) by extensions ['colcon_meta']
[7.171s] Level 1:colcon.colcon_core.package_identification:_identify(.) by extension 'colcon_meta'
[7.171s] Level 1:colcon.colcon_core.package_identification:_identify(.) by extensions ['ros']
[7.171s] Level 1:colcon.colcon_core.package_identification:_identify(.) by extension 'ros'
[7.217s] Level 1:colcon.colcon_core.package_identification:_identify(.) by extensions ['cmake', 'python']
[7.217s] Level 1:colcon.colcon_core.package_identification:_identify(.) by extension 'cmake'
[7.220s] Level 1:colcon.colcon_core.package_identification:_identify(.) by extension 'python'
[7.221s] Level 1:colcon.colcon_core.package_identification:_identify(.) by extensions ['python_setup_py']
[7.221s] Level 1:colcon.colcon_core.package_identification:_identify(.) by extension 'python_setup_py'
[7.222s] Level 1:colcon.colcon_core.package_identification:_identify(build) by extensions ['ignore', 'ignore_ament_install']
[7.222s] Level 1:colcon.colcon_core.package_identification:_identify(build) by extension 'ignore'
[7.223s] Level 1:colcon.colcon_core.package_identification:_identify(build) ignored
[7.224s] Level 1:colcon.colcon_core.package_identification:_identify(install) by extensions ['ignore', 'ignore_ament_install']
[7.225s] Level 1:colcon.colcon_core.package_identification:_identify(install) by extension 'ignore'
[7.225s] Level 1:colcon.colcon_core.package_identification:_identify(install) ignored
[7.226s] Level 1:colcon.colcon_core.package_identification:_identify(log) by extensions ['ignore', 'ignore_ament_install']
[7.227s] Level 1:colcon.colcon_core.package_identification:_identify(log) by extension 'ignore'
[7.227s] Level 1:colcon.colcon_core.package_identification:_identify(log) ignored
[7.228s] Level 1:colcon.colcon_core.package_identification:_identify(src) by extensions ['ignore', 'ignore_ament_install']
[7.229s] Level 1:colcon.colcon_core.package_identification:_identify(src) by extension 'ignore'
[7.230s] Level 1:colcon.colcon_core.package_identification:_identify(src) by extension 'ignore_ament_install'
[7.230s] Level 1:colcon.colcon_core.package_identification:_identify(src) by extensions ['colcon_pkg']
[7.231s] Level 1:colcon.colcon_core.package_identification:_identify(src) by extension 'colcon_pkg'
[7.231s] Level 1:colcon.colcon_core.package_identification:_identify(src) by extensions ['colcon_meta']
[7.234s] Level 1:colcon.colcon_core.package_identification:_identify(src) by extension 'colcon_meta'
[7.235s] Level 1:colcon.colcon_core.package_identification:_identify(src) by extensions ['ros']
[7.236s] Level 1:colcon.colcon_core.package_identification:_identify(src) by extension 'ros'
[7.236s] Level 1:colcon.colcon_core.package_identification:_identify(src) by extensions ['cmake', 'python']
[7.237s] Level 1:colcon.colcon_core.package_identification:_identify(src) by extension 'cmake'
[7.237s] Level 1:colcon.colcon_core.package_identification:_identify(src) by extension 'python'
[7.238s] Level 1:colcon.colcon_core.package_identification:_identify(src) by extensions ['python_setup_py']
[7.238s] Level 1:colcon.colcon_core.package_identification:_identify(src) by extension 'python_setup_py'
[7.239s] Level 1:colcon.colcon_core.package_identification:_identify(src/selfbalance_description) by extensions ['ignore', 'ignore_ament_install']
[7.239s] Level 1:colcon.colcon_core.package_identification:_identify(src/selfbalance_description) by extension 'ignore'
[7.240s] Level 1:colcon.colcon_core.package_identification:_identify(src/selfbalance_description) by extension 'ignore_ament_install'
[7.240s] Level 1:colcon.colcon_core.package_identification:_identify(src/selfbalance_description) by extensions ['colcon_pkg']
[7.241s] Level 1:colcon.colcon_core.package_identification:_identify(src/selfbalance_description) by extension 'colcon_pkg'
[7.242s] Level 1:colcon.colcon_core.package_identification:_identify(src/selfbalance_description) by extensions ['colcon_meta']
[7.242s] Level 1:colcon.colcon_core.package_identification:_identify(src/selfbalance_description) by extension 'colcon_meta'
[7.243s] Level 1:colcon.colcon_core.package_identification:_identify(src/selfbalance_description) by extensions ['ros']
[7.244s] Level 1:colcon.colcon_core.package_identification:_identify(src/selfbalance_description) by extension 'ros'
[7.253s] DEBUG:colcon.colcon_core.package_identification:Package 'src/selfbalance_description' with type 'ros.ament_cmake' and name 'selfbalance_description'
[7.253s] Level 1:colcon.colcon_core.package_discovery:discover_packages(recursive) using defaults
[7.254s] Level 1:colcon.colcon_core.package_discovery:discover_packages(ignore) discover
[7.255s] Level 1:colcon.colcon_core.package_discovery:discover_packages(ignore) using defaults
[7.255s] Level 1:colcon.colcon_core.package_discovery:discover_packages(path) discover
[7.256s] Level 1:colcon.colcon_core.package_discovery:discover_packages(path) using defaults
[7.901s] Level 1:colcon.colcon_core.package_discovery:discover_packages(prefix_path) check parameters
[7.902s] Level 1:colcon.colcon_core.package_discovery:discover_packages(prefix_path) discover
[8.163s] DEBUG:colcon.colcon_installed_package_information.package_discovery:Found 1 installed packages in /home/waleed/ros2pratice/level2/2_URDFLauncher/selfbalance_ws/install
[8.330s] DEBUG:colcon.colcon_installed_package_information.package_discovery:Found 1 installed packages in /home/waleed/ros2pratice/level2/myrobot_ws/install
[8.484s] DEBUG:colcon.colcon_installed_package_information.package_discovery:Found 5 installed packages in /home/waleed/ros2pratice/level1/level1_sumup/install
[8.586s] DEBUG:colcon.colcon_installed_package_information.package_discovery:Found 9 installed packages in /home/waleed/ros2pratice/level1/1_firstprog/install
[8.672s] DEBUG:colcon.colcon_installed_package_information.package_discovery:Found 298 installed packages in /opt/ros/humble
[8.676s] Level 1:colcon.colcon_core.package_discovery:discover_packages(prefix_path) using defaults
[9.285s] Level 5:colcon.colcon_core.verb:set package 'selfbalance_description' build argument 'cmake_args' from command line to 'None'
[9.287s] Level 5:colcon.colcon_core.verb:set package 'selfbalance_description' build argument 'cmake_target' from command line to 'None'
[9.288s] Level 5:colcon.colcon_core.verb:set package 'selfbalance_description' build argument 'cmake_target_skip_unavailable' from command line to 'False'
[9.288s] Level 5:colcon.colcon_core.verb:set package 'selfbalance_description' build argument 'cmake_clean_cache' from command line to 'False'
[9.288s] Level 5:colcon.colcon_core.verb:set package 'selfbalance_description' build argument 'cmake_clean_first' from command line to 'False'
[9.289s] Level 5:colcon.colcon_core.verb:set package 'selfbalance_description' build argument 'cmake_force_configure' from command line to 'False'
[9.289s] Level 5:colcon.colcon_core.verb:set package 'selfbalance_description' build argument 'ament_cmake_args' from command line to 'None'
[9.290s] Level 5:colcon.colcon_core.verb:set package 'selfbalance_description' build argument 'catkin_cmake_args' from command line to 'None'
[9.290s] Level 5:colcon.colcon_core.verb:set package 'selfbalance_description' build argument 'catkin_skip_building_tests' from command line to 'False'
[9.291s] DEBUG:colcon.colcon_core.verb:Building package 'selfbalance_description' with the following arguments: {'ament_cmake_args': None, 'build_base': '/home/waleed/ros2pratice/level2/2_URDFLauncher/selfbalance_ws/build/selfbalance_description', 'catkin_cmake_args': None, 'catkin_skip_building_tests': False, 'cmake_args': None, 'cmake_clean_cache': False, 'cmake_clean_first': False, 'cmake_force_configure': False, 'cmake_target': None, 'cmake_target_skip_unavailable': False, 'install_base': '/home/waleed/ros2pratice/level2/2_URDFLauncher/selfbalance_ws/install/selfbalance_description', 'merge_install': False, 'path': '/home/waleed/ros2pratice/level2/2_URDFLauncher/selfbalance_ws/src/selfbalance_description', 'symlink_install': False, 'test_result_base': None}
[9.426s] INFO:colcon.colcon_core.executor:Executing jobs using 'parallel' executor
[9.585s] DEBUG:colcon.colcon_parallel_executor.executor.parallel:run_until_complete
[9.585s] INFO:colcon.colcon_ros.task.ament_cmake.build:Building ROS package in '/home/waleed/ros2pratice/level2/2_URDFLauncher/selfbalance_ws/src/selfbalance_description' with build type 'ament_cmake'
[9.585s] INFO:colcon.colcon_cmake.task.cmake.build:Building CMake package in '/home/waleed/ros2pratice/level2/2_URDFLauncher/selfbalance_ws/src/selfbalance_description'
[9.742s] INFO:colcon.colcon_core.plugin_system:Skipping extension 'colcon_core.shell.bat': Not used on non-Windows systems
[9.743s] INFO:colcon.colcon_core.shell:Skip shell extension 'powershell' for command environment: Not usable outside of PowerShell
[9.744s] DEBUG:colcon.colcon_core.shell:Skip shell extension 'dsv' for command environment
[10.924s] DEBUG:colcon.colcon_core.event_handler.log_command:Invoking command in '/home/waleed/ros2pratice/level2/2_URDFLauncher/selfbalance_ws/build/selfbalance_description': CMAKE_PREFIX_PATH=${CMAKE_PREFIX_PATH}:/home/waleed/ros2pratice/level1/level1_sumup/install/custom_test:/home/waleed/ros2pratice/level1/level1_sumup/install/SrvCli:/home/waleed/ros2pratice/level1/level1_sumup/install/PubSub:/home/waleed/ros2pratice/level1/1_firstprog/install/my_py_pkg:/opt/ros/humble /home/waleed/.local/bin/cmake --build /home/waleed/ros2pratice/level2/2_URDFLauncher/selfbalance_ws/build/selfbalance_description -- -j4 -l4
[11.363s] DEBUG:colcon.colcon_core.event_handler.log_command:Invoked command in '/home/waleed/ros2pratice/level2/2_URDFLauncher/selfbalance_ws/build/selfbalance_description' returned '0': CMAKE_PREFIX_PATH=${CMAKE_PREFIX_PATH}:/home/waleed/ros2pratice/level1/level1_sumup/install/custom_test:/home/waleed/ros2pratice/level1/level1_sumup/install/SrvCli:/home/waleed/ros2pratice/level1/level1_sumup/install/PubSub:/home/waleed/ros2pratice/level1/1_firstprog/install/my_py_pkg:/opt/ros/humble /home/waleed/.local/bin/cmake --build /home/waleed/ros2pratice/level2/2_URDFLauncher/selfbalance_ws/build/selfbalance_description -- -j4 -l4
[12.160s] DEBUG:colcon.colcon_core.event_handler.log_command:Invoking command in '/home/waleed/ros2pratice/level2/2_URDFLauncher/selfbalance_ws/build/selfbalance_description': CMAKE_PREFIX_PATH=${CMAKE_PREFIX_PATH}:/home/waleed/ros2pratice/level1/level1_sumup/install/custom_test:/home/waleed/ros2pratice/level1/level1_sumup/install/SrvCli:/home/waleed/ros2pratice/level1/level1_sumup/install/PubSub:/home/waleed/ros2pratice/level1/1_firstprog/install/my_py_pkg:/opt/ros/humble /home/waleed/.local/bin/cmake --install /home/waleed/ros2pratice/level2/2_URDFLauncher/selfbalance_ws/build/selfbalance_description
[12.462s] Level 1:colcon.colcon_core.environment:create_environment_scripts_only(selfbalance_description)
[12.467s] DEBUG:colcon.colcon_core.event_handler.log_command:Invoked command in '/home/waleed/ros2pratice/level2/2_URDFLauncher/selfbalance_ws/build/selfbalance_description' returned '0': CMAKE_PREFIX_PATH=${CMAKE_PREFIX_PATH}:/home/waleed/ros2pratice/level1/level1_sumup/install/custom_test:/home/waleed/ros2pratice/level1/level1_sumup/install/SrvCli:/home/waleed/ros2pratice/level1/level1_sumup/install/PubSub:/home/waleed/ros2pratice/level1/1_firstprog/install/my_py_pkg:/opt/ros/humble /home/waleed/.local/bin/cmake --install /home/waleed/ros2pratice/level2/2_URDFLauncher/selfbalance_ws/build/selfbalance_description
[12.646s] Level 1:colcon.colcon_core.environment:checking '/home/waleed/ros2pratice/level2/2_URDFLauncher/selfbalance_ws/install/selfbalance_description' for CMake module files
[12.649s] Level 1:colcon.colcon_core.environment:checking '/home/waleed/ros2pratice/level2/2_URDFLauncher/selfbalance_ws/install/selfbalance_description' for CMake config files
[12.651s] Level 1:colcon.colcon_core.shell:create_environment_hook('selfbalance_description', 'cmake_prefix_path')
[12.807s] INFO:colcon.colcon_core.shell:Creating environment hook '/home/waleed/ros2pratice/level2/2_URDFLauncher/selfbalance_ws/install/selfbalance_description/share/selfbalance_description/hook/cmake_prefix_path.ps1'
[12.812s] INFO:colcon.colcon_core.shell:Creating environment descriptor '/home/waleed/ros2pratice/level2/2_URDFLauncher/selfbalance_ws/install/selfbalance_description/share/selfbalance_description/hook/cmake_prefix_path.dsv'
[12.814s] INFO:colcon.colcon_core.shell:Creating environment hook '/home/waleed/ros2pratice/level2/2_URDFLauncher/selfbalance_ws/install/selfbalance_description/share/selfbalance_description/hook/cmake_prefix_path.sh'
[12.830s] Level 1:colcon.colcon_core.environment:checking '/home/waleed/ros2pratice/level2/2_URDFLauncher/selfbalance_ws/install/selfbalance_description/bin'
[12.830s] Level 1:colcon.colcon_core.environment:checking '/home/waleed/ros2pratice/level2/2_URDFLauncher/selfbalance_ws/install/selfbalance_description/lib/pkgconfig/selfbalance_description.pc'
[12.831s] Level 1:colcon.colcon_core.environment:checking '/home/waleed/ros2pratice/level2/2_URDFLauncher/selfbalance_ws/install/selfbalance_description/lib/python3.10/site-packages'
[12.833s] Level 1:colcon.colcon_core.environment:checking '/home/waleed/ros2pratice/level2/2_URDFLauncher/selfbalance_ws/install/selfbalance_description/bin'
[12.991s] INFO:colcon.colcon_core.shell:Creating package script '/home/waleed/ros2pratice/level2/2_URDFLauncher/selfbalance_ws/install/selfbalance_description/share/selfbalance_description/package.ps1'
[12.996s] INFO:colcon.colcon_core.shell:Creating package descriptor '/home/waleed/ros2pratice/level2/2_URDFLauncher/selfbalance_ws/install/selfbalance_description/share/selfbalance_description/package.dsv'
[13.007s] INFO:colcon.colcon_core.shell:Creating package script '/home/waleed/ros2pratice/level2/2_URDFLauncher/selfbalance_ws/install/selfbalance_description/share/selfbalance_description/package.sh'
[13.015s] INFO:colcon.colcon_core.shell:Creating package script '/home/waleed/ros2pratice/level2/2_URDFLauncher/selfbalance_ws/install/selfbalance_description/share/selfbalance_description/package.bash'
[13.022s] INFO:colcon.colcon_core.shell:Creating package script '/home/waleed/ros2pratice/level2/2_URDFLauncher/selfbalance_ws/install/selfbalance_description/share/selfbalance_description/package.zsh'
[13.031s] Level 1:colcon.colcon_core.environment:create_file_with_runtime_dependencies(/home/waleed/ros2pratice/level2/2_URDFLauncher/selfbalance_ws/install/selfbalance_description/share/colcon-core/packages/selfbalance_description)
[13.580s] Level 1:colcon.colcon_core.environment:create_environment_scripts_only(selfbalance_description)
[13.784s] Level 1:colcon.colcon_core.environment:checking '/home/waleed/ros2pratice/level2/2_URDFLauncher/selfbalance_ws/install/selfbalance_description' for CMake module files
[13.789s] Level 1:colcon.colcon_core.environment:checking '/home/waleed/ros2pratice/level2/2_URDFLauncher/selfbalance_ws/install/selfbalance_description' for CMake config files
[13.790s] Level 1:colcon.colcon_core.shell:create_environment_hook('selfbalance_description', 'cmake_prefix_path')
[14.035s] INFO:colcon.colcon_core.shell:Creating environment hook '/home/waleed/ros2pratice/level2/2_URDFLauncher/selfbalance_ws/install/selfbalance_description/share/selfbalance_description/hook/cmake_prefix_path.ps1'
[14.038s] INFO:colcon.colcon_core.shell:Creating environment descriptor '/home/waleed/ros2pratice/level2/2_URDFLauncher/selfbalance_ws/install/selfbalance_description/share/selfbalance_description/hook/cmake_prefix_path.dsv'
[14.046s] INFO:colcon.colcon_core.shell:Creating environment hook '/home/waleed/ros2pratice/level2/2_URDFLauncher/selfbalance_ws/install/selfbalance_description/share/selfbalance_description/hook/cmake_prefix_path.sh'
[14.052s] Level 1:colcon.colcon_core.environment:checking '/home/waleed/ros2pratice/level2/2_URDFLauncher/selfbalance_ws/install/selfbalance_description/bin'
[14.053s] Level 1:colcon.colcon_core.environment:checking '/home/waleed/ros2pratice/level2/2_URDFLauncher/selfbalance_ws/install/selfbalance_description/lib/pkgconfig/selfbalance_description.pc'
[14.056s] Level 1:colcon.colcon_core.environment:checking '/home/waleed/ros2pratice/level2/2_URDFLauncher/selfbalance_ws/install/selfbalance_description/lib/python3.10/site-packages'
[14.061s] Level 1:colcon.colcon_core.environment:checking '/home/waleed/ros2pratice/level2/2_URDFLauncher/selfbalance_ws/install/selfbalance_description/bin'
[14.227s] INFO:colcon.colcon_core.shell:Creating package script '/home/waleed/ros2pratice/level2/2_URDFLauncher/selfbalance_ws/install/selfbalance_description/share/selfbalance_description/package.ps1'
[14.229s] INFO:colcon.colcon_core.shell:Creating package descriptor '/home/waleed/ros2pratice/level2/2_URDFLauncher/selfbalance_ws/install/selfbalance_description/share/selfbalance_description/package.dsv'
[14.245s] INFO:colcon.colcon_core.shell:Creating package script '/home/waleed/ros2pratice/level2/2_URDFLauncher/selfbalance_ws/install/selfbalance_description/share/selfbalance_description/package.sh'
[14.249s] INFO:colcon.colcon_core.shell:Creating package script '/home/waleed/ros2pratice/level2/2_URDFLauncher/selfbalance_ws/install/selfbalance_description/share/selfbalance_description/package.bash'
[14.259s] INFO:colcon.colcon_core.shell:Creating package script '/home/waleed/ros2pratice/level2/2_URDFLauncher/selfbalance_ws/install/selfbalance_description/share/selfbalance_description/package.zsh'
[14.262s] Level 1:colcon.colcon_core.environment:create_file_with_runtime_dependencies(/home/waleed/ros2pratice/level2/2_URDFLauncher/selfbalance_ws/install/selfbalance_description/share/colcon-core/packages/selfbalance_description)
[14.263s] DEBUG:colcon.colcon_parallel_executor.executor.parallel:closing loop
[14.263s] DEBUG:colcon.colcon_parallel_executor.executor.parallel:loop closed
[14.264s] DEBUG:colcon.colcon_parallel_executor.executor.parallel:run_until_complete finished with '0'
[14.264s] DEBUG:colcon.colcon_core.event_reactor:joining thread
[14.901s] INFO:colcon.colcon_core.plugin_system:Skipping extension 'colcon_notification.desktop_notification.notify_send': Could not find 'notify-send'
[14.902s] INFO:colcon.colcon_core.plugin_system:Skipping extension 'colcon_notification.desktop_notification.terminal_notifier': Not used on non-Darwin systems
[14.902s] INFO:colcon.colcon_core.plugin_system:Skipping extension 'colcon_notification.desktop_notification.win32': Not used on non-Windows systems
[14.902s] INFO:colcon.colcon_notification.desktop_notification:Sending desktop notification using 'notify2'
[14.906s] DEBUG:colcon.colcon_notification.desktop_notification.notify2:Failed to initialize notify2: org.freedesktop.DBus.Error.ServiceUnknown: The name org.freedesktop.Notifications was not provided by any .service files
[14.906s] DEBUG:colcon.colcon_core.event_reactor:joined thread
[15.140s] INFO:colcon.colcon_core.shell:Creating prefix script '/home/waleed/ros2pratice/level2/2_URDFLauncher/selfbalance_ws/install/local_setup.ps1'
[15.145s] INFO:colcon.colcon_core.shell:Creating prefix util module '/home/waleed/ros2pratice/level2/2_URDFLauncher/selfbalance_ws/install/_local_setup_util_ps1.py'
[15.159s] INFO:colcon.colcon_core.shell:Creating prefix chain script '/home/waleed/ros2pratice/level2/2_URDFLauncher/selfbalance_ws/install/setup.ps1'
[15.464s] INFO:colcon.colcon_core.shell:Creating prefix script '/home/waleed/ros2pratice/level2/2_URDFLauncher/selfbalance_ws/install/local_setup.sh'
[15.467s] INFO:colcon.colcon_core.shell:Creating prefix util module '/home/waleed/ros2pratice/level2/2_URDFLauncher/selfbalance_ws/install/_local_setup_util_sh.py'
[15.476s] INFO:colcon.colcon_core.shell:Creating prefix chain script '/home/waleed/ros2pratice/level2/2_URDFLauncher/selfbalance_ws/install/setup.sh'
[15.680s] INFO:colcon.colcon_core.shell:Creating prefix script '/home/waleed/ros2pratice/level2/2_URDFLauncher/selfbalance_ws/install/local_setup.bash'
[15.682s] INFO:colcon.colcon_core.shell:Creating prefix chain script '/home/waleed/ros2pratice/level2/2_URDFLauncher/selfbalance_ws/install/setup.bash'
[15.894s] INFO:colcon.colcon_core.shell:Creating prefix script '/home/waleed/ros2pratice/level2/2_URDFLauncher/selfbalance_ws/install/local_setup.zsh'
[15.896s] INFO:colcon.colcon_core.shell:Creating prefix chain script '/home/waleed/ros2pratice/level2/2_URDFLauncher/selfbalance_ws/install/setup.zsh'
