[3.662s] DEBUG:colcon:Command line arguments: ['/usr/bin/colcon', 'build']
[3.662s] DEBUG:colcon:Parsed command line arguments: Namespace(log_base=None, log_level=None, verb_name='build', build_base='build', install_base='install', merge_install=False, symlink_install=False, test_result_base=None, continue_on_error=False, executor='parallel', parallel_workers=4, event_handlers=None, ignore_user_meta=False, metas=['./colcon.meta'], base_paths=['.'], packages_ignore=None, packages_ignore_regex=None, paths=None, packages_up_to=None, packages_up_to_regex=None, packages_above=None, packages_above_and_dependencies=None, packages_above_depth=None, packages_select_by_dep=None, packages_skip_by_dep=None, packages_skip_up_to=None, packages_select_build_failed=False, packages_skip_build_finished=False, packages_select_test_failures=False, packages_skip_test_passed=False, packages_select=None, packages_skip=None, packages_select_regex=None, packages_skip_regex=None, packages_start=None, packages_end=None, allow_overriding=[], cmake_args=None, cmake_target=None, cmake_target_skip_unavailable=False, cmake_clean_cache=False, cmake_clean_first=False, cmake_force_configure=False, ament_cmake_args=None, catkin_cmake_args=None, catkin_skip_building_tests=False, verb_parser=<colcon_defaults.argument_parser.defaults.DefaultArgumentsDecorator object at 0x7f1c5a909ea0>, verb_extension=<colcon_core.verb.build.BuildVerb object at 0x7f1c5adad930>, main=<bound method BuildVerb.main of <colcon_core.verb.build.BuildVerb object at 0x7f1c5adad930>>)
[3.801s] Level 1:colcon.colcon_core.package_discovery:discover_packages(colcon_meta) check parameters
[3.801s] Level 1:colcon.colcon_core.package_discovery:discover_packages(recursive) check parameters
[3.801s] Level 1:colcon.colcon_core.package_discovery:discover_packages(ignore) check parameters
[3.801s] Level 1:colcon.colcon_core.package_discovery:discover_packages(path) check parameters
[3.802s] Level 1:colcon.colcon_core.package_discovery:discover_packages(colcon_meta) discover
[3.802s] Level 1:colcon.colcon_core.package_discovery:discover_packages(recursive) discover
[3.802s] INFO:colcon.colcon_core.package_discovery:Crawling recursively for packages in '/home/waleed/ros2pratice/level2/2_URDFLauncher/selfbalance_ws'
[3.802s] Level 1:colcon.colcon_core.package_identification:_identify(.) by extensions ['ignore', 'ignore_ament_install']
[3.802s] Level 1:colcon.colcon_core.package_identification:_identify(.) by extension 'ignore'
[3.802s] Level 1:colcon.colcon_core.package_identification:_identify(.) by extension 'ignore_ament_install'
[3.802s] Level 1:colcon.colcon_core.package_identification:_identify(.) by extensions ['colcon_pkg']
[3.802s] Level 1:colcon.colcon_core.package_identification:_identify(.) by extension 'colcon_pkg'
[3.802s] Level 1:colcon.colcon_core.package_identification:_identify(.) by extensions ['colcon_meta']
[3.803s] Level 1:colcon.colcon_core.package_identification:_identify(.) by extension 'colcon_meta'
[3.803s] Level 1:colcon.colcon_core.package_identification:_identify(.) by extensions ['ros']
[3.803s] Level 1:colcon.colcon_core.package_identification:_identify(.) by extension 'ros'
[3.832s] Level 1:colcon.colcon_core.package_identification:_identify(.) by extensions ['cmake', 'python']
[3.833s] Level 1:colcon.colcon_core.package_identification:_identify(.) by extension 'cmake'
[3.833s] Level 1:colcon.colcon_core.package_identification:_identify(.) by extension 'python'
[3.833s] Level 1:colcon.colcon_core.package_identification:_identify(.) by extensions ['python_setup_py']
[3.833s] Level 1:colcon.colcon_core.package_identification:_identify(.) by extension 'python_setup_py'
[3.833s] Level 1:colcon.colcon_core.package_identification:_identify(build) by extensions ['ignore', 'ignore_ament_install']
[3.834s] Level 1:colcon.colcon_core.package_identification:_identify(build) by extension 'ignore'
[3.834s] Level 1:colcon.colcon_core.package_identification:_identify(build) ignored
[3.834s] Level 1:colcon.colcon_core.package_identification:_identify(install) by extensions ['ignore', 'ignore_ament_install']
[3.834s] Level 1:colcon.colcon_core.package_identification:_identify(install) by extension 'ignore'
[3.835s] Level 1:colcon.colcon_core.package_identification:_identify(install) ignored
[3.835s] Level 1:colcon.colcon_core.package_identification:_identify(log) by extensions ['ignore', 'ignore_ament_install']
[3.835s] Level 1:colcon.colcon_core.package_identification:_identify(log) by extension 'ignore'
[3.835s] Level 1:colcon.colcon_core.package_identification:_identify(log) ignored
[3.835s] Level 1:colcon.colcon_core.package_identification:_identify(src) by extensions ['ignore', 'ignore_ament_install']
[3.835s] Level 1:colcon.colcon_core.package_identification:_identify(src) by extension 'ignore'
[3.836s] Level 1:colcon.colcon_core.package_identification:_identify(src) by extension 'ignore_ament_install'
[3.836s] Level 1:colcon.colcon_core.package_identification:_identify(src) by extensions ['colcon_pkg']
[3.836s] Level 1:colcon.colcon_core.package_identification:_identify(src) by extension 'colcon_pkg'
[3.836s] Level 1:colcon.colcon_core.package_identification:_identify(src) by extensions ['colcon_meta']
[3.836s] Level 1:colcon.colcon_core.package_identification:_identify(src) by extension 'colcon_meta'
[3.836s] Level 1:colcon.colcon_core.package_identification:_identify(src) by extensions ['ros']
[3.836s] Level 1:colcon.colcon_core.package_identification:_identify(src) by extension 'ros'
[3.837s] Level 1:colcon.colcon_core.package_identification:_identify(src) by extensions ['cmake', 'python']
[3.837s] Level 1:colcon.colcon_core.package_identification:_identify(src) by extension 'cmake'
[3.837s] Level 1:colcon.colcon_core.package_identification:_identify(src) by extension 'python'
[3.837s] Level 1:colcon.colcon_core.package_identification:_identify(src) by extensions ['python_setup_py']
[3.837s] Level 1:colcon.colcon_core.package_identification:_identify(src) by extension 'python_setup_py'
[3.838s] Level 1:colcon.colcon_core.package_identification:_identify(src/selfbalance_description) by extensions ['ignore', 'ignore_ament_install']
[3.838s] Level 1:colcon.colcon_core.package_identification:_identify(src/selfbalance_description) by extension 'ignore'
[3.838s] Level 1:colcon.colcon_core.package_identification:_identify(src/selfbalance_description) by extension 'ignore_ament_install'
[3.838s] Level 1:colcon.colcon_core.package_identification:_identify(src/selfbalance_description) by extensions ['colcon_pkg']
[3.838s] Level 1:colcon.colcon_core.package_identification:_identify(src/selfbalance_description) by extension 'colcon_pkg'
[3.838s] Level 1:colcon.colcon_core.package_identification:_identify(src/selfbalance_description) by extensions ['colcon_meta']
[3.838s] Level 1:colcon.colcon_core.package_identification:_identify(src/selfbalance_description) by extension 'colcon_meta'
[3.838s] Level 1:colcon.colcon_core.package_identification:_identify(src/selfbalance_description) by extensions ['ros']
[3.838s] Level 1:colcon.colcon_core.package_identification:_identify(src/selfbalance_description) by extension 'ros'
[3.843s] DEBUG:colcon.colcon_core.package_identification:Package 'src/selfbalance_description' with type 'ros.ament_cmake' and name 'selfbalance_description'
[3.843s] Level 1:colcon.colcon_core.package_discovery:discover_packages(recursive) using defaults
[3.843s] Level 1:colcon.colcon_core.package_discovery:discover_packages(ignore) discover
[3.843s] Level 1:colcon.colcon_core.package_discovery:discover_packages(ignore) using defaults
[3.843s] Level 1:colcon.colcon_core.package_discovery:discover_packages(path) discover
[3.843s] Level 1:colcon.colcon_core.package_discovery:discover_packages(path) using defaults
[4.152s] Level 1:colcon.colcon_core.package_discovery:discover_packages(prefix_path) check parameters
[4.152s] Level 1:colcon.colcon_core.package_discovery:discover_packages(prefix_path) discover
[4.317s] DEBUG:colcon.colcon_installed_package_information.package_discovery:Found 1 installed packages in /home/waleed/ros2pratice/level2/myrobot_ws/install
[4.386s] DEBUG:colcon.colcon_installed_package_information.package_discovery:Found 5 installed packages in /home/waleed/ros2pratice/level1/level1_sumup/install
[4.454s] DEBUG:colcon.colcon_installed_package_information.package_discovery:Found 9 installed packages in /home/waleed/ros2pratice/level1/1_firstprog/install
[4.502s] DEBUG:colcon.colcon_installed_package_information.package_discovery:Found 298 installed packages in /opt/ros/humble
[4.505s] Level 1:colcon.colcon_core.package_discovery:discover_packages(prefix_path) using defaults
[4.847s] Level 5:colcon.colcon_core.verb:set package 'selfbalance_description' build argument 'cmake_args' from command line to 'None'
[4.847s] Level 5:colcon.colcon_core.verb:set package 'selfbalance_description' build argument 'cmake_target' from command line to 'None'
[4.847s] Level 5:colcon.colcon_core.verb:set package 'selfbalance_description' build argument 'cmake_target_skip_unavailable' from command line to 'False'
[4.847s] Level 5:colcon.colcon_core.verb:set package 'selfbalance_description' build argument 'cmake_clean_cache' from command line to 'False'
[4.847s] Level 5:colcon.colcon_core.verb:set package 'selfbalance_description' build argument 'cmake_clean_first' from command line to 'False'
[4.847s] Level 5:colcon.colcon_core.verb:set package 'selfbalance_description' build argument 'cmake_force_configure' from command line to 'False'
[4.847s] Level 5:colcon.colcon_core.verb:set package 'selfbalance_description' build argument 'ament_cmake_args' from command line to 'None'
[4.847s] Level 5:colcon.colcon_core.verb:set package 'selfbalance_description' build argument 'catkin_cmake_args' from command line to 'None'
[4.847s] Level 5:colcon.colcon_core.verb:set package 'selfbalance_description' build argument 'catkin_skip_building_tests' from command line to 'False'
[4.848s] DEBUG:colcon.colcon_core.verb:Building package 'selfbalance_description' with the following arguments: {'ament_cmake_args': None, 'build_base': '/home/waleed/ros2pratice/level2/2_URDFLauncher/selfbalance_ws/build/selfbalance_description', 'catkin_cmake_args': None, 'catkin_skip_building_tests': False, 'cmake_args': None, 'cmake_clean_cache': False, 'cmake_clean_first': False, 'cmake_force_configure': False, 'cmake_target': None, 'cmake_target_skip_unavailable': False, 'install_base': '/home/waleed/ros2pratice/level2/2_URDFLauncher/selfbalance_ws/install/selfbalance_description', 'merge_install': False, 'path': '/home/waleed/ros2pratice/level2/2_URDFLauncher/selfbalance_ws/src/selfbalance_description', 'symlink_install': False, 'test_result_base': None}
[4.894s] INFO:colcon.colcon_core.executor:Executing jobs using 'parallel' executor
[4.946s] DEBUG:colcon.colcon_parallel_executor.executor.parallel:run_until_complete
[4.947s] INFO:colcon.colcon_ros.task.ament_cmake.build:Building ROS package in '/home/waleed/ros2pratice/level2/2_URDFLauncher/selfbalance_ws/src/selfbalance_description' with build type 'ament_cmake'
[4.947s] INFO:colcon.colcon_cmake.task.cmake.build:Building CMake package in '/home/waleed/ros2pratice/level2/2_URDFLauncher/selfbalance_ws/src/selfbalance_description'
[5.001s] INFO:colcon.colcon_core.plugin_system:Skipping extension 'colcon_core.shell.bat': Not used on non-Windows systems
[5.002s] INFO:colcon.colcon_core.shell:Skip shell extension 'powershell' for command environment: Not usable outside of PowerShell
[5.002s] DEBUG:colcon.colcon_core.shell:Skip shell extension 'dsv' for command environment
[5.332s] DEBUG:colcon.colcon_core.event_handler.log_command:Invoking command in '/home/waleed/ros2pratice/level2/2_URDFLauncher/selfbalance_ws/build/selfbalance_description': CMAKE_PREFIX_PATH=${CMAKE_PREFIX_PATH}:/home/waleed/ros2pratice/level1/level1_sumup/install/custom_test:/home/waleed/ros2pratice/level1/level1_sumup/install/SrvCli:/home/waleed/ros2pratice/level1/level1_sumup/install/PubSub:/home/waleed/ros2pratice/level1/1_firstprog/install/my_py_pkg:/opt/ros/humble /home/waleed/.local/bin/cmake /home/waleed/ros2pratice/level2/2_URDFLauncher/selfbalance_ws/src/selfbalance_description -DCMAKE_INSTALL_PREFIX=/home/waleed/ros2pratice/level2/2_URDFLauncher/selfbalance_ws/install/selfbalance_description
[12.091s] DEBUG:colcon.colcon_core.event_handler.log_command:Invoked command in '/home/waleed/ros2pratice/level2/2_URDFLauncher/selfbalance_ws/build/selfbalance_description' returned '0': CMAKE_PREFIX_PATH=${CMAKE_PREFIX_PATH}:/home/waleed/ros2pratice/level1/level1_sumup/install/custom_test:/home/waleed/ros2pratice/level1/level1_sumup/install/SrvCli:/home/waleed/ros2pratice/level1/level1_sumup/install/PubSub:/home/waleed/ros2pratice/level1/1_firstprog/install/my_py_pkg:/opt/ros/humble /home/waleed/.local/bin/cmake /home/waleed/ros2pratice/level2/2_URDFLauncher/selfbalance_ws/src/selfbalance_description -DCMAKE_INSTALL_PREFIX=/home/waleed/ros2pratice/level2/2_URDFLauncher/selfbalance_ws/install/selfbalance_description
[12.097s] DEBUG:colcon.colcon_core.event_handler.log_command:Invoking command in '/home/waleed/ros2pratice/level2/2_URDFLauncher/selfbalance_ws/build/selfbalance_description': CMAKE_PREFIX_PATH=${CMAKE_PREFIX_PATH}:/home/waleed/ros2pratice/level1/level1_sumup/install/custom_test:/home/waleed/ros2pratice/level1/level1_sumup/install/SrvCli:/home/waleed/ros2pratice/level1/level1_sumup/install/PubSub:/home/waleed/ros2pratice/level1/1_firstprog/install/my_py_pkg:/opt/ros/humble /home/waleed/.local/bin/cmake --build /home/waleed/ros2pratice/level2/2_URDFLauncher/selfbalance_ws/build/selfbalance_description -- -j4 -l4
[12.209s] DEBUG:colcon.colcon_core.event_handler.log_command:Invoked command in '/home/waleed/ros2pratice/level2/2_URDFLauncher/selfbalance_ws/build/selfbalance_description' returned '0': CMAKE_PREFIX_PATH=${CMAKE_PREFIX_PATH}:/home/waleed/ros2pratice/level1/level1_sumup/install/custom_test:/home/waleed/ros2pratice/level1/level1_sumup/install/SrvCli:/home/waleed/ros2pratice/level1/level1_sumup/install/PubSub:/home/waleed/ros2pratice/level1/1_firstprog/install/my_py_pkg:/opt/ros/humble /home/waleed/.local/bin/cmake --build /home/waleed/ros2pratice/level2/2_URDFLauncher/selfbalance_ws/build/selfbalance_description -- -j4 -l4
[12.456s] DEBUG:colcon.colcon_core.event_handler.log_command:Invoking command in '/home/waleed/ros2pratice/level2/2_URDFLauncher/selfbalance_ws/build/selfbalance_description': CMAKE_PREFIX_PATH=${CMAKE_PREFIX_PATH}:/home/waleed/ros2pratice/level1/level1_sumup/install/custom_test:/home/waleed/ros2pratice/level1/level1_sumup/install/SrvCli:/home/waleed/ros2pratice/level1/level1_sumup/install/PubSub:/home/waleed/ros2pratice/level1/1_firstprog/install/my_py_pkg:/opt/ros/humble /home/waleed/.local/bin/cmake --install /home/waleed/ros2pratice/level2/2_URDFLauncher/selfbalance_ws/build/selfbalance_description
[12.578s] Level 1:colcon.colcon_core.environment:create_environment_scripts_only(selfbalance_description)
[12.581s] DEBUG:colcon.colcon_core.event_handler.log_command:Invoked command in '/home/waleed/ros2pratice/level2/2_URDFLauncher/selfbalance_ws/build/selfbalance_description' returned '0': CMAKE_PREFIX_PATH=${CMAKE_PREFIX_PATH}:/home/waleed/ros2pratice/level1/level1_sumup/install/custom_test:/home/waleed/ros2pratice/level1/level1_sumup/install/SrvCli:/home/waleed/ros2pratice/level1/level1_sumup/install/PubSub:/home/waleed/ros2pratice/level1/1_firstprog/install/my_py_pkg:/opt/ros/humble /home/waleed/.local/bin/cmake --install /home/waleed/ros2pratice/level2/2_URDFLauncher/selfbalance_ws/build/selfbalance_description
[12.653s] Level 1:colcon.colcon_core.environment:checking '/home/waleed/ros2pratice/level2/2_URDFLauncher/selfbalance_ws/install/selfbalance_description' for CMake module files
[12.655s] Level 1:colcon.colcon_core.environment:checking '/home/waleed/ros2pratice/level2/2_URDFLauncher/selfbalance_ws/install/selfbalance_description' for CMake config files
[12.655s] Level 1:colcon.colcon_core.shell:create_environment_hook('selfbalance_description', 'cmake_prefix_path')
[12.699s] INFO:colcon.colcon_core.shell:Creating environment hook '/home/waleed/ros2pratice/level2/2_URDFLauncher/selfbalance_ws/install/selfbalance_description/share/selfbalance_description/hook/cmake_prefix_path.ps1'
[12.701s] INFO:colcon.colcon_core.shell:Creating environment descriptor '/home/waleed/ros2pratice/level2/2_URDFLauncher/selfbalance_ws/install/selfbalance_description/share/selfbalance_description/hook/cmake_prefix_path.dsv'
[12.702s] INFO:colcon.colcon_core.shell:Creating environment hook '/home/waleed/ros2pratice/level2/2_URDFLauncher/selfbalance_ws/install/selfbalance_description/share/selfbalance_description/hook/cmake_prefix_path.sh'
[12.703s] Level 1:colcon.colcon_core.environment:checking '/home/waleed/ros2pratice/level2/2_URDFLauncher/selfbalance_ws/install/selfbalance_description/bin'
[12.704s] Level 1:colcon.colcon_core.environment:checking '/home/waleed/ros2pratice/level2/2_URDFLauncher/selfbalance_ws/install/selfbalance_description/lib/pkgconfig/selfbalance_description.pc'
[12.705s] Level 1:colcon.colcon_core.environment:checking '/home/waleed/ros2pratice/level2/2_URDFLauncher/selfbalance_ws/install/selfbalance_description/lib/python3.10/site-packages'
[12.706s] Level 1:colcon.colcon_core.environment:checking '/home/waleed/ros2pratice/level2/2_URDFLauncher/selfbalance_ws/install/selfbalance_description/bin'
[12.775s] INFO:colcon.colcon_core.shell:Creating package script '/home/waleed/ros2pratice/level2/2_URDFLauncher/selfbalance_ws/install/selfbalance_description/share/selfbalance_description/package.ps1'
[12.777s] INFO:colcon.colcon_core.shell:Creating package descriptor '/home/waleed/ros2pratice/level2/2_URDFLauncher/selfbalance_ws/install/selfbalance_description/share/selfbalance_description/package.dsv'
[12.779s] INFO:colcon.colcon_core.shell:Creating package script '/home/waleed/ros2pratice/level2/2_URDFLauncher/selfbalance_ws/install/selfbalance_description/share/selfbalance_description/package.sh'
[12.780s] INFO:colcon.colcon_core.shell:Creating package script '/home/waleed/ros2pratice/level2/2_URDFLauncher/selfbalance_ws/install/selfbalance_description/share/selfbalance_description/package.bash'
[12.782s] INFO:colcon.colcon_core.shell:Creating package script '/home/waleed/ros2pratice/level2/2_URDFLauncher/selfbalance_ws/install/selfbalance_description/share/selfbalance_description/package.zsh'
[12.783s] Level 1:colcon.colcon_core.environment:create_file_with_runtime_dependencies(/home/waleed/ros2pratice/level2/2_URDFLauncher/selfbalance_ws/install/selfbalance_description/share/colcon-core/packages/selfbalance_description)
[12.979s] Level 1:colcon.colcon_core.environment:create_environment_scripts_only(selfbalance_description)
[13.049s] Level 1:colcon.colcon_core.environment:checking '/home/waleed/ros2pratice/level2/2_URDFLauncher/selfbalance_ws/install/selfbalance_description' for CMake module files
[13.051s] Level 1:colcon.colcon_core.environment:checking '/home/waleed/ros2pratice/level2/2_URDFLauncher/selfbalance_ws/install/selfbalance_description' for CMake config files
[13.051s] Level 1:colcon.colcon_core.shell:create_environment_hook('selfbalance_description', 'cmake_prefix_path')
[13.155s] INFO:colcon.colcon_core.shell:Creating environment hook '/home/waleed/ros2pratice/level2/2_URDFLauncher/selfbalance_ws/install/selfbalance_description/share/selfbalance_description/hook/cmake_prefix_path.ps1'
[13.156s] INFO:colcon.colcon_core.shell:Creating environment descriptor '/home/waleed/ros2pratice/level2/2_URDFLauncher/selfbalance_ws/install/selfbalance_description/share/selfbalance_description/hook/cmake_prefix_path.dsv'
[13.157s] INFO:colcon.colcon_core.shell:Creating environment hook '/home/waleed/ros2pratice/level2/2_URDFLauncher/selfbalance_ws/install/selfbalance_description/share/selfbalance_description/hook/cmake_prefix_path.sh'
[13.159s] Level 1:colcon.colcon_core.environment:checking '/home/waleed/ros2pratice/level2/2_URDFLauncher/selfbalance_ws/install/selfbalance_description/bin'
[13.159s] Level 1:colcon.colcon_core.environment:checking '/home/waleed/ros2pratice/level2/2_URDFLauncher/selfbalance_ws/install/selfbalance_description/lib/pkgconfig/selfbalance_description.pc'
[13.159s] Level 1:colcon.colcon_core.environment:checking '/home/waleed/ros2pratice/level2/2_URDFLauncher/selfbalance_ws/install/selfbalance_description/lib/python3.10/site-packages'
[13.160s] Level 1:colcon.colcon_core.environment:checking '/home/waleed/ros2pratice/level2/2_URDFLauncher/selfbalance_ws/install/selfbalance_description/bin'
[13.224s] INFO:colcon.colcon_core.shell:Creating package script '/home/waleed/ros2pratice/level2/2_URDFLauncher/selfbalance_ws/install/selfbalance_description/share/selfbalance_description/package.ps1'
[13.227s] INFO:colcon.colcon_core.shell:Creating package descriptor '/home/waleed/ros2pratice/level2/2_URDFLauncher/selfbalance_ws/install/selfbalance_description/share/selfbalance_description/package.dsv'
[13.229s] INFO:colcon.colcon_core.shell:Creating package script '/home/waleed/ros2pratice/level2/2_URDFLauncher/selfbalance_ws/install/selfbalance_description/share/selfbalance_description/package.sh'
[13.230s] INFO:colcon.colcon_core.shell:Creating package script '/home/waleed/ros2pratice/level2/2_URDFLauncher/selfbalance_ws/install/selfbalance_description/share/selfbalance_description/package.bash'
[13.232s] INFO:colcon.colcon_core.shell:Creating package script '/home/waleed/ros2pratice/level2/2_URDFLauncher/selfbalance_ws/install/selfbalance_description/share/selfbalance_description/package.zsh'
[13.233s] Level 1:colcon.colcon_core.environment:create_file_with_runtime_dependencies(/home/waleed/ros2pratice/level2/2_URDFLauncher/selfbalance_ws/install/selfbalance_description/share/colcon-core/packages/selfbalance_description)
[13.233s] DEBUG:colcon.colcon_parallel_executor.executor.parallel:closing loop
[13.235s] DEBUG:colcon.colcon_parallel_executor.executor.parallel:loop closed
[13.235s] DEBUG:colcon.colcon_parallel_executor.executor.parallel:run_until_complete finished with '0'
[13.236s] DEBUG:colcon.colcon_core.event_reactor:joining thread
[13.404s] INFO:colcon.colcon_core.plugin_system:Skipping extension 'colcon_notification.desktop_notification.notify_send': Could not find 'notify-send'
[13.404s] INFO:colcon.colcon_core.plugin_system:Skipping extension 'colcon_notification.desktop_notification.terminal_notifier': Not used on non-Darwin systems
[13.404s] INFO:colcon.colcon_core.plugin_system:Skipping extension 'colcon_notification.desktop_notification.win32': Not used on non-Windows systems
[13.405s] INFO:colcon.colcon_notification.desktop_notification:Sending desktop notification using 'notify2'
[13.407s] DEBUG:colcon.colcon_notification.desktop_notification.notify2:Failed to initialize notify2: org.freedesktop.DBus.Error.ServiceUnknown: The name org.freedesktop.Notifications was not provided by any .service files
[13.408s] DEBUG:colcon.colcon_core.event_reactor:joined thread
[13.482s] INFO:colcon.colcon_core.shell:Creating prefix script '/home/waleed/ros2pratice/level2/2_URDFLauncher/selfbalance_ws/install/local_setup.ps1'
[13.484s] INFO:colcon.colcon_core.shell:Creating prefix util module '/home/waleed/ros2pratice/level2/2_URDFLauncher/selfbalance_ws/install/_local_setup_util_ps1.py'
[13.488s] INFO:colcon.colcon_core.shell:Creating prefix chain script '/home/waleed/ros2pratice/level2/2_URDFLauncher/selfbalance_ws/install/setup.ps1'
[13.547s] INFO:colcon.colcon_core.shell:Creating prefix script '/home/waleed/ros2pratice/level2/2_URDFLauncher/selfbalance_ws/install/local_setup.sh'
[13.549s] INFO:colcon.colcon_core.shell:Creating prefix util module '/home/waleed/ros2pratice/level2/2_URDFLauncher/selfbalance_ws/install/_local_setup_util_sh.py'
[13.551s] INFO:colcon.colcon_core.shell:Creating prefix chain script '/home/waleed/ros2pratice/level2/2_URDFLauncher/selfbalance_ws/install/setup.sh'
[13.609s] INFO:colcon.colcon_core.shell:Creating prefix script '/home/waleed/ros2pratice/level2/2_URDFLauncher/selfbalance_ws/install/local_setup.bash'
[13.611s] INFO:colcon.colcon_core.shell:Creating prefix chain script '/home/waleed/ros2pratice/level2/2_URDFLauncher/selfbalance_ws/install/setup.bash'
[13.668s] INFO:colcon.colcon_core.shell:Creating prefix script '/home/waleed/ros2pratice/level2/2_URDFLauncher/selfbalance_ws/install/local_setup.zsh'
[13.669s] INFO:colcon.colcon_core.shell:Creating prefix chain script '/home/waleed/ros2pratice/level2/2_URDFLauncher/selfbalance_ws/install/setup.zsh'
