[16.505s] DEBUG:colcon:Command line arguments: ['/usr/bin/colcon', 'list', '-p', '--base-paths', '/home/waleed/ros2pratice/level2/myrobot_ws']
[16.518s] DEBUG:colcon:Parsed command line arguments: Namespace(log_base=None, log_level=None, verb_name='list', build_base='build', ignore_user_meta=False, metas=['./colcon.meta'], base_paths=['/home/waleed/ros2pratice/level2/myrobot_ws'], packages_ignore=None, packages_ignore_regex=None, paths=None, packages_up_to=None, packages_up_to_regex=None, packages_above=None, packages_above_and_dependencies=None, packages_above_depth=None, packages_select_by_dep=None, packages_skip_by_dep=None, packages_skip_up_to=None, packages_select_build_failed=False, packages_skip_build_finished=False, packages_select_test_failures=False, packages_skip_test_passed=False, packages_select=None, packages_skip=None, packages_select_regex=None, packages_skip_regex=None, packages_start=None, packages_end=None, allow_overriding=[], topological_order=False, names_only=False, paths_only=True, topological_graph=False, topological_graph_dot=False, topological_graph_density=False, topological_graph_legend=False, topological_graph_dot_cluster=False, topological_graph_dot_include_skipped=False, verb_parser=<colcon_defaults.argument_parser.defaults.DefaultArgumentsDecorator object at 0x7f0423707040>, verb_extension=<colcon_package_information.verb.list.ListVerb object at 0x7f04237071f0>, main=<bound method ListVerb.main of <colcon_package_information.verb.list.ListVerb object at 0x7f04237071f0>>)
[17.151s] Level 1:colcon.colcon_core.package_discovery:discover_packages(colcon_meta) check parameters
[17.151s] Level 1:colcon.colcon_core.package_discovery:discover_packages(recursive) check parameters
[17.151s] Level 1:colcon.colcon_core.package_discovery:discover_packages(ignore) check parameters
[17.151s] Level 1:colcon.colcon_core.package_discovery:discover_packages(path) check parameters
[17.151s] Level 1:colcon.colcon_core.package_discovery:discover_packages(recursive) discover
[17.151s] INFO:colcon.colcon_core.package_discovery:Crawling recursively for packages in '/home/waleed/ros2pratice/level2/myrobot_ws'
[17.152s] Level 1:colcon.colcon_core.package_identification:_identify(/home/waleed/ros2pratice/level2/myrobot_ws) by extensions ['ignore', 'ignore_ament_install']
[17.152s] Level 1:colcon.colcon_core.package_identification:_identify(/home/waleed/ros2pratice/level2/myrobot_ws) by extension 'ignore'
[17.152s] Level 1:colcon.colcon_core.package_identification:_identify(/home/waleed/ros2pratice/level2/myrobot_ws) by extension 'ignore_ament_install'
[17.152s] Level 1:colcon.colcon_core.package_identification:_identify(/home/waleed/ros2pratice/level2/myrobot_ws) by extensions ['colcon_pkg']
[17.152s] Level 1:colcon.colcon_core.package_identification:_identify(/home/waleed/ros2pratice/level2/myrobot_ws) by extension 'colcon_pkg'
[17.152s] Level 1:colcon.colcon_core.package_identification:_identify(/home/waleed/ros2pratice/level2/myrobot_ws) by extensions ['colcon_meta']
[17.152s] Level 1:colcon.colcon_core.package_identification:_identify(/home/waleed/ros2pratice/level2/myrobot_ws) by extension 'colcon_meta'
[17.153s] Level 1:colcon.colcon_core.package_identification:_identify(/home/waleed/ros2pratice/level2/myrobot_ws) by extensions ['ros']
[17.153s] Level 1:colcon.colcon_core.package_identification:_identify(/home/waleed/ros2pratice/level2/myrobot_ws) by extension 'ros'
[17.251s] Level 1:colcon.colcon_core.package_identification:_identify(/home/waleed/ros2pratice/level2/myrobot_ws) by extensions ['cmake', 'python']
[17.251s] Level 1:colcon.colcon_core.package_identification:_identify(/home/waleed/ros2pratice/level2/myrobot_ws) by extension 'cmake'
[17.251s] Level 1:colcon.colcon_core.package_identification:_identify(/home/waleed/ros2pratice/level2/myrobot_ws) by extension 'python'
[17.251s] Level 1:colcon.colcon_core.package_identification:_identify(/home/waleed/ros2pratice/level2/myrobot_ws) by extensions ['python_setup_py']
[17.251s] Level 1:colcon.colcon_core.package_identification:_identify(/home/waleed/ros2pratice/level2/myrobot_ws) by extension 'python_setup_py'
[17.252s] Level 1:colcon.colcon_core.package_identification:_identify(/home/waleed/ros2pratice/level2/myrobot_ws/build) by extensions ['ignore', 'ignore_ament_install']
[17.252s] Level 1:colcon.colcon_core.package_identification:_identify(/home/waleed/ros2pratice/level2/myrobot_ws/build) by extension 'ignore'
[17.252s] Level 1:colcon.colcon_core.package_identification:_identify(/home/waleed/ros2pratice/level2/myrobot_ws/build) ignored
[17.263s] Level 1:colcon.colcon_core.package_identification:_identify(/home/waleed/ros2pratice/level2/myrobot_ws/install) by extensions ['ignore', 'ignore_ament_install']
[17.264s] Level 1:colcon.colcon_core.package_identification:_identify(/home/waleed/ros2pratice/level2/myrobot_ws/install) by extension 'ignore'
[17.264s] Level 1:colcon.colcon_core.package_identification:_identify(/home/waleed/ros2pratice/level2/myrobot_ws/install) ignored
[17.264s] Level 1:colcon.colcon_core.package_identification:_identify(/home/waleed/ros2pratice/level2/myrobot_ws/log) by extensions ['ignore', 'ignore_ament_install']
[17.265s] Level 1:colcon.colcon_core.package_identification:_identify(/home/waleed/ros2pratice/level2/myrobot_ws/log) by extension 'ignore'
[17.265s] Level 1:colcon.colcon_core.package_identification:_identify(/home/waleed/ros2pratice/level2/myrobot_ws/log) ignored
[17.265s] Level 1:colcon.colcon_core.package_identification:_identify(/home/waleed/ros2pratice/level2/myrobot_ws/src) by extensions ['ignore', 'ignore_ament_install']
[17.265s] Level 1:colcon.colcon_core.package_identification:_identify(/home/waleed/ros2pratice/level2/myrobot_ws/src) by extension 'ignore'
[17.266s] Level 1:colcon.colcon_core.package_identification:_identify(/home/waleed/ros2pratice/level2/myrobot_ws/src) by extension 'ignore_ament_install'
[17.266s] Level 1:colcon.colcon_core.package_identification:_identify(/home/waleed/ros2pratice/level2/myrobot_ws/src) by extensions ['colcon_pkg']
[17.266s] Level 1:colcon.colcon_core.package_identification:_identify(/home/waleed/ros2pratice/level2/myrobot_ws/src) by extension 'colcon_pkg'
[17.266s] Level 1:colcon.colcon_core.package_identification:_identify(/home/waleed/ros2pratice/level2/myrobot_ws/src) by extensions ['colcon_meta']
[17.266s] Level 1:colcon.colcon_core.package_identification:_identify(/home/waleed/ros2pratice/level2/myrobot_ws/src) by extension 'colcon_meta'
[17.266s] Level 1:colcon.colcon_core.package_identification:_identify(/home/waleed/ros2pratice/level2/myrobot_ws/src) by extensions ['ros']
[17.266s] Level 1:colcon.colcon_core.package_identification:_identify(/home/waleed/ros2pratice/level2/myrobot_ws/src) by extension 'ros'
[17.266s] Level 1:colcon.colcon_core.package_identification:_identify(/home/waleed/ros2pratice/level2/myrobot_ws/src) by extensions ['cmake', 'python']
[17.266s] Level 1:colcon.colcon_core.package_identification:_identify(/home/waleed/ros2pratice/level2/myrobot_ws/src) by extension 'cmake'
[17.266s] Level 1:colcon.colcon_core.package_identification:_identify(/home/waleed/ros2pratice/level2/myrobot_ws/src) by extension 'python'
[17.267s] Level 1:colcon.colcon_core.package_identification:_identify(/home/waleed/ros2pratice/level2/myrobot_ws/src) by extensions ['python_setup_py']
[17.267s] Level 1:colcon.colcon_core.package_identification:_identify(/home/waleed/ros2pratice/level2/myrobot_ws/src) by extension 'python_setup_py'
[17.267s] Level 1:colcon.colcon_core.package_identification:_identify(/home/waleed/ros2pratice/level2/myrobot_ws/src/build) by extensions ['ignore', 'ignore_ament_install']
[17.267s] Level 1:colcon.colcon_core.package_identification:_identify(/home/waleed/ros2pratice/level2/myrobot_ws/src/build) by extension 'ignore'
[17.267s] Level 1:colcon.colcon_core.package_identification:_identify(/home/waleed/ros2pratice/level2/myrobot_ws/src/build) ignored
[17.267s] Level 1:colcon.colcon_core.package_identification:_identify(/home/waleed/ros2pratice/level2/myrobot_ws/src/install) by extensions ['ignore', 'ignore_ament_install']
[17.268s] Level 1:colcon.colcon_core.package_identification:_identify(/home/waleed/ros2pratice/level2/myrobot_ws/src/install) by extension 'ignore'
[17.268s] Level 1:colcon.colcon_core.package_identification:_identify(/home/waleed/ros2pratice/level2/myrobot_ws/src/install) ignored
[17.268s] Level 1:colcon.colcon_core.package_identification:_identify(/home/waleed/ros2pratice/level2/myrobot_ws/src/log) by extensions ['ignore', 'ignore_ament_install']
[17.279s] Level 1:colcon.colcon_core.package_identification:_identify(/home/waleed/ros2pratice/level2/myrobot_ws/src/log) by extension 'ignore'
[17.279s] Level 1:colcon.colcon_core.package_identification:_identify(/home/waleed/ros2pratice/level2/myrobot_ws/src/log) ignored
[17.280s] Level 1:colcon.colcon_core.package_identification:_identify(/home/waleed/ros2pratice/level2/myrobot_ws/src/test_description) by extensions ['ignore', 'ignore_ament_install']
[17.280s] Level 1:colcon.colcon_core.package_identification:_identify(/home/waleed/ros2pratice/level2/myrobot_ws/src/test_description) by extension 'ignore'
[17.280s] Level 1:colcon.colcon_core.package_identification:_identify(/home/waleed/ros2pratice/level2/myrobot_ws/src/test_description) by extension 'ignore_ament_install'
[17.280s] Level 1:colcon.colcon_core.package_identification:_identify(/home/waleed/ros2pratice/level2/myrobot_ws/src/test_description) by extensions ['colcon_pkg']
[17.280s] Level 1:colcon.colcon_core.package_identification:_identify(/home/waleed/ros2pratice/level2/myrobot_ws/src/test_description) by extension 'colcon_pkg'
[17.281s] Level 1:colcon.colcon_core.package_identification:_identify(/home/waleed/ros2pratice/level2/myrobot_ws/src/test_description) by extensions ['colcon_meta']
[17.281s] Level 1:colcon.colcon_core.package_identification:_identify(/home/waleed/ros2pratice/level2/myrobot_ws/src/test_description) by extension 'colcon_meta'
[17.281s] Level 1:colcon.colcon_core.package_identification:_identify(/home/waleed/ros2pratice/level2/myrobot_ws/src/test_description) by extensions ['ros']
[17.281s] Level 1:colcon.colcon_core.package_identification:_identify(/home/waleed/ros2pratice/level2/myrobot_ws/src/test_description) by extension 'ros'
[17.297s] DEBUG:colcon.colcon_core.package_identification:Package '/home/waleed/ros2pratice/level2/myrobot_ws/src/test_description' with type 'ros.ament_cmake' and name 'test_description'
[17.297s] Level 1:colcon.colcon_core.package_discovery:discover_packages(recursive) using defaults
