[5.637s] DEBUG:colcon:Command line arguments: ['/usr/bin/colcon', 'list', '-p', '--base-paths', '/home/waleed/ros2pratice/level2/myrobot_ws']
[5.637s] DEBUG:colcon:Parsed command line arguments: Namespace(log_base=None, log_level=None, verb_name='list', build_base='build', ignore_user_meta=False, metas=['./colcon.meta'], base_paths=['/home/waleed/ros2pratice/level2/myrobot_ws'], packages_ignore=None, packages_ignore_regex=None, paths=None, packages_up_to=None, packages_up_to_regex=None, packages_above=None, packages_above_and_dependencies=None, packages_above_depth=None, packages_select_by_dep=None, packages_skip_by_dep=None, packages_skip_up_to=None, packages_select_build_failed=False, packages_skip_build_finished=False, packages_select_test_failures=False, packages_skip_test_passed=False, packages_select=None, packages_skip=None, packages_select_regex=None, packages_skip_regex=None, packages_start=None, packages_end=None, allow_overriding=[], topological_order=False, names_only=False, paths_only=True, topological_graph=False, topological_graph_dot=False, topological_graph_density=False, topological_graph_legend=False, topological_graph_dot_cluster=False, topological_graph_dot_include_skipped=False, verb_parser=<colcon_defaults.argument_parser.defaults.DefaultArgumentsDecorator object at 0x7f160e7ba140>, verb_extension=<colcon_package_information.verb.list.ListVerb object at 0x7f160e7bb250>, main=<bound method ListVerb.main of <colcon_package_information.verb.list.ListVerb object at 0x7f160e7bb250>>)
[5.845s] Level 1:colcon.colcon_core.package_discovery:discover_packages(colcon_meta) check parameters
[5.846s] Level 1:colcon.colcon_core.package_discovery:discover_packages(recursive) check parameters
[5.846s] Level 1:colcon.colcon_core.package_discovery:discover_packages(ignore) check parameters
[5.846s] Level 1:colcon.colcon_core.package_discovery:discover_packages(path) check parameters
[5.846s] Level 1:colcon.colcon_core.package_discovery:discover_packages(recursive) discover
[5.846s] INFO:colcon.colcon_core.package_discovery:Crawling recursively for packages in '/home/waleed/ros2pratice/level2/myrobot_ws'
[5.847s] Level 1:colcon.colcon_core.package_identification:_identify(/home/waleed/ros2pratice/level2/myrobot_ws) by extensions ['ignore', 'ignore_ament_install']
[5.847s] Level 1:colcon.colcon_core.package_identification:_identify(/home/waleed/ros2pratice/level2/myrobot_ws) by extension 'ignore'
[5.847s] Level 1:colcon.colcon_core.package_identification:_identify(/home/waleed/ros2pratice/level2/myrobot_ws) by extension 'ignore_ament_install'
[5.847s] Level 1:colcon.colcon_core.package_identification:_identify(/home/waleed/ros2pratice/level2/myrobot_ws) by extensions ['colcon_pkg']
[5.847s] Level 1:colcon.colcon_core.package_identification:_identify(/home/waleed/ros2pratice/level2/myrobot_ws) by extension 'colcon_pkg'
[5.847s] Level 1:colcon.colcon_core.package_identification:_identify(/home/waleed/ros2pratice/level2/myrobot_ws) by extensions ['colcon_meta']
[5.847s] Level 1:colcon.colcon_core.package_identification:_identify(/home/waleed/ros2pratice/level2/myrobot_ws) by extension 'colcon_meta'
[5.848s] Level 1:colcon.colcon_core.package_identification:_identify(/home/waleed/ros2pratice/level2/myrobot_ws) by extensions ['ros']
[5.848s] Level 1:colcon.colcon_core.package_identification:_identify(/home/waleed/ros2pratice/level2/myrobot_ws) by extension 'ros'
[5.887s] Level 1:colcon.colcon_core.package_identification:_identify(/home/waleed/ros2pratice/level2/myrobot_ws) by extensions ['cmake', 'python']
[5.887s] Level 1:colcon.colcon_core.package_identification:_identify(/home/waleed/ros2pratice/level2/myrobot_ws) by extension 'cmake'
[5.887s] Level 1:colcon.colcon_core.package_identification:_identify(/home/waleed/ros2pratice/level2/myrobot_ws) by extension 'python'
[5.887s] Level 1:colcon.colcon_core.package_identification:_identify(/home/waleed/ros2pratice/level2/myrobot_ws) by extensions ['python_setup_py']
[5.887s] Level 1:colcon.colcon_core.package_identification:_identify(/home/waleed/ros2pratice/level2/myrobot_ws) by extension 'python_setup_py'
[5.888s] Level 1:colcon.colcon_core.package_identification:_identify(/home/waleed/ros2pratice/level2/myrobot_ws/build) by extensions ['ignore', 'ignore_ament_install']
[5.888s] Level 1:colcon.colcon_core.package_identification:_identify(/home/waleed/ros2pratice/level2/myrobot_ws/build) by extension 'ignore'
[5.888s] Level 1:colcon.colcon_core.package_identification:_identify(/home/waleed/ros2pratice/level2/myrobot_ws/build) ignored
[5.888s] Level 1:colcon.colcon_core.package_identification:_identify(/home/waleed/ros2pratice/level2/myrobot_ws/install) by extensions ['ignore', 'ignore_ament_install']
[5.889s] Level 1:colcon.colcon_core.package_identification:_identify(/home/waleed/ros2pratice/level2/myrobot_ws/install) by extension 'ignore'
[5.889s] Level 1:colcon.colcon_core.package_identification:_identify(/home/waleed/ros2pratice/level2/myrobot_ws/install) ignored
[5.889s] Level 1:colcon.colcon_core.package_identification:_identify(/home/waleed/ros2pratice/level2/myrobot_ws/log) by extensions ['ignore', 'ignore_ament_install']
[5.889s] Level 1:colcon.colcon_core.package_identification:_identify(/home/waleed/ros2pratice/level2/myrobot_ws/log) by extension 'ignore'
[5.889s] Level 1:colcon.colcon_core.package_identification:_identify(/home/waleed/ros2pratice/level2/myrobot_ws/log) ignored
[5.889s] Level 1:colcon.colcon_core.package_identification:_identify(/home/waleed/ros2pratice/level2/myrobot_ws/src) by extensions ['ignore', 'ignore_ament_install']
[5.889s] Level 1:colcon.colcon_core.package_identification:_identify(/home/waleed/ros2pratice/level2/myrobot_ws/src) by extension 'ignore'
[5.889s] Level 1:colcon.colcon_core.package_identification:_identify(/home/waleed/ros2pratice/level2/myrobot_ws/src) by extension 'ignore_ament_install'
[5.889s] Level 1:colcon.colcon_core.package_identification:_identify(/home/waleed/ros2pratice/level2/myrobot_ws/src) by extensions ['colcon_pkg']
[5.889s] Level 1:colcon.colcon_core.package_identification:_identify(/home/waleed/ros2pratice/level2/myrobot_ws/src) by extension 'colcon_pkg'
[5.889s] Level 1:colcon.colcon_core.package_identification:_identify(/home/waleed/ros2pratice/level2/myrobot_ws/src) by extensions ['colcon_meta']
[5.890s] Level 1:colcon.colcon_core.package_identification:_identify(/home/waleed/ros2pratice/level2/myrobot_ws/src) by extension 'colcon_meta'
[5.890s] Level 1:colcon.colcon_core.package_identification:_identify(/home/waleed/ros2pratice/level2/myrobot_ws/src) by extensions ['ros']
[5.890s] Level 1:colcon.colcon_core.package_identification:_identify(/home/waleed/ros2pratice/level2/myrobot_ws/src) by extension 'ros'
[5.890s] Level 1:colcon.colcon_core.package_identification:_identify(/home/waleed/ros2pratice/level2/myrobot_ws/src) by extensions ['cmake', 'python']
[5.890s] Level 1:colcon.colcon_core.package_identification:_identify(/home/waleed/ros2pratice/level2/myrobot_ws/src) by extension 'cmake'
[5.890s] Level 1:colcon.colcon_core.package_identification:_identify(/home/waleed/ros2pratice/level2/myrobot_ws/src) by extension 'python'
[5.890s] Level 1:colcon.colcon_core.package_identification:_identify(/home/waleed/ros2pratice/level2/myrobot_ws/src) by extensions ['python_setup_py']
[5.890s] Level 1:colcon.colcon_core.package_identification:_identify(/home/waleed/ros2pratice/level2/myrobot_ws/src) by extension 'python_setup_py'
[5.890s] Level 1:colcon.colcon_core.package_identification:_identify(/home/waleed/ros2pratice/level2/myrobot_ws/src/test_description) by extensions ['ignore', 'ignore_ament_install']
[5.890s] Level 1:colcon.colcon_core.package_identification:_identify(/home/waleed/ros2pratice/level2/myrobot_ws/src/test_description) by extension 'ignore'
[5.890s] Level 1:colcon.colcon_core.package_identification:_identify(/home/waleed/ros2pratice/level2/myrobot_ws/src/test_description) by extension 'ignore_ament_install'
[5.890s] Level 1:colcon.colcon_core.package_identification:_identify(/home/waleed/ros2pratice/level2/myrobot_ws/src/test_description) by extensions ['colcon_pkg']
[5.890s] Level 1:colcon.colcon_core.package_identification:_identify(/home/waleed/ros2pratice/level2/myrobot_ws/src/test_description) by extension 'colcon_pkg'
[5.890s] Level 1:colcon.colcon_core.package_identification:_identify(/home/waleed/ros2pratice/level2/myrobot_ws/src/test_description) by extensions ['colcon_meta']
[5.891s] Level 1:colcon.colcon_core.package_identification:_identify(/home/waleed/ros2pratice/level2/myrobot_ws/src/test_description) by extension 'colcon_meta'
[5.891s] Level 1:colcon.colcon_core.package_identification:_identify(/home/waleed/ros2pratice/level2/myrobot_ws/src/test_description) by extensions ['ros']
[5.891s] Level 1:colcon.colcon_core.package_identification:_identify(/home/waleed/ros2pratice/level2/myrobot_ws/src/test_description) by extension 'ros'
[5.894s] DEBUG:colcon.colcon_core.package_identification:Package '/home/waleed/ros2pratice/level2/myrobot_ws/src/test_description' with type 'ros.ament_cmake' and name 'test_description'
[5.894s] Level 1:colcon.colcon_core.package_discovery:discover_packages(recursive) using defaults
