[3.169s] DEBUG:colcon:Command line arguments: ['/usr/bin/colcon', 'build']
[3.169s] DEBUG:colcon:Parsed command line arguments: Namespace(log_base=None, log_level=None, verb_name='build', build_base='build', install_base='install', merge_install=False, symlink_install=False, test_result_base=None, continue_on_error=False, executor='parallel', parallel_workers=4, event_handlers=None, ignore_user_meta=False, metas=['./colcon.meta'], base_paths=['.'], packages_ignore=None, packages_ignore_regex=None, paths=None, packages_up_to=None, packages_up_to_regex=None, packages_above=None, packages_above_and_dependencies=None, packages_above_depth=None, packages_select_by_dep=None, packages_skip_by_dep=None, packages_skip_up_to=None, packages_select_build_failed=False, packages_skip_build_finished=False, packages_select_test_failures=False, packages_skip_test_passed=False, packages_select=None, packages_skip=None, packages_select_regex=None, packages_skip_regex=None, packages_start=None, packages_end=None, allow_overriding=[], cmake_args=None, cmake_target=None, cmake_target_skip_unavailable=False, cmake_clean_cache=False, cmake_clean_first=False, cmake_force_configure=False, ament_cmake_args=None, catkin_cmake_args=None, catkin_skip_building_tests=False, verb_parser=<colcon_defaults.argument_parser.defaults.DefaultArgumentsDecorator object at 0x7f53bccefd60>, verb_extension=<colcon_core.verb.build.BuildVerb object at 0x7f53bd1a84f0>, main=<bound method BuildVerb.main of <colcon_core.verb.build.BuildVerb object at 0x7f53bd1a84f0>>)
[3.415s] Level 1:colcon.colcon_core.package_discovery:discover_packages(colcon_meta) check parameters
[3.415s] Level 1:colcon.colcon_core.package_discovery:discover_packages(recursive) check parameters
[3.416s] Level 1:colcon.colcon_core.package_discovery:discover_packages(ignore) check parameters
[3.416s] Level 1:colcon.colcon_core.package_discovery:discover_packages(path) check parameters
[3.416s] Level 1:colcon.colcon_core.package_discovery:discover_packages(colcon_meta) discover
[3.416s] Level 1:colcon.colcon_core.package_discovery:discover_packages(recursive) discover
[3.416s] INFO:colcon.colcon_core.package_discovery:Crawling recursively for packages in '/home/waleed/ros2pratice/level2/myrobot_ws'
[3.416s] Level 1:colcon.colcon_core.package_identification:_identify(.) by extensions ['ignore', 'ignore_ament_install']
[3.416s] Level 1:colcon.colcon_core.package_identification:_identify(.) by extension 'ignore'
[3.416s] Level 1:colcon.colcon_core.package_identification:_identify(.) by extension 'ignore_ament_install'
[3.417s] Level 1:colcon.colcon_core.package_identification:_identify(.) by extensions ['colcon_pkg']
[3.417s] Level 1:colcon.colcon_core.package_identification:_identify(.) by extension 'colcon_pkg'
[3.417s] Level 1:colcon.colcon_core.package_identification:_identify(.) by extensions ['colcon_meta']
[3.417s] Level 1:colcon.colcon_core.package_identification:_identify(.) by extension 'colcon_meta'
[3.417s] Level 1:colcon.colcon_core.package_identification:_identify(.) by extensions ['ros']
[3.417s] Level 1:colcon.colcon_core.package_identification:_identify(.) by extension 'ros'
[3.439s] Level 1:colcon.colcon_core.package_identification:_identify(.) by extensions ['cmake', 'python']
[3.440s] Level 1:colcon.colcon_core.package_identification:_identify(.) by extension 'cmake'
[3.440s] Level 1:colcon.colcon_core.package_identification:_identify(.) by extension 'python'
[3.441s] Level 1:colcon.colcon_core.package_identification:_identify(.) by extensions ['python_setup_py']
[3.441s] Level 1:colcon.colcon_core.package_identification:_identify(.) by extension 'python_setup_py'
[3.441s] Level 1:colcon.colcon_core.package_identification:_identify(build) by extensions ['ignore', 'ignore_ament_install']
[3.441s] Level 1:colcon.colcon_core.package_identification:_identify(build) by extension 'ignore'
[3.441s] Level 1:colcon.colcon_core.package_identification:_identify(build) ignored
[3.442s] Level 1:colcon.colcon_core.package_identification:_identify(install) by extensions ['ignore', 'ignore_ament_install']
[3.442s] Level 1:colcon.colcon_core.package_identification:_identify(install) by extension 'ignore'
[3.442s] Level 1:colcon.colcon_core.package_identification:_identify(install) ignored
[3.442s] Level 1:colcon.colcon_core.package_identification:_identify(log) by extensions ['ignore', 'ignore_ament_install']
[3.443s] Level 1:colcon.colcon_core.package_identification:_identify(log) by extension 'ignore'
[3.443s] Level 1:colcon.colcon_core.package_identification:_identify(log) ignored
[3.443s] Level 1:colcon.colcon_core.package_identification:_identify(src) by extensions ['ignore', 'ignore_ament_install']
[3.443s] Level 1:colcon.colcon_core.package_identification:_identify(src) by extension 'ignore'
[3.443s] Level 1:colcon.colcon_core.package_identification:_identify(src) by extension 'ignore_ament_install'
[3.443s] Level 1:colcon.colcon_core.package_identification:_identify(src) by extensions ['colcon_pkg']
[3.443s] Level 1:colcon.colcon_core.package_identification:_identify(src) by extension 'colcon_pkg'
[3.444s] Level 1:colcon.colcon_core.package_identification:_identify(src) by extensions ['colcon_meta']
[3.444s] Level 1:colcon.colcon_core.package_identification:_identify(src) by extension 'colcon_meta'
[3.444s] Level 1:colcon.colcon_core.package_identification:_identify(src) by extensions ['ros']
[3.444s] Level 1:colcon.colcon_core.package_identification:_identify(src) by extension 'ros'
[3.444s] Level 1:colcon.colcon_core.package_identification:_identify(src) by extensions ['cmake', 'python']
[3.444s] Level 1:colcon.colcon_core.package_identification:_identify(src) by extension 'cmake'
[3.444s] Level 1:colcon.colcon_core.package_identification:_identify(src) by extension 'python'
[3.444s] Level 1:colcon.colcon_core.package_identification:_identify(src) by extensions ['python_setup_py']
[3.444s] Level 1:colcon.colcon_core.package_identification:_identify(src) by extension 'python_setup_py'
[3.444s] Level 1:colcon.colcon_core.package_identification:_identify(src/test_description) by extensions ['ignore', 'ignore_ament_install']
[3.445s] Level 1:colcon.colcon_core.package_identification:_identify(src/test_description) by extension 'ignore'
[3.445s] Level 1:colcon.colcon_core.package_identification:_identify(src/test_description) by extension 'ignore_ament_install'
[3.445s] Level 1:colcon.colcon_core.package_identification:_identify(src/test_description) by extensions ['colcon_pkg']
[3.445s] Level 1:colcon.colcon_core.package_identification:_identify(src/test_description) by extension 'colcon_pkg'
[3.445s] Level 1:colcon.colcon_core.package_identification:_identify(src/test_description) by extensions ['colcon_meta']
[3.445s] Level 1:colcon.colcon_core.package_identification:_identify(src/test_description) by extension 'colcon_meta'
[3.445s] Level 1:colcon.colcon_core.package_identification:_identify(src/test_description) by extensions ['ros']
[3.445s] Level 1:colcon.colcon_core.package_identification:_identify(src/test_description) by extension 'ros'
[3.452s] DEBUG:colcon.colcon_core.package_identification:Package 'src/test_description' with type 'ros.ament_cmake' and name 'test_description'
[3.452s] Level 1:colcon.colcon_core.package_discovery:discover_packages(recursive) using defaults
[3.452s] Level 1:colcon.colcon_core.package_discovery:discover_packages(ignore) discover
[3.452s] Level 1:colcon.colcon_core.package_discovery:discover_packages(ignore) using defaults
[3.452s] Level 1:colcon.colcon_core.package_discovery:discover_packages(path) discover
[3.452s] Level 1:colcon.colcon_core.package_discovery:discover_packages(path) using defaults
[3.718s] Level 1:colcon.colcon_core.package_discovery:discover_packages(prefix_path) check parameters
[3.718s] Level 1:colcon.colcon_core.package_discovery:discover_packages(prefix_path) discover
[3.859s] DEBUG:colcon.colcon_installed_package_information.package_discovery:Found 4 installed packages in /home/waleed/ros2pratice/TAM_ws/install
[3.913s] DEBUG:colcon.colcon_installed_package_information.package_discovery:Found 1 installed packages in /home/waleed/ros2pratice/level2/myrobot_ws/install
[3.965s] DEBUG:colcon.colcon_installed_package_information.package_discovery:Found 5 installed packages in /home/waleed/ros2pratice/level1/level1_sumup/install
[4.007s] DEBUG:colcon.colcon_installed_package_information.package_discovery:Found 9 installed packages in /home/waleed/ros2pratice/level1/1_firstprog/install
[4.052s] DEBUG:colcon.colcon_installed_package_information.package_discovery:Found 298 installed packages in /opt/ros/humble
[4.054s] Level 1:colcon.colcon_core.package_discovery:discover_packages(prefix_path) using defaults
[4.384s] Level 5:colcon.colcon_core.verb:set package 'test_description' build argument 'cmake_args' from command line to 'None'
[4.384s] Level 5:colcon.colcon_core.verb:set package 'test_description' build argument 'cmake_target' from command line to 'None'
[4.384s] Level 5:colcon.colcon_core.verb:set package 'test_description' build argument 'cmake_target_skip_unavailable' from command line to 'False'
[4.384s] Level 5:colcon.colcon_core.verb:set package 'test_description' build argument 'cmake_clean_cache' from command line to 'False'
[4.384s] Level 5:colcon.colcon_core.verb:set package 'test_description' build argument 'cmake_clean_first' from command line to 'False'
[4.384s] Level 5:colcon.colcon_core.verb:set package 'test_description' build argument 'cmake_force_configure' from command line to 'False'
[4.384s] Level 5:colcon.colcon_core.verb:set package 'test_description' build argument 'ament_cmake_args' from command line to 'None'
[4.384s] Level 5:colcon.colcon_core.verb:set package 'test_description' build argument 'catkin_cmake_args' from command line to 'None'
[4.384s] Level 5:colcon.colcon_core.verb:set package 'test_description' build argument 'catkin_skip_building_tests' from command line to 'False'
[4.384s] DEBUG:colcon.colcon_core.verb:Building package 'test_description' with the following arguments: {'ament_cmake_args': None, 'build_base': '/home/waleed/ros2pratice/level2/myrobot_ws/build/test_description', 'catkin_cmake_args': None, 'catkin_skip_building_tests': False, 'cmake_args': None, 'cmake_clean_cache': False, 'cmake_clean_first': False, 'cmake_force_configure': False, 'cmake_target': None, 'cmake_target_skip_unavailable': False, 'install_base': '/home/waleed/ros2pratice/level2/myrobot_ws/install/test_description', 'merge_install': False, 'path': '/home/waleed/ros2pratice/level2/myrobot_ws/src/test_description', 'symlink_install': False, 'test_result_base': None}
[4.423s] INFO:colcon.colcon_core.executor:Executing jobs using 'parallel' executor
[4.464s] DEBUG:colcon.colcon_parallel_executor.executor.parallel:run_until_complete
[4.465s] INFO:colcon.colcon_ros.task.ament_cmake.build:Building ROS package in '/home/waleed/ros2pratice/level2/myrobot_ws/src/test_description' with build type 'ament_cmake'
[4.465s] INFO:colcon.colcon_cmake.task.cmake.build:Building CMake package in '/home/waleed/ros2pratice/level2/myrobot_ws/src/test_description'
[4.528s] INFO:colcon.colcon_core.plugin_system:Skipping extension 'colcon_core.shell.bat': Not used on non-Windows systems
[4.528s] INFO:colcon.colcon_core.shell:Skip shell extension 'powershell' for command environment: Not usable outside of PowerShell
[4.528s] DEBUG:colcon.colcon_core.shell:Skip shell extension 'dsv' for command environment
[4.932s] DEBUG:colcon.colcon_core.event_handler.log_command:Invoking command in '/home/waleed/ros2pratice/level2/myrobot_ws/build/test_description': CMAKE_PREFIX_PATH=${CMAKE_PREFIX_PATH}:/home/waleed/ros2pratice/TAM_ws/install/sim:/home/waleed/ros2pratice/TAM_ws/install/drawer:/home/waleed/ros2pratice/TAM_ws/install/TAM_draw:/home/waleed/ros2pratice/level1/level1_sumup/install/custom_test:/home/waleed/ros2pratice/level1/level1_sumup/install/SrvCli:/home/waleed/ros2pratice/level1/level1_sumup/install/PubSub:/home/waleed/ros2pratice/level1/1_firstprog/install/my_py_pkg:/opt/ros/humble /home/waleed/.local/bin/cmake --build /home/waleed/ros2pratice/level2/myrobot_ws/build/test_description -- -j4 -l4
[5.026s] DEBUG:colcon.colcon_core.event_handler.log_command:Invoked command in '/home/waleed/ros2pratice/level2/myrobot_ws/build/test_description' returned '0': CMAKE_PREFIX_PATH=${CMAKE_PREFIX_PATH}:/home/waleed/ros2pratice/TAM_ws/install/sim:/home/waleed/ros2pratice/TAM_ws/install/drawer:/home/waleed/ros2pratice/TAM_ws/install/TAM_draw:/home/waleed/ros2pratice/level1/level1_sumup/install/custom_test:/home/waleed/ros2pratice/level1/level1_sumup/install/SrvCli:/home/waleed/ros2pratice/level1/level1_sumup/install/PubSub:/home/waleed/ros2pratice/level1/1_firstprog/install/my_py_pkg:/opt/ros/humble /home/waleed/.local/bin/cmake --build /home/waleed/ros2pratice/level2/myrobot_ws/build/test_description -- -j4 -l4
[5.198s] DEBUG:colcon.colcon_core.event_handler.log_command:Invoking command in '/home/waleed/ros2pratice/level2/myrobot_ws/build/test_description': CMAKE_PREFIX_PATH=${CMAKE_PREFIX_PATH}:/home/waleed/ros2pratice/TAM_ws/install/sim:/home/waleed/ros2pratice/TAM_ws/install/drawer:/home/waleed/ros2pratice/TAM_ws/install/TAM_draw:/home/waleed/ros2pratice/level1/level1_sumup/install/custom_test:/home/waleed/ros2pratice/level1/level1_sumup/install/SrvCli:/home/waleed/ros2pratice/level1/level1_sumup/install/PubSub:/home/waleed/ros2pratice/level1/1_firstprog/install/my_py_pkg:/opt/ros/humble /home/waleed/.local/bin/cmake --install /home/waleed/ros2pratice/level2/myrobot_ws/build/test_description
[5.371s] Level 1:colcon.colcon_core.environment:create_environment_scripts_only(test_description)
[5.372s] DEBUG:colcon.colcon_core.event_handler.log_command:Invoked command in '/home/waleed/ros2pratice/level2/myrobot_ws/build/test_description' returned '0': CMAKE_PREFIX_PATH=${CMAKE_PREFIX_PATH}:/home/waleed/ros2pratice/TAM_ws/install/sim:/home/waleed/ros2pratice/TAM_ws/install/drawer:/home/waleed/ros2pratice/TAM_ws/install/TAM_draw:/home/waleed/ros2pratice/level1/level1_sumup/install/custom_test:/home/waleed/ros2pratice/level1/level1_sumup/install/SrvCli:/home/waleed/ros2pratice/level1/level1_sumup/install/PubSub:/home/waleed/ros2pratice/level1/1_firstprog/install/my_py_pkg:/opt/ros/humble /home/waleed/.local/bin/cmake --install /home/waleed/ros2pratice/level2/myrobot_ws/build/test_description
[5.434s] Level 1:colcon.colcon_core.environment:checking '/home/waleed/ros2pratice/level2/myrobot_ws/install/test_description' for CMake module files
[5.435s] Level 1:colcon.colcon_core.environment:checking '/home/waleed/ros2pratice/level2/myrobot_ws/install/test_description' for CMake config files
[5.436s] Level 1:colcon.colcon_core.shell:create_environment_hook('test_description', 'cmake_prefix_path')
[5.473s] INFO:colcon.colcon_core.shell:Creating environment hook '/home/waleed/ros2pratice/level2/myrobot_ws/install/test_description/share/test_description/hook/cmake_prefix_path.ps1'
[5.477s] INFO:colcon.colcon_core.shell:Creating environment descriptor '/home/waleed/ros2pratice/level2/myrobot_ws/install/test_description/share/test_description/hook/cmake_prefix_path.dsv'
[5.478s] INFO:colcon.colcon_core.shell:Creating environment hook '/home/waleed/ros2pratice/level2/myrobot_ws/install/test_description/share/test_description/hook/cmake_prefix_path.sh'
[5.481s] Level 1:colcon.colcon_core.environment:checking '/home/waleed/ros2pratice/level2/myrobot_ws/install/test_description/bin'
[5.481s] Level 1:colcon.colcon_core.environment:checking '/home/waleed/ros2pratice/level2/myrobot_ws/install/test_description/lib/pkgconfig/test_description.pc'
[5.483s] Level 1:colcon.colcon_core.environment:checking '/home/waleed/ros2pratice/level2/myrobot_ws/install/test_description/lib/python3.10/site-packages'
[5.483s] Level 1:colcon.colcon_core.environment:checking '/home/waleed/ros2pratice/level2/myrobot_ws/install/test_description/bin'
[5.536s] INFO:colcon.colcon_core.shell:Creating package script '/home/waleed/ros2pratice/level2/myrobot_ws/install/test_description/share/test_description/package.ps1'
[5.539s] INFO:colcon.colcon_core.shell:Creating package descriptor '/home/waleed/ros2pratice/level2/myrobot_ws/install/test_description/share/test_description/package.dsv'
[5.540s] INFO:colcon.colcon_core.shell:Creating package script '/home/waleed/ros2pratice/level2/myrobot_ws/install/test_description/share/test_description/package.sh'
[5.542s] INFO:colcon.colcon_core.shell:Creating package script '/home/waleed/ros2pratice/level2/myrobot_ws/install/test_description/share/test_description/package.bash'
[5.543s] INFO:colcon.colcon_core.shell:Creating package script '/home/waleed/ros2pratice/level2/myrobot_ws/install/test_description/share/test_description/package.zsh'
[5.544s] Level 1:colcon.colcon_core.environment:create_file_with_runtime_dependencies(/home/waleed/ros2pratice/level2/myrobot_ws/install/test_description/share/colcon-core/packages/test_description)
[5.682s] Level 1:colcon.colcon_core.environment:create_environment_scripts_only(test_description)
[5.728s] Level 1:colcon.colcon_core.environment:checking '/home/waleed/ros2pratice/level2/myrobot_ws/install/test_description' for CMake module files
[5.730s] Level 1:colcon.colcon_core.environment:checking '/home/waleed/ros2pratice/level2/myrobot_ws/install/test_description' for CMake config files
[5.731s] Level 1:colcon.colcon_core.shell:create_environment_hook('test_description', 'cmake_prefix_path')
[5.769s] INFO:colcon.colcon_core.shell:Creating environment hook '/home/waleed/ros2pratice/level2/myrobot_ws/install/test_description/share/test_description/hook/cmake_prefix_path.ps1'
[5.770s] INFO:colcon.colcon_core.shell:Creating environment descriptor '/home/waleed/ros2pratice/level2/myrobot_ws/install/test_description/share/test_description/hook/cmake_prefix_path.dsv'
[5.771s] INFO:colcon.colcon_core.shell:Creating environment hook '/home/waleed/ros2pratice/level2/myrobot_ws/install/test_description/share/test_description/hook/cmake_prefix_path.sh'
[5.772s] Level 1:colcon.colcon_core.environment:checking '/home/waleed/ros2pratice/level2/myrobot_ws/install/test_description/bin'
[5.772s] Level 1:colcon.colcon_core.environment:checking '/home/waleed/ros2pratice/level2/myrobot_ws/install/test_description/lib/pkgconfig/test_description.pc'
[5.773s] Level 1:colcon.colcon_core.environment:checking '/home/waleed/ros2pratice/level2/myrobot_ws/install/test_description/lib/python3.10/site-packages'
[5.773s] Level 1:colcon.colcon_core.environment:checking '/home/waleed/ros2pratice/level2/myrobot_ws/install/test_description/bin'
[5.821s] INFO:colcon.colcon_core.shell:Creating package script '/home/waleed/ros2pratice/level2/myrobot_ws/install/test_description/share/test_description/package.ps1'
[5.822s] INFO:colcon.colcon_core.shell:Creating package descriptor '/home/waleed/ros2pratice/level2/myrobot_ws/install/test_description/share/test_description/package.dsv'
[5.823s] INFO:colcon.colcon_core.shell:Creating package script '/home/waleed/ros2pratice/level2/myrobot_ws/install/test_description/share/test_description/package.sh'
[5.825s] INFO:colcon.colcon_core.shell:Creating package script '/home/waleed/ros2pratice/level2/myrobot_ws/install/test_description/share/test_description/package.bash'
[5.825s] INFO:colcon.colcon_core.shell:Creating package script '/home/waleed/ros2pratice/level2/myrobot_ws/install/test_description/share/test_description/package.zsh'
[5.826s] Level 1:colcon.colcon_core.environment:create_file_with_runtime_dependencies(/home/waleed/ros2pratice/level2/myrobot_ws/install/test_description/share/colcon-core/packages/test_description)
[5.827s] DEBUG:colcon.colcon_parallel_executor.executor.parallel:closing loop
[5.828s] DEBUG:colcon.colcon_parallel_executor.executor.parallel:loop closed
[5.828s] DEBUG:colcon.colcon_parallel_executor.executor.parallel:run_until_complete finished with '0'
[5.829s] DEBUG:colcon.colcon_core.event_reactor:joining thread
[6.003s] INFO:colcon.colcon_core.plugin_system:Skipping extension 'colcon_notification.desktop_notification.notify_send': Could not find 'notify-send'
[6.003s] INFO:colcon.colcon_core.plugin_system:Skipping extension 'colcon_notification.desktop_notification.terminal_notifier': Not used on non-Darwin systems
[6.004s] INFO:colcon.colcon_core.plugin_system:Skipping extension 'colcon_notification.desktop_notification.win32': Not used on non-Windows systems
[6.004s] INFO:colcon.colcon_notification.desktop_notification:Sending desktop notification using 'notify2'
[6.101s] DEBUG:colcon.colcon_notification.desktop_notification.notify2:Failed to initialize notify2: org.freedesktop.DBus.Error.ServiceUnknown: The name org.freedesktop.Notifications was not provided by any .service files
[6.102s] DEBUG:colcon.colcon_core.event_reactor:joined thread
[6.166s] INFO:colcon.colcon_core.shell:Creating prefix script '/home/waleed/ros2pratice/level2/myrobot_ws/install/local_setup.ps1'
[6.171s] INFO:colcon.colcon_core.shell:Creating prefix util module '/home/waleed/ros2pratice/level2/myrobot_ws/install/_local_setup_util_ps1.py'
[6.176s] INFO:colcon.colcon_core.shell:Creating prefix chain script '/home/waleed/ros2pratice/level2/myrobot_ws/install/setup.ps1'
[6.342s] INFO:colcon.colcon_core.shell:Creating prefix script '/home/waleed/ros2pratice/level2/myrobot_ws/install/local_setup.sh'
[6.345s] INFO:colcon.colcon_core.shell:Creating prefix util module '/home/waleed/ros2pratice/level2/myrobot_ws/install/_local_setup_util_sh.py'
[6.347s] INFO:colcon.colcon_core.shell:Creating prefix chain script '/home/waleed/ros2pratice/level2/myrobot_ws/install/setup.sh'
[6.553s] INFO:colcon.colcon_core.shell:Creating prefix script '/home/waleed/ros2pratice/level2/myrobot_ws/install/local_setup.bash'
[6.556s] INFO:colcon.colcon_core.shell:Creating prefix chain script '/home/waleed/ros2pratice/level2/myrobot_ws/install/setup.bash'
[6.780s] INFO:colcon.colcon_core.shell:Creating prefix script '/home/waleed/ros2pratice/level2/myrobot_ws/install/local_setup.zsh'
[6.783s] INFO:colcon.colcon_core.shell:Creating prefix chain script '/home/waleed/ros2pratice/level2/myrobot_ws/install/setup.zsh'
