[3.541s] DEBUG:colcon:Command line arguments: ['/usr/bin/colcon', 'build']
[3.541s] DEBUG:colcon:Parsed command line arguments: Namespace(log_base=None, log_level=None, verb_name='build', build_base='build', install_base='install', merge_install=False, symlink_install=False, test_result_base=None, continue_on_error=False, executor='parallel', parallel_workers=4, event_handlers=None, ignore_user_meta=False, metas=['./colcon.meta'], base_paths=['.'], packages_ignore=None, packages_ignore_regex=None, paths=None, packages_up_to=None, packages_up_to_regex=None, packages_above=None, packages_above_and_dependencies=None, packages_above_depth=None, packages_select_by_dep=None, packages_skip_by_dep=None, packages_skip_up_to=None, packages_select_build_failed=False, packages_skip_build_finished=False, packages_select_test_failures=False, packages_skip_test_passed=False, packages_select=None, packages_skip=None, packages_select_regex=None, packages_skip_regex=None, packages_start=None, packages_end=None, allow_overriding=[], cmake_args=None, cmake_target=None, cmake_target_skip_unavailable=False, cmake_clean_cache=False, cmake_clean_first=False, cmake_force_configure=False, ament_cmake_args=None, catkin_cmake_args=None, catkin_skip_building_tests=False, verb_parser=<colcon_defaults.argument_parser.defaults.DefaultArgumentsDecorator object at 0x7fb8f7500f40>, verb_extension=<colcon_core.verb.build.BuildVerb object at 0x7fb8f79bc490>, main=<bound method BuildVerb.main of <colcon_core.verb.build.BuildVerb object at 0x7fb8f79bc490>>)
[3.695s] Level 1:colcon.colcon_core.package_discovery:discover_packages(colcon_meta) check parameters
[3.695s] Level 1:colcon.colcon_core.package_discovery:discover_packages(recursive) check parameters
[3.695s] Level 1:colcon.colcon_core.package_discovery:discover_packages(ignore) check parameters
[3.695s] Level 1:colcon.colcon_core.package_discovery:discover_packages(path) check parameters
[3.695s] Level 1:colcon.colcon_core.package_discovery:discover_packages(colcon_meta) discover
[3.695s] Level 1:colcon.colcon_core.package_discovery:discover_packages(recursive) discover
[3.695s] INFO:colcon.colcon_core.package_discovery:Crawling recursively for packages in '/home/waleed/ros2pratice/level2/myrobot_ws'
[3.696s] Level 1:colcon.colcon_core.package_identification:_identify(.) by extensions ['ignore', 'ignore_ament_install']
[3.696s] Level 1:colcon.colcon_core.package_identification:_identify(.) by extension 'ignore'
[3.696s] Level 1:colcon.colcon_core.package_identification:_identify(.) by extension 'ignore_ament_install'
[3.696s] Level 1:colcon.colcon_core.package_identification:_identify(.) by extensions ['colcon_pkg']
[3.696s] Level 1:colcon.colcon_core.package_identification:_identify(.) by extension 'colcon_pkg'
[3.696s] Level 1:colcon.colcon_core.package_identification:_identify(.) by extensions ['colcon_meta']
[3.696s] Level 1:colcon.colcon_core.package_identification:_identify(.) by extension 'colcon_meta'
[3.696s] Level 1:colcon.colcon_core.package_identification:_identify(.) by extensions ['ros']
[3.696s] Level 1:colcon.colcon_core.package_identification:_identify(.) by extension 'ros'
[3.715s] Level 1:colcon.colcon_core.package_identification:_identify(.) by extensions ['cmake', 'python']
[3.715s] Level 1:colcon.colcon_core.package_identification:_identify(.) by extension 'cmake'
[3.715s] Level 1:colcon.colcon_core.package_identification:_identify(.) by extension 'python'
[3.715s] Level 1:colcon.colcon_core.package_identification:_identify(.) by extensions ['python_setup_py']
[3.716s] Level 1:colcon.colcon_core.package_identification:_identify(.) by extension 'python_setup_py'
[3.716s] Level 1:colcon.colcon_core.package_identification:_identify(build) by extensions ['ignore', 'ignore_ament_install']
[3.716s] Level 1:colcon.colcon_core.package_identification:_identify(build) by extension 'ignore'
[3.716s] Level 1:colcon.colcon_core.package_identification:_identify(build) ignored
[3.716s] Level 1:colcon.colcon_core.package_identification:_identify(install) by extensions ['ignore', 'ignore_ament_install']
[3.717s] Level 1:colcon.colcon_core.package_identification:_identify(install) by extension 'ignore'
[3.717s] Level 1:colcon.colcon_core.package_identification:_identify(install) ignored
[3.717s] Level 1:colcon.colcon_core.package_identification:_identify(log) by extensions ['ignore', 'ignore_ament_install']
[3.717s] Level 1:colcon.colcon_core.package_identification:_identify(log) by extension 'ignore'
[3.717s] Level 1:colcon.colcon_core.package_identification:_identify(log) ignored
[3.718s] Level 1:colcon.colcon_core.package_identification:_identify(src) by extensions ['ignore', 'ignore_ament_install']
[3.718s] Level 1:colcon.colcon_core.package_identification:_identify(src) by extension 'ignore'
[3.718s] Level 1:colcon.colcon_core.package_identification:_identify(src) by extension 'ignore_ament_install'
[3.718s] Level 1:colcon.colcon_core.package_identification:_identify(src) by extensions ['colcon_pkg']
[3.718s] Level 1:colcon.colcon_core.package_identification:_identify(src) by extension 'colcon_pkg'
[3.718s] Level 1:colcon.colcon_core.package_identification:_identify(src) by extensions ['colcon_meta']
[3.718s] Level 1:colcon.colcon_core.package_identification:_identify(src) by extension 'colcon_meta'
[3.718s] Level 1:colcon.colcon_core.package_identification:_identify(src) by extensions ['ros']
[3.718s] Level 1:colcon.colcon_core.package_identification:_identify(src) by extension 'ros'
[3.719s] Level 1:colcon.colcon_core.package_identification:_identify(src) by extensions ['cmake', 'python']
[3.719s] Level 1:colcon.colcon_core.package_identification:_identify(src) by extension 'cmake'
[3.719s] Level 1:colcon.colcon_core.package_identification:_identify(src) by extension 'python'
[3.719s] Level 1:colcon.colcon_core.package_identification:_identify(src) by extensions ['python_setup_py']
[3.719s] Level 1:colcon.colcon_core.package_identification:_identify(src) by extension 'python_setup_py'
[3.719s] Level 1:colcon.colcon_core.package_identification:_identify(src/test_description) by extensions ['ignore', 'ignore_ament_install']
[3.719s] Level 1:colcon.colcon_core.package_identification:_identify(src/test_description) by extension 'ignore'
[3.720s] Level 1:colcon.colcon_core.package_identification:_identify(src/test_description) by extension 'ignore_ament_install'
[3.720s] Level 1:colcon.colcon_core.package_identification:_identify(src/test_description) by extensions ['colcon_pkg']
[3.720s] Level 1:colcon.colcon_core.package_identification:_identify(src/test_description) by extension 'colcon_pkg'
[3.720s] Level 1:colcon.colcon_core.package_identification:_identify(src/test_description) by extensions ['colcon_meta']
[3.720s] Level 1:colcon.colcon_core.package_identification:_identify(src/test_description) by extension 'colcon_meta'
[3.720s] Level 1:colcon.colcon_core.package_identification:_identify(src/test_description) by extensions ['ros']
[3.720s] Level 1:colcon.colcon_core.package_identification:_identify(src/test_description) by extension 'ros'
[3.724s] DEBUG:colcon.colcon_core.package_identification:Package 'src/test_description' with type 'ros.ament_cmake' and name 'test_description'
[3.724s] Level 1:colcon.colcon_core.package_discovery:discover_packages(recursive) using defaults
[3.724s] Level 1:colcon.colcon_core.package_discovery:discover_packages(ignore) discover
[3.724s] Level 1:colcon.colcon_core.package_discovery:discover_packages(ignore) using defaults
[3.724s] Level 1:colcon.colcon_core.package_discovery:discover_packages(path) discover
[3.724s] Level 1:colcon.colcon_core.package_discovery:discover_packages(path) using defaults
[4.006s] Level 1:colcon.colcon_core.package_discovery:discover_packages(prefix_path) check parameters
[4.006s] Level 1:colcon.colcon_core.package_discovery:discover_packages(prefix_path) discover
[4.124s] DEBUG:colcon.colcon_installed_package_information.package_discovery:Found 2 installed packages in /home/waleed/ros2pratice/level2/2_URDFLauncher/selfbalance_ws/install
[4.189s] DEBUG:colcon.colcon_installed_package_information.package_discovery:Found 4 installed packages in /home/waleed/ros2pratice/TAM_ws/install
[4.271s] DEBUG:colcon.colcon_installed_package_information.package_discovery:Found 1 installed packages in /home/waleed/ros2pratice/level2/myrobot_ws/install
[4.330s] DEBUG:colcon.colcon_installed_package_information.package_discovery:Found 5 installed packages in /home/waleed/ros2pratice/level1/level1_sumup/install
[4.384s] DEBUG:colcon.colcon_installed_package_information.package_discovery:Found 9 installed packages in /home/waleed/ros2pratice/level1/1_firstprog/install
[4.444s] DEBUG:colcon.colcon_installed_package_information.package_discovery:Found 302 installed packages in /opt/ros/humble
[4.448s] Level 1:colcon.colcon_core.package_discovery:discover_packages(prefix_path) using defaults
[4.722s] Level 5:colcon.colcon_core.verb:set package 'test_description' build argument 'cmake_args' from command line to 'None'
[4.723s] Level 5:colcon.colcon_core.verb:set package 'test_description' build argument 'cmake_target' from command line to 'None'
[4.723s] Level 5:colcon.colcon_core.verb:set package 'test_description' build argument 'cmake_target_skip_unavailable' from command line to 'False'
[4.723s] Level 5:colcon.colcon_core.verb:set package 'test_description' build argument 'cmake_clean_cache' from command line to 'False'
[4.723s] Level 5:colcon.colcon_core.verb:set package 'test_description' build argument 'cmake_clean_first' from command line to 'False'
[4.723s] Level 5:colcon.colcon_core.verb:set package 'test_description' build argument 'cmake_force_configure' from command line to 'False'
[4.723s] Level 5:colcon.colcon_core.verb:set package 'test_description' build argument 'ament_cmake_args' from command line to 'None'
[4.723s] Level 5:colcon.colcon_core.verb:set package 'test_description' build argument 'catkin_cmake_args' from command line to 'None'
[4.723s] Level 5:colcon.colcon_core.verb:set package 'test_description' build argument 'catkin_skip_building_tests' from command line to 'False'
[4.723s] DEBUG:colcon.colcon_core.verb:Building package 'test_description' with the following arguments: {'ament_cmake_args': None, 'build_base': '/home/waleed/ros2pratice/level2/myrobot_ws/build/test_description', 'catkin_cmake_args': None, 'catkin_skip_building_tests': False, 'cmake_args': None, 'cmake_clean_cache': False, 'cmake_clean_first': False, 'cmake_force_configure': False, 'cmake_target': None, 'cmake_target_skip_unavailable': False, 'install_base': '/home/waleed/ros2pratice/level2/myrobot_ws/install/test_description', 'merge_install': False, 'path': '/home/waleed/ros2pratice/level2/myrobot_ws/src/test_description', 'symlink_install': False, 'test_result_base': None}
[4.750s] INFO:colcon.colcon_core.executor:Executing jobs using 'parallel' executor
[4.785s] DEBUG:colcon.colcon_parallel_executor.executor.parallel:run_until_complete
[4.785s] INFO:colcon.colcon_ros.task.ament_cmake.build:Building ROS package in '/home/waleed/ros2pratice/level2/myrobot_ws/src/test_description' with build type 'ament_cmake'
[4.786s] INFO:colcon.colcon_cmake.task.cmake.build:Building CMake package in '/home/waleed/ros2pratice/level2/myrobot_ws/src/test_description'
[4.857s] INFO:colcon.colcon_core.plugin_system:Skipping extension 'colcon_core.shell.bat': Not used on non-Windows systems
[4.858s] INFO:colcon.colcon_core.shell:Skip shell extension 'powershell' for command environment: Not usable outside of PowerShell
[4.859s] DEBUG:colcon.colcon_core.shell:Skip shell extension 'dsv' for command environment
[5.304s] DEBUG:colcon.colcon_core.event_handler.log_command:Invoking command in '/home/waleed/ros2pratice/level2/myrobot_ws/build/test_description': CMAKE_PREFIX_PATH=${CMAKE_PREFIX_PATH}:/home/waleed/ros2pratice/TAM_ws/install/sim:/home/waleed/ros2pratice/TAM_ws/install/drawer:/home/waleed/ros2pratice/TAM_ws/install/TAM_draw:/home/waleed/ros2pratice/level1/level1_sumup/install/custom_test:/home/waleed/ros2pratice/level1/level1_sumup/install/SrvCli:/home/waleed/ros2pratice/level1/level1_sumup/install/PubSub:/home/waleed/ros2pratice/level1/1_firstprog/install/my_py_pkg:/opt/ros/humble /home/waleed/.local/bin/cmake /home/waleed/ros2pratice/level2/myrobot_ws/src/test_description -DCMAKE_INSTALL_PREFIX=/home/waleed/ros2pratice/level2/myrobot_ws/install/test_description
[6.407s] DEBUG:colcon.colcon_core.event_handler.log_command:Invoked command in '/home/waleed/ros2pratice/level2/myrobot_ws/build/test_description' returned '0': CMAKE_PREFIX_PATH=${CMAKE_PREFIX_PATH}:/home/waleed/ros2pratice/TAM_ws/install/sim:/home/waleed/ros2pratice/TAM_ws/install/drawer:/home/waleed/ros2pratice/TAM_ws/install/TAM_draw:/home/waleed/ros2pratice/level1/level1_sumup/install/custom_test:/home/waleed/ros2pratice/level1/level1_sumup/install/SrvCli:/home/waleed/ros2pratice/level1/level1_sumup/install/PubSub:/home/waleed/ros2pratice/level1/1_firstprog/install/my_py_pkg:/opt/ros/humble /home/waleed/.local/bin/cmake /home/waleed/ros2pratice/level2/myrobot_ws/src/test_description -DCMAKE_INSTALL_PREFIX=/home/waleed/ros2pratice/level2/myrobot_ws/install/test_description
[6.412s] DEBUG:colcon.colcon_core.event_handler.log_command:Invoking command in '/home/waleed/ros2pratice/level2/myrobot_ws/build/test_description': CMAKE_PREFIX_PATH=${CMAKE_PREFIX_PATH}:/home/waleed/ros2pratice/TAM_ws/install/sim:/home/waleed/ros2pratice/TAM_ws/install/drawer:/home/waleed/ros2pratice/TAM_ws/install/TAM_draw:/home/waleed/ros2pratice/level1/level1_sumup/install/custom_test:/home/waleed/ros2pratice/level1/level1_sumup/install/SrvCli:/home/waleed/ros2pratice/level1/level1_sumup/install/PubSub:/home/waleed/ros2pratice/level1/1_firstprog/install/my_py_pkg:/opt/ros/humble /home/waleed/.local/bin/cmake --build /home/waleed/ros2pratice/level2/myrobot_ws/build/test_description -- -j4 -l4
[6.551s] DEBUG:colcon.colcon_core.event_handler.log_command:Invoked command in '/home/waleed/ros2pratice/level2/myrobot_ws/build/test_description' returned '0': CMAKE_PREFIX_PATH=${CMAKE_PREFIX_PATH}:/home/waleed/ros2pratice/TAM_ws/install/sim:/home/waleed/ros2pratice/TAM_ws/install/drawer:/home/waleed/ros2pratice/TAM_ws/install/TAM_draw:/home/waleed/ros2pratice/level1/level1_sumup/install/custom_test:/home/waleed/ros2pratice/level1/level1_sumup/install/SrvCli:/home/waleed/ros2pratice/level1/level1_sumup/install/PubSub:/home/waleed/ros2pratice/level1/1_firstprog/install/my_py_pkg:/opt/ros/humble /home/waleed/.local/bin/cmake --build /home/waleed/ros2pratice/level2/myrobot_ws/build/test_description -- -j4 -l4
[6.792s] DEBUG:colcon.colcon_core.event_handler.log_command:Invoking command in '/home/waleed/ros2pratice/level2/myrobot_ws/build/test_description': CMAKE_PREFIX_PATH=${CMAKE_PREFIX_PATH}:/home/waleed/ros2pratice/TAM_ws/install/sim:/home/waleed/ros2pratice/TAM_ws/install/drawer:/home/waleed/ros2pratice/TAM_ws/install/TAM_draw:/home/waleed/ros2pratice/level1/level1_sumup/install/custom_test:/home/waleed/ros2pratice/level1/level1_sumup/install/SrvCli:/home/waleed/ros2pratice/level1/level1_sumup/install/PubSub:/home/waleed/ros2pratice/level1/1_firstprog/install/my_py_pkg:/opt/ros/humble /home/waleed/.local/bin/cmake --install /home/waleed/ros2pratice/level2/myrobot_ws/build/test_description
[6.937s] Level 1:colcon.colcon_core.environment:create_environment_scripts_only(test_description)
[6.939s] DEBUG:colcon.colcon_core.event_handler.log_command:Invoked command in '/home/waleed/ros2pratice/level2/myrobot_ws/build/test_description' returned '0': CMAKE_PREFIX_PATH=${CMAKE_PREFIX_PATH}:/home/waleed/ros2pratice/TAM_ws/install/sim:/home/waleed/ros2pratice/TAM_ws/install/drawer:/home/waleed/ros2pratice/TAM_ws/install/TAM_draw:/home/waleed/ros2pratice/level1/level1_sumup/install/custom_test:/home/waleed/ros2pratice/level1/level1_sumup/install/SrvCli:/home/waleed/ros2pratice/level1/level1_sumup/install/PubSub:/home/waleed/ros2pratice/level1/1_firstprog/install/my_py_pkg:/opt/ros/humble /home/waleed/.local/bin/cmake --install /home/waleed/ros2pratice/level2/myrobot_ws/build/test_description
[6.992s] Level 1:colcon.colcon_core.environment:checking '/home/waleed/ros2pratice/level2/myrobot_ws/install/test_description' for CMake module files
[6.993s] Level 1:colcon.colcon_core.environment:checking '/home/waleed/ros2pratice/level2/myrobot_ws/install/test_description' for CMake config files
[6.994s] Level 1:colcon.colcon_core.shell:create_environment_hook('test_description', 'cmake_prefix_path')
[7.036s] INFO:colcon.colcon_core.shell:Creating environment hook '/home/waleed/ros2pratice/level2/myrobot_ws/install/test_description/share/test_description/hook/cmake_prefix_path.ps1'
[7.039s] INFO:colcon.colcon_core.shell:Creating environment descriptor '/home/waleed/ros2pratice/level2/myrobot_ws/install/test_description/share/test_description/hook/cmake_prefix_path.dsv'
[7.040s] INFO:colcon.colcon_core.shell:Creating environment hook '/home/waleed/ros2pratice/level2/myrobot_ws/install/test_description/share/test_description/hook/cmake_prefix_path.sh'
[7.044s] Level 1:colcon.colcon_core.environment:checking '/home/waleed/ros2pratice/level2/myrobot_ws/install/test_description/bin'
[7.044s] Level 1:colcon.colcon_core.environment:checking '/home/waleed/ros2pratice/level2/myrobot_ws/install/test_description/lib/pkgconfig/test_description.pc'
[7.045s] Level 1:colcon.colcon_core.environment:checking '/home/waleed/ros2pratice/level2/myrobot_ws/install/test_description/lib/python3.10/site-packages'
[7.046s] Level 1:colcon.colcon_core.environment:checking '/home/waleed/ros2pratice/level2/myrobot_ws/install/test_description/bin'
[7.090s] INFO:colcon.colcon_core.shell:Creating package script '/home/waleed/ros2pratice/level2/myrobot_ws/install/test_description/share/test_description/package.ps1'
[7.092s] INFO:colcon.colcon_core.shell:Creating package descriptor '/home/waleed/ros2pratice/level2/myrobot_ws/install/test_description/share/test_description/package.dsv'
[7.094s] INFO:colcon.colcon_core.shell:Creating package script '/home/waleed/ros2pratice/level2/myrobot_ws/install/test_description/share/test_description/package.sh'
[7.098s] INFO:colcon.colcon_core.shell:Creating package script '/home/waleed/ros2pratice/level2/myrobot_ws/install/test_description/share/test_description/package.bash'
[7.104s] INFO:colcon.colcon_core.shell:Creating package script '/home/waleed/ros2pratice/level2/myrobot_ws/install/test_description/share/test_description/package.zsh'
[7.108s] Level 1:colcon.colcon_core.environment:create_file_with_runtime_dependencies(/home/waleed/ros2pratice/level2/myrobot_ws/install/test_description/share/colcon-core/packages/test_description)
[7.256s] Level 1:colcon.colcon_core.environment:create_environment_scripts_only(test_description)
[7.295s] Level 1:colcon.colcon_core.environment:checking '/home/waleed/ros2pratice/level2/myrobot_ws/install/test_description' for CMake module files
[7.296s] Level 1:colcon.colcon_core.environment:checking '/home/waleed/ros2pratice/level2/myrobot_ws/install/test_description' for CMake config files
[7.297s] Level 1:colcon.colcon_core.shell:create_environment_hook('test_description', 'cmake_prefix_path')
[7.344s] INFO:colcon.colcon_core.shell:Creating environment hook '/home/waleed/ros2pratice/level2/myrobot_ws/install/test_description/share/test_description/hook/cmake_prefix_path.ps1'
[7.345s] INFO:colcon.colcon_core.shell:Creating environment descriptor '/home/waleed/ros2pratice/level2/myrobot_ws/install/test_description/share/test_description/hook/cmake_prefix_path.dsv'
[7.345s] INFO:colcon.colcon_core.shell:Creating environment hook '/home/waleed/ros2pratice/level2/myrobot_ws/install/test_description/share/test_description/hook/cmake_prefix_path.sh'
[7.346s] Level 1:colcon.colcon_core.environment:checking '/home/waleed/ros2pratice/level2/myrobot_ws/install/test_description/bin'
[7.346s] Level 1:colcon.colcon_core.environment:checking '/home/waleed/ros2pratice/level2/myrobot_ws/install/test_description/lib/pkgconfig/test_description.pc'
[7.347s] Level 1:colcon.colcon_core.environment:checking '/home/waleed/ros2pratice/level2/myrobot_ws/install/test_description/lib/python3.10/site-packages'
[7.347s] Level 1:colcon.colcon_core.environment:checking '/home/waleed/ros2pratice/level2/myrobot_ws/install/test_description/bin'
[7.390s] INFO:colcon.colcon_core.shell:Creating package script '/home/waleed/ros2pratice/level2/myrobot_ws/install/test_description/share/test_description/package.ps1'
[7.392s] INFO:colcon.colcon_core.shell:Creating package descriptor '/home/waleed/ros2pratice/level2/myrobot_ws/install/test_description/share/test_description/package.dsv'
[7.392s] INFO:colcon.colcon_core.shell:Creating package script '/home/waleed/ros2pratice/level2/myrobot_ws/install/test_description/share/test_description/package.sh'
[7.393s] INFO:colcon.colcon_core.shell:Creating package script '/home/waleed/ros2pratice/level2/myrobot_ws/install/test_description/share/test_description/package.bash'
[7.394s] INFO:colcon.colcon_core.shell:Creating package script '/home/waleed/ros2pratice/level2/myrobot_ws/install/test_description/share/test_description/package.zsh'
[7.395s] Level 1:colcon.colcon_core.environment:create_file_with_runtime_dependencies(/home/waleed/ros2pratice/level2/myrobot_ws/install/test_description/share/colcon-core/packages/test_description)
[7.396s] DEBUG:colcon.colcon_parallel_executor.executor.parallel:closing loop
[7.398s] DEBUG:colcon.colcon_parallel_executor.executor.parallel:loop closed
[7.398s] DEBUG:colcon.colcon_parallel_executor.executor.parallel:run_until_complete finished with '0'
[7.399s] DEBUG:colcon.colcon_core.event_reactor:joining thread
[7.615s] INFO:colcon.colcon_core.plugin_system:Skipping extension 'colcon_notification.desktop_notification.notify_send': Could not find 'notify-send'
[7.616s] INFO:colcon.colcon_core.plugin_system:Skipping extension 'colcon_notification.desktop_notification.terminal_notifier': Not used on non-Darwin systems
[7.616s] INFO:colcon.colcon_core.plugin_system:Skipping extension 'colcon_notification.desktop_notification.win32': Not used on non-Windows systems
[7.616s] INFO:colcon.colcon_notification.desktop_notification:Sending desktop notification using 'notify2'
[7.671s] DEBUG:colcon.colcon_notification.desktop_notification.notify2:Failed to initialize notify2: org.freedesktop.DBus.Error.ServiceUnknown: The name org.freedesktop.Notifications was not provided by any .service files
[7.672s] DEBUG:colcon.colcon_core.event_reactor:joined thread
[7.725s] INFO:colcon.colcon_core.shell:Creating prefix script '/home/waleed/ros2pratice/level2/myrobot_ws/install/local_setup.ps1'
[7.735s] INFO:colcon.colcon_core.shell:Creating prefix util module '/home/waleed/ros2pratice/level2/myrobot_ws/install/_local_setup_util_ps1.py'
[7.739s] INFO:colcon.colcon_core.shell:Creating prefix chain script '/home/waleed/ros2pratice/level2/myrobot_ws/install/setup.ps1'
[7.811s] INFO:colcon.colcon_core.shell:Creating prefix script '/home/waleed/ros2pratice/level2/myrobot_ws/install/local_setup.sh'
[7.816s] INFO:colcon.colcon_core.shell:Creating prefix util module '/home/waleed/ros2pratice/level2/myrobot_ws/install/_local_setup_util_sh.py'
[7.819s] INFO:colcon.colcon_core.shell:Creating prefix chain script '/home/waleed/ros2pratice/level2/myrobot_ws/install/setup.sh'
[8.008s] INFO:colcon.colcon_core.shell:Creating prefix script '/home/waleed/ros2pratice/level2/myrobot_ws/install/local_setup.bash'
[8.012s] INFO:colcon.colcon_core.shell:Creating prefix chain script '/home/waleed/ros2pratice/level2/myrobot_ws/install/setup.bash'
[8.184s] INFO:colcon.colcon_core.shell:Creating prefix script '/home/waleed/ros2pratice/level2/myrobot_ws/install/local_setup.zsh'
[8.192s] INFO:colcon.colcon_core.shell:Creating prefix chain script '/home/waleed/ros2pratice/level2/myrobot_ws/install/setup.zsh'
