[1.986s] DEBUG:colcon:Command line arguments: ['/usr/bin/colcon', 'build']
[1.986s] DEBUG:colcon:Parsed command line arguments: Namespace(log_base=None, log_level=None, verb_name='build', build_base='build', install_base='install', merge_install=False, symlink_install=False, test_result_base=None, continue_on_error=False, executor='parallel', parallel_workers=4, event_handlers=None, ignore_user_meta=False, metas=['./colcon.meta'], base_paths=['.'], packages_ignore=None, packages_ignore_regex=None, paths=None, packages_up_to=None, packages_up_to_regex=None, packages_above=None, packages_above_and_dependencies=None, packages_above_depth=None, packages_select_by_dep=None, packages_skip_by_dep=None, packages_skip_up_to=None, packages_select_build_failed=False, packages_skip_build_finished=False, packages_select_test_failures=False, packages_skip_test_passed=False, packages_select=None, packages_skip=None, packages_select_regex=None, packages_skip_regex=None, packages_start=None, packages_end=None, allow_overriding=[], cmake_args=None, cmake_target=None, cmake_target_skip_unavailable=False, cmake_clean_cache=False, cmake_clean_first=False, cmake_force_configure=False, ament_cmake_args=None, catkin_cmake_args=None, catkin_skip_building_tests=False, verb_parser=<colcon_defaults.argument_parser.defaults.DefaultArgumentsDecorator object at 0x7f1e9d3fceb0>, verb_extension=<colcon_core.verb.build.BuildVerb object at 0x7f1e9d88d930>, main=<bound method BuildVerb.main of <colcon_core.verb.build.BuildVerb object at 0x7f1e9d88d930>>)
[2.063s] Level 1:colcon.colcon_core.package_discovery:discover_packages(colcon_meta) check parameters
[2.063s] Level 1:colcon.colcon_core.package_discovery:discover_packages(recursive) check parameters
[2.063s] Level 1:colcon.colcon_core.package_discovery:discover_packages(ignore) check parameters
[2.063s] Level 1:colcon.colcon_core.package_discovery:discover_packages(path) check parameters
[2.064s] Level 1:colcon.colcon_core.package_discovery:discover_packages(colcon_meta) discover
[2.064s] Level 1:colcon.colcon_core.package_discovery:discover_packages(recursive) discover
[2.064s] INFO:colcon.colcon_core.package_discovery:Crawling recursively for packages in '/home/waleed/ros2pratice/level2/myrobot_ws'
[2.064s] Level 1:colcon.colcon_core.package_identification:_identify(.) by extensions ['ignore', 'ignore_ament_install']
[2.064s] Level 1:colcon.colcon_core.package_identification:_identify(.) by extension 'ignore'
[2.064s] Level 1:colcon.colcon_core.package_identification:_identify(.) by extension 'ignore_ament_install'
[2.064s] Level 1:colcon.colcon_core.package_identification:_identify(.) by extensions ['colcon_pkg']
[2.064s] Level 1:colcon.colcon_core.package_identification:_identify(.) by extension 'colcon_pkg'
[2.064s] Level 1:colcon.colcon_core.package_identification:_identify(.) by extensions ['colcon_meta']
[2.064s] Level 1:colcon.colcon_core.package_identification:_identify(.) by extension 'colcon_meta'
[2.064s] Level 1:colcon.colcon_core.package_identification:_identify(.) by extensions ['ros']
[2.064s] Level 1:colcon.colcon_core.package_identification:_identify(.) by extension 'ros'
[2.079s] Level 1:colcon.colcon_core.package_identification:_identify(.) by extensions ['cmake', 'python']
[2.079s] Level 1:colcon.colcon_core.package_identification:_identify(.) by extension 'cmake'
[2.079s] Level 1:colcon.colcon_core.package_identification:_identify(.) by extension 'python'
[2.080s] Level 1:colcon.colcon_core.package_identification:_identify(.) by extensions ['python_setup_py']
[2.080s] Level 1:colcon.colcon_core.package_identification:_identify(.) by extension 'python_setup_py'
[2.080s] Level 1:colcon.colcon_core.package_identification:_identify(build) by extensions ['ignore', 'ignore_ament_install']
[2.080s] Level 1:colcon.colcon_core.package_identification:_identify(build) by extension 'ignore'
[2.080s] Level 1:colcon.colcon_core.package_identification:_identify(build) ignored
[2.080s] Level 1:colcon.colcon_core.package_identification:_identify(install) by extensions ['ignore', 'ignore_ament_install']
[2.080s] Level 1:colcon.colcon_core.package_identification:_identify(install) by extension 'ignore'
[2.080s] Level 1:colcon.colcon_core.package_identification:_identify(install) ignored
[2.080s] Level 1:colcon.colcon_core.package_identification:_identify(log) by extensions ['ignore', 'ignore_ament_install']
[2.081s] Level 1:colcon.colcon_core.package_identification:_identify(log) by extension 'ignore'
[2.081s] Level 1:colcon.colcon_core.package_identification:_identify(log) ignored
[2.081s] Level 1:colcon.colcon_core.package_identification:_identify(src) by extensions ['ignore', 'ignore_ament_install']
[2.081s] Level 1:colcon.colcon_core.package_identification:_identify(src) by extension 'ignore'
[2.081s] Level 1:colcon.colcon_core.package_identification:_identify(src) by extension 'ignore_ament_install'
[2.081s] Level 1:colcon.colcon_core.package_identification:_identify(src) by extensions ['colcon_pkg']
[2.081s] Level 1:colcon.colcon_core.package_identification:_identify(src) by extension 'colcon_pkg'
[2.081s] Level 1:colcon.colcon_core.package_identification:_identify(src) by extensions ['colcon_meta']
[2.081s] Level 1:colcon.colcon_core.package_identification:_identify(src) by extension 'colcon_meta'
[2.081s] Level 1:colcon.colcon_core.package_identification:_identify(src) by extensions ['ros']
[2.081s] Level 1:colcon.colcon_core.package_identification:_identify(src) by extension 'ros'
[2.081s] Level 1:colcon.colcon_core.package_identification:_identify(src) by extensions ['cmake', 'python']
[2.081s] Level 1:colcon.colcon_core.package_identification:_identify(src) by extension 'cmake'
[2.081s] Level 1:colcon.colcon_core.package_identification:_identify(src) by extension 'python'
[2.082s] Level 1:colcon.colcon_core.package_identification:_identify(src) by extensions ['python_setup_py']
[2.082s] Level 1:colcon.colcon_core.package_identification:_identify(src) by extension 'python_setup_py'
[2.082s] Level 1:colcon.colcon_core.package_identification:_identify(src/build) by extensions ['ignore', 'ignore_ament_install']
[2.082s] Level 1:colcon.colcon_core.package_identification:_identify(src/build) by extension 'ignore'
[2.082s] Level 1:colcon.colcon_core.package_identification:_identify(src/build) ignored
[2.082s] Level 1:colcon.colcon_core.package_identification:_identify(src/install) by extensions ['ignore', 'ignore_ament_install']
[2.082s] Level 1:colcon.colcon_core.package_identification:_identify(src/install) by extension 'ignore'
[2.082s] Level 1:colcon.colcon_core.package_identification:_identify(src/install) ignored
[2.082s] Level 1:colcon.colcon_core.package_identification:_identify(src/log) by extensions ['ignore', 'ignore_ament_install']
[2.082s] Level 1:colcon.colcon_core.package_identification:_identify(src/log) by extension 'ignore'
[2.083s] Level 1:colcon.colcon_core.package_identification:_identify(src/log) ignored
[2.083s] Level 1:colcon.colcon_core.package_identification:_identify(src/test_description) by extensions ['ignore', 'ignore_ament_install']
[2.083s] Level 1:colcon.colcon_core.package_identification:_identify(src/test_description) by extension 'ignore'
[2.083s] Level 1:colcon.colcon_core.package_identification:_identify(src/test_description) by extension 'ignore_ament_install'
[2.083s] Level 1:colcon.colcon_core.package_identification:_identify(src/test_description) by extensions ['colcon_pkg']
[2.083s] Level 1:colcon.colcon_core.package_identification:_identify(src/test_description) by extension 'colcon_pkg'
[2.083s] Level 1:colcon.colcon_core.package_identification:_identify(src/test_description) by extensions ['colcon_meta']
[2.083s] Level 1:colcon.colcon_core.package_identification:_identify(src/test_description) by extension 'colcon_meta'
[2.083s] Level 1:colcon.colcon_core.package_identification:_identify(src/test_description) by extensions ['ros']
[2.083s] Level 1:colcon.colcon_core.package_identification:_identify(src/test_description) by extension 'ros'
[2.086s] DEBUG:colcon.colcon_core.package_identification:Package 'src/test_description' with type 'ros.ament_cmake' and name 'test_description'
[2.086s] Level 1:colcon.colcon_core.package_discovery:discover_packages(recursive) using defaults
[2.086s] Level 1:colcon.colcon_core.package_discovery:discover_packages(ignore) discover
[2.086s] Level 1:colcon.colcon_core.package_discovery:discover_packages(ignore) using defaults
[2.086s] Level 1:colcon.colcon_core.package_discovery:discover_packages(path) discover
[2.086s] Level 1:colcon.colcon_core.package_discovery:discover_packages(path) using defaults
[2.305s] Level 1:colcon.colcon_core.package_discovery:discover_packages(prefix_path) check parameters
[2.305s] Level 1:colcon.colcon_core.package_discovery:discover_packages(prefix_path) discover
[2.379s] DEBUG:colcon.colcon_installed_package_information.package_discovery:Found 1 installed packages in /home/waleed/ros2pratice/level2/myrobot_ws/install
[2.408s] DEBUG:colcon.colcon_installed_package_information.package_discovery:Found 5 installed packages in /home/waleed/ros2pratice/level1/level1_sumup/install
[2.436s] DEBUG:colcon.colcon_installed_package_information.package_discovery:Found 9 installed packages in /home/waleed/ros2pratice/level1/1_firstprog/install
[2.464s] DEBUG:colcon.colcon_installed_package_information.package_discovery:Found 298 installed packages in /opt/ros/humble
[2.466s] Level 1:colcon.colcon_core.package_discovery:discover_packages(prefix_path) using defaults
[2.612s] Level 5:colcon.colcon_core.verb:set package 'test_description' build argument 'cmake_args' from command line to 'None'
[2.612s] Level 5:colcon.colcon_core.verb:set package 'test_description' build argument 'cmake_target' from command line to 'None'
[2.613s] Level 5:colcon.colcon_core.verb:set package 'test_description' build argument 'cmake_target_skip_unavailable' from command line to 'False'
[2.613s] Level 5:colcon.colcon_core.verb:set package 'test_description' build argument 'cmake_clean_cache' from command line to 'False'
[2.613s] Level 5:colcon.colcon_core.verb:set package 'test_description' build argument 'cmake_clean_first' from command line to 'False'
[2.613s] Level 5:colcon.colcon_core.verb:set package 'test_description' build argument 'cmake_force_configure' from command line to 'False'
[2.613s] Level 5:colcon.colcon_core.verb:set package 'test_description' build argument 'ament_cmake_args' from command line to 'None'
[2.613s] Level 5:colcon.colcon_core.verb:set package 'test_description' build argument 'catkin_cmake_args' from command line to 'None'
[2.613s] Level 5:colcon.colcon_core.verb:set package 'test_description' build argument 'catkin_skip_building_tests' from command line to 'False'
[2.613s] DEBUG:colcon.colcon_core.verb:Building package 'test_description' with the following arguments: {'ament_cmake_args': None, 'build_base': '/home/waleed/ros2pratice/level2/myrobot_ws/build/test_description', 'catkin_cmake_args': None, 'catkin_skip_building_tests': False, 'cmake_args': None, 'cmake_clean_cache': False, 'cmake_clean_first': False, 'cmake_force_configure': False, 'cmake_target': None, 'cmake_target_skip_unavailable': False, 'install_base': '/home/waleed/ros2pratice/level2/myrobot_ws/install/test_description', 'merge_install': False, 'path': '/home/waleed/ros2pratice/level2/myrobot_ws/src/test_description', 'symlink_install': False, 'test_result_base': None}
[2.639s] INFO:colcon.colcon_core.executor:Executing jobs using 'parallel' executor
[2.667s] DEBUG:colcon.colcon_parallel_executor.executor.parallel:run_until_complete
[2.667s] INFO:colcon.colcon_ros.task.ament_cmake.build:Building ROS package in '/home/waleed/ros2pratice/level2/myrobot_ws/src/test_description' with build type 'ament_cmake'
[2.667s] INFO:colcon.colcon_cmake.task.cmake.build:Building CMake package in '/home/waleed/ros2pratice/level2/myrobot_ws/src/test_description'
[2.699s] INFO:colcon.colcon_core.plugin_system:Skipping extension 'colcon_core.shell.bat': Not used on non-Windows systems
[2.700s] INFO:colcon.colcon_core.shell:Skip shell extension 'powershell' for command environment: Not usable outside of PowerShell
[2.700s] DEBUG:colcon.colcon_core.shell:Skip shell extension 'dsv' for command environment
[2.865s] DEBUG:colcon.colcon_core.event_handler.log_command:Invoking command in '/home/waleed/ros2pratice/level2/myrobot_ws/build/test_description': CMAKE_PREFIX_PATH=${CMAKE_PREFIX_PATH}:/home/waleed/ros2pratice/level1/level1_sumup/install/custom_test:/home/waleed/ros2pratice/level1/level1_sumup/install/SrvCli:/home/waleed/ros2pratice/level1/level1_sumup/install/PubSub:/home/waleed/ros2pratice/level1/1_firstprog/install/my_py_pkg:/opt/ros/humble /home/waleed/.local/bin/cmake --build /home/waleed/ros2pratice/level2/myrobot_ws/build/test_description -- -j4 -l4
[2.942s] DEBUG:colcon.colcon_core.event_handler.log_command:Invoked command in '/home/waleed/ros2pratice/level2/myrobot_ws/build/test_description' returned '0': CMAKE_PREFIX_PATH=${CMAKE_PREFIX_PATH}:/home/waleed/ros2pratice/level1/level1_sumup/install/custom_test:/home/waleed/ros2pratice/level1/level1_sumup/install/SrvCli:/home/waleed/ros2pratice/level1/level1_sumup/install/PubSub:/home/waleed/ros2pratice/level1/1_firstprog/install/my_py_pkg:/opt/ros/humble /home/waleed/.local/bin/cmake --build /home/waleed/ros2pratice/level2/myrobot_ws/build/test_description -- -j4 -l4
[3.062s] DEBUG:colcon.colcon_core.event_handler.log_command:Invoking command in '/home/waleed/ros2pratice/level2/myrobot_ws/build/test_description': CMAKE_PREFIX_PATH=${CMAKE_PREFIX_PATH}:/home/waleed/ros2pratice/level1/level1_sumup/install/custom_test:/home/waleed/ros2pratice/level1/level1_sumup/install/SrvCli:/home/waleed/ros2pratice/level1/level1_sumup/install/PubSub:/home/waleed/ros2pratice/level1/1_firstprog/install/my_py_pkg:/opt/ros/humble /home/waleed/.local/bin/cmake --install /home/waleed/ros2pratice/level2/myrobot_ws/build/test_description
[3.113s] Level 1:colcon.colcon_core.environment:create_environment_scripts_only(test_description)
[3.114s] DEBUG:colcon.colcon_core.event_handler.log_command:Invoked command in '/home/waleed/ros2pratice/level2/myrobot_ws/build/test_description' returned '0': CMAKE_PREFIX_PATH=${CMAKE_PREFIX_PATH}:/home/waleed/ros2pratice/level1/level1_sumup/install/custom_test:/home/waleed/ros2pratice/level1/level1_sumup/install/SrvCli:/home/waleed/ros2pratice/level1/level1_sumup/install/PubSub:/home/waleed/ros2pratice/level1/1_firstprog/install/my_py_pkg:/opt/ros/humble /home/waleed/.local/bin/cmake --install /home/waleed/ros2pratice/level2/myrobot_ws/build/test_description
[3.145s] Level 1:colcon.colcon_core.environment:checking '/home/waleed/ros2pratice/level2/myrobot_ws/install/test_description' for CMake module files
[3.145s] Level 1:colcon.colcon_core.environment:checking '/home/waleed/ros2pratice/level2/myrobot_ws/install/test_description' for CMake config files
[3.148s] Level 1:colcon.colcon_core.shell:create_environment_hook('test_description', 'cmake_prefix_path')
[3.180s] INFO:colcon.colcon_core.shell:Creating environment hook '/home/waleed/ros2pratice/level2/myrobot_ws/install/test_description/share/test_description/hook/cmake_prefix_path.ps1'
[3.180s] INFO:colcon.colcon_core.shell:Creating environment descriptor '/home/waleed/ros2pratice/level2/myrobot_ws/install/test_description/share/test_description/hook/cmake_prefix_path.dsv'
[3.181s] INFO:colcon.colcon_core.shell:Creating environment hook '/home/waleed/ros2pratice/level2/myrobot_ws/install/test_description/share/test_description/hook/cmake_prefix_path.sh'
[3.182s] Level 1:colcon.colcon_core.environment:checking '/home/waleed/ros2pratice/level2/myrobot_ws/install/test_description/bin'
[3.183s] Level 1:colcon.colcon_core.environment:checking '/home/waleed/ros2pratice/level2/myrobot_ws/install/test_description/lib/pkgconfig/test_description.pc'
[3.183s] Level 1:colcon.colcon_core.environment:checking '/home/waleed/ros2pratice/level2/myrobot_ws/install/test_description/lib/python3.10/site-packages'
[3.183s] Level 1:colcon.colcon_core.environment:checking '/home/waleed/ros2pratice/level2/myrobot_ws/install/test_description/bin'
[3.216s] INFO:colcon.colcon_core.shell:Creating package script '/home/waleed/ros2pratice/level2/myrobot_ws/install/test_description/share/test_description/package.ps1'
[3.217s] INFO:colcon.colcon_core.shell:Creating package descriptor '/home/waleed/ros2pratice/level2/myrobot_ws/install/test_description/share/test_description/package.dsv'
[3.218s] INFO:colcon.colcon_core.shell:Creating package script '/home/waleed/ros2pratice/level2/myrobot_ws/install/test_description/share/test_description/package.sh'
[3.219s] INFO:colcon.colcon_core.shell:Creating package script '/home/waleed/ros2pratice/level2/myrobot_ws/install/test_description/share/test_description/package.bash'
[3.220s] INFO:colcon.colcon_core.shell:Creating package script '/home/waleed/ros2pratice/level2/myrobot_ws/install/test_description/share/test_description/package.zsh'
[3.220s] Level 1:colcon.colcon_core.environment:create_file_with_runtime_dependencies(/home/waleed/ros2pratice/level2/myrobot_ws/install/test_description/share/colcon-core/packages/test_description)
[3.318s] Level 1:colcon.colcon_core.environment:create_environment_scripts_only(test_description)
[3.345s] Level 1:colcon.colcon_core.environment:checking '/home/waleed/ros2pratice/level2/myrobot_ws/install/test_description' for CMake module files
[3.345s] Level 1:colcon.colcon_core.environment:checking '/home/waleed/ros2pratice/level2/myrobot_ws/install/test_description' for CMake config files
[3.346s] Level 1:colcon.colcon_core.shell:create_environment_hook('test_description', 'cmake_prefix_path')
[3.374s] INFO:colcon.colcon_core.shell:Creating environment hook '/home/waleed/ros2pratice/level2/myrobot_ws/install/test_description/share/test_description/hook/cmake_prefix_path.ps1'
[3.374s] INFO:colcon.colcon_core.shell:Creating environment descriptor '/home/waleed/ros2pratice/level2/myrobot_ws/install/test_description/share/test_description/hook/cmake_prefix_path.dsv'
[3.375s] INFO:colcon.colcon_core.shell:Creating environment hook '/home/waleed/ros2pratice/level2/myrobot_ws/install/test_description/share/test_description/hook/cmake_prefix_path.sh'
[3.375s] Level 1:colcon.colcon_core.environment:checking '/home/waleed/ros2pratice/level2/myrobot_ws/install/test_description/bin'
[3.375s] Level 1:colcon.colcon_core.environment:checking '/home/waleed/ros2pratice/level2/myrobot_ws/install/test_description/lib/pkgconfig/test_description.pc'
[3.376s] Level 1:colcon.colcon_core.environment:checking '/home/waleed/ros2pratice/level2/myrobot_ws/install/test_description/lib/python3.10/site-packages'
[3.376s] Level 1:colcon.colcon_core.environment:checking '/home/waleed/ros2pratice/level2/myrobot_ws/install/test_description/bin'
[3.408s] INFO:colcon.colcon_core.shell:Creating package script '/home/waleed/ros2pratice/level2/myrobot_ws/install/test_description/share/test_description/package.ps1'
[3.410s] INFO:colcon.colcon_core.shell:Creating package descriptor '/home/waleed/ros2pratice/level2/myrobot_ws/install/test_description/share/test_description/package.dsv'
[3.411s] INFO:colcon.colcon_core.shell:Creating package script '/home/waleed/ros2pratice/level2/myrobot_ws/install/test_description/share/test_description/package.sh'
[3.412s] INFO:colcon.colcon_core.shell:Creating package script '/home/waleed/ros2pratice/level2/myrobot_ws/install/test_description/share/test_description/package.bash'
[3.413s] INFO:colcon.colcon_core.shell:Creating package script '/home/waleed/ros2pratice/level2/myrobot_ws/install/test_description/share/test_description/package.zsh'
[3.413s] Level 1:colcon.colcon_core.environment:create_file_with_runtime_dependencies(/home/waleed/ros2pratice/level2/myrobot_ws/install/test_description/share/colcon-core/packages/test_description)
[3.414s] DEBUG:colcon.colcon_parallel_executor.executor.parallel:closing loop
[3.416s] DEBUG:colcon.colcon_parallel_executor.executor.parallel:loop closed
[3.416s] DEBUG:colcon.colcon_parallel_executor.executor.parallel:run_until_complete finished with '0'
[3.416s] DEBUG:colcon.colcon_core.event_reactor:joining thread
[3.523s] INFO:colcon.colcon_core.plugin_system:Skipping extension 'colcon_notification.desktop_notification.notify_send': Could not find 'notify-send'
[3.523s] INFO:colcon.colcon_core.plugin_system:Skipping extension 'colcon_notification.desktop_notification.terminal_notifier': Not used on non-Darwin systems
[3.523s] INFO:colcon.colcon_core.plugin_system:Skipping extension 'colcon_notification.desktop_notification.win32': Not used on non-Windows systems
[3.523s] INFO:colcon.colcon_notification.desktop_notification:Sending desktop notification using 'notify2'
[3.525s] DEBUG:colcon.colcon_notification.desktop_notification.notify2:Failed to initialize notify2: org.freedesktop.DBus.Error.ServiceUnknown: The name org.freedesktop.Notifications was not provided by any .service files
[3.525s] DEBUG:colcon.colcon_core.event_reactor:joined thread
[3.554s] INFO:colcon.colcon_core.shell:Creating prefix script '/home/waleed/ros2pratice/level2/myrobot_ws/install/local_setup.ps1'
[3.557s] INFO:colcon.colcon_core.shell:Creating prefix util module '/home/waleed/ros2pratice/level2/myrobot_ws/install/_local_setup_util_ps1.py'
[3.558s] INFO:colcon.colcon_core.shell:Creating prefix chain script '/home/waleed/ros2pratice/level2/myrobot_ws/install/setup.ps1'
[3.588s] INFO:colcon.colcon_core.shell:Creating prefix script '/home/waleed/ros2pratice/level2/myrobot_ws/install/local_setup.sh'
[3.588s] INFO:colcon.colcon_core.shell:Creating prefix util module '/home/waleed/ros2pratice/level2/myrobot_ws/install/_local_setup_util_sh.py'
[3.589s] INFO:colcon.colcon_core.shell:Creating prefix chain script '/home/waleed/ros2pratice/level2/myrobot_ws/install/setup.sh'
[3.621s] INFO:colcon.colcon_core.shell:Creating prefix script '/home/waleed/ros2pratice/level2/myrobot_ws/install/local_setup.bash'
[3.622s] INFO:colcon.colcon_core.shell:Creating prefix chain script '/home/waleed/ros2pratice/level2/myrobot_ws/install/setup.bash'
[3.650s] INFO:colcon.colcon_core.shell:Creating prefix script '/home/waleed/ros2pratice/level2/myrobot_ws/install/local_setup.zsh'
[3.650s] INFO:colcon.colcon_core.shell:Creating prefix chain script '/home/waleed/ros2pratice/level2/myrobot_ws/install/setup.zsh'
