[2.479s] DEBUG:colcon:Command line arguments: ['/usr/bin/colcon', 'build', '--symlink-install']
[2.480s] DEBUG:colcon:Parsed command line arguments: Namespace(log_base=None, log_level=None, verb_name='build', build_base='build', install_base='install', merge_install=False, symlink_install=True, test_result_base=None, continue_on_error=False, executor='parallel', parallel_workers=4, event_handlers=None, ignore_user_meta=False, metas=['./colcon.meta'], base_paths=['.'], packages_ignore=None, packages_ignore_regex=None, paths=None, packages_up_to=None, packages_up_to_regex=None, packages_above=None, packages_above_and_dependencies=None, packages_above_depth=None, packages_select_by_dep=None, packages_skip_by_dep=None, packages_skip_up_to=None, packages_select_build_failed=False, packages_skip_build_finished=False, packages_select_test_failures=False, packages_skip_test_passed=False, packages_select=None, packages_skip=None, packages_select_regex=None, packages_skip_regex=None, packages_start=None, packages_end=None, allow_overriding=[], cmake_args=None, cmake_target=None, cmake_target_skip_unavailable=False, cmake_clean_cache=False, cmake_clean_first=False, cmake_force_configure=False, ament_cmake_args=None, catkin_cmake_args=None, catkin_skip_building_tests=False, verb_parser=<colcon_defaults.argument_parser.defaults.DefaultArgumentsDecorator object at 0x7fb8de618730>, verb_extension=<colcon_core.verb.build.BuildVerb object at 0x7fb8dead44f0>, main=<bound method BuildVerb.main of <colcon_core.verb.build.BuildVerb object at 0x7fb8dead44f0>>)
[2.561s] Level 1:colcon.colcon_core.package_discovery:discover_packages(colcon_meta) check parameters
[2.561s] Level 1:colcon.colcon_core.package_discovery:discover_packages(recursive) check parameters
[2.562s] Level 1:colcon.colcon_core.package_discovery:discover_packages(ignore) check parameters
[2.562s] Level 1:colcon.colcon_core.package_discovery:discover_packages(path) check parameters
[2.562s] Level 1:colcon.colcon_core.package_discovery:discover_packages(colcon_meta) discover
[2.562s] Level 1:colcon.colcon_core.package_discovery:discover_packages(recursive) discover
[2.562s] INFO:colcon.colcon_core.package_discovery:Crawling recursively for packages in '/home/waleed/ros2pratice/level2/myrobot_ws'
[2.563s] Level 1:colcon.colcon_core.package_identification:_identify(.) by extensions ['ignore', 'ignore_ament_install']
[2.563s] Level 1:colcon.colcon_core.package_identification:_identify(.) by extension 'ignore'
[2.563s] Level 1:colcon.colcon_core.package_identification:_identify(.) by extension 'ignore_ament_install'
[2.563s] Level 1:colcon.colcon_core.package_identification:_identify(.) by extensions ['colcon_pkg']
[2.563s] Level 1:colcon.colcon_core.package_identification:_identify(.) by extension 'colcon_pkg'
[2.564s] Level 1:colcon.colcon_core.package_identification:_identify(.) by extensions ['colcon_meta']
[2.564s] Level 1:colcon.colcon_core.package_identification:_identify(.) by extension 'colcon_meta'
[2.564s] Level 1:colcon.colcon_core.package_identification:_identify(.) by extensions ['ros']
[2.564s] Level 1:colcon.colcon_core.package_identification:_identify(.) by extension 'ros'
[2.579s] Level 1:colcon.colcon_core.package_identification:_identify(.) by extensions ['cmake', 'python']
[2.579s] Level 1:colcon.colcon_core.package_identification:_identify(.) by extension 'cmake'
[2.579s] Level 1:colcon.colcon_core.package_identification:_identify(.) by extension 'python'
[2.580s] Level 1:colcon.colcon_core.package_identification:_identify(.) by extensions ['python_setup_py']
[2.580s] Level 1:colcon.colcon_core.package_identification:_identify(.) by extension 'python_setup_py'
[2.580s] Level 1:colcon.colcon_core.package_identification:_identify(build) by extensions ['ignore', 'ignore_ament_install']
[2.580s] Level 1:colcon.colcon_core.package_identification:_identify(build) by extension 'ignore'
[2.580s] Level 1:colcon.colcon_core.package_identification:_identify(build) ignored
[2.581s] Level 1:colcon.colcon_core.package_identification:_identify(install) by extensions ['ignore', 'ignore_ament_install']
[2.581s] Level 1:colcon.colcon_core.package_identification:_identify(install) by extension 'ignore'
[2.581s] Level 1:colcon.colcon_core.package_identification:_identify(install) ignored
[2.581s] Level 1:colcon.colcon_core.package_identification:_identify(log) by extensions ['ignore', 'ignore_ament_install']
[2.581s] Level 1:colcon.colcon_core.package_identification:_identify(log) by extension 'ignore'
[2.582s] Level 1:colcon.colcon_core.package_identification:_identify(log) ignored
[2.582s] Level 1:colcon.colcon_core.package_identification:_identify(src) by extensions ['ignore', 'ignore_ament_install']
[2.582s] Level 1:colcon.colcon_core.package_identification:_identify(src) by extension 'ignore'
[2.582s] Level 1:colcon.colcon_core.package_identification:_identify(src) by extension 'ignore_ament_install'
[2.582s] Level 1:colcon.colcon_core.package_identification:_identify(src) by extensions ['colcon_pkg']
[2.582s] Level 1:colcon.colcon_core.package_identification:_identify(src) by extension 'colcon_pkg'
[2.582s] Level 1:colcon.colcon_core.package_identification:_identify(src) by extensions ['colcon_meta']
[2.582s] Level 1:colcon.colcon_core.package_identification:_identify(src) by extension 'colcon_meta'
[2.583s] Level 1:colcon.colcon_core.package_identification:_identify(src) by extensions ['ros']
[2.583s] Level 1:colcon.colcon_core.package_identification:_identify(src) by extension 'ros'
[2.583s] Level 1:colcon.colcon_core.package_identification:_identify(src) by extensions ['cmake', 'python']
[2.583s] Level 1:colcon.colcon_core.package_identification:_identify(src) by extension 'cmake'
[2.583s] Level 1:colcon.colcon_core.package_identification:_identify(src) by extension 'python'
[2.583s] Level 1:colcon.colcon_core.package_identification:_identify(src) by extensions ['python_setup_py']
[2.583s] Level 1:colcon.colcon_core.package_identification:_identify(src) by extension 'python_setup_py'
[2.583s] Level 1:colcon.colcon_core.package_identification:_identify(src/test_description) by extensions ['ignore', 'ignore_ament_install']
[2.584s] Level 1:colcon.colcon_core.package_identification:_identify(src/test_description) by extension 'ignore'
[2.584s] Level 1:colcon.colcon_core.package_identification:_identify(src/test_description) by extension 'ignore_ament_install'
[2.584s] Level 1:colcon.colcon_core.package_identification:_identify(src/test_description) by extensions ['colcon_pkg']
[2.584s] Level 1:colcon.colcon_core.package_identification:_identify(src/test_description) by extension 'colcon_pkg'
[2.584s] Level 1:colcon.colcon_core.package_identification:_identify(src/test_description) by extensions ['colcon_meta']
[2.584s] Level 1:colcon.colcon_core.package_identification:_identify(src/test_description) by extension 'colcon_meta'
[2.584s] Level 1:colcon.colcon_core.package_identification:_identify(src/test_description) by extensions ['ros']
[2.584s] Level 1:colcon.colcon_core.package_identification:_identify(src/test_description) by extension 'ros'
[2.589s] DEBUG:colcon.colcon_core.package_identification:Package 'src/test_description' with type 'ros.ament_cmake' and name 'test_description'
[2.589s] Level 1:colcon.colcon_core.package_discovery:discover_packages(recursive) using defaults
[2.589s] Level 1:colcon.colcon_core.package_discovery:discover_packages(ignore) discover
[2.589s] Level 1:colcon.colcon_core.package_discovery:discover_packages(ignore) using defaults
[2.589s] Level 1:colcon.colcon_core.package_discovery:discover_packages(path) discover
[2.589s] Level 1:colcon.colcon_core.package_discovery:discover_packages(path) using defaults
[2.791s] Level 1:colcon.colcon_core.package_discovery:discover_packages(prefix_path) check parameters
[2.791s] Level 1:colcon.colcon_core.package_discovery:discover_packages(prefix_path) discover
[2.857s] DEBUG:colcon.colcon_installed_package_information.package_discovery:Found 2 installed packages in /home/waleed/ros2pratice/level2/2_URDFLauncher/selfbalance_ws/install
[2.886s] DEBUG:colcon.colcon_installed_package_information.package_discovery:Found 4 installed packages in /home/waleed/ros2pratice/TAM_ws/install
[2.914s] DEBUG:colcon.colcon_installed_package_information.package_discovery:Found 1 installed packages in /home/waleed/ros2pratice/level2/myrobot_ws/install
[2.944s] DEBUG:colcon.colcon_installed_package_information.package_discovery:Found 5 installed packages in /home/waleed/ros2pratice/level1/level1_sumup/install
[2.971s] DEBUG:colcon.colcon_installed_package_information.package_discovery:Found 9 installed packages in /home/waleed/ros2pratice/level1/1_firstprog/install
[2.999s] DEBUG:colcon.colcon_installed_package_information.package_discovery:Found 302 installed packages in /opt/ros/humble
[3.001s] Level 1:colcon.colcon_core.package_discovery:discover_packages(prefix_path) using defaults
[3.218s] Level 5:colcon.colcon_core.verb:set package 'test_description' build argument 'cmake_args' from command line to 'None'
[3.219s] Level 5:colcon.colcon_core.verb:set package 'test_description' build argument 'cmake_target' from command line to 'None'
[3.219s] Level 5:colcon.colcon_core.verb:set package 'test_description' build argument 'cmake_target_skip_unavailable' from command line to 'False'
[3.219s] Level 5:colcon.colcon_core.verb:set package 'test_description' build argument 'cmake_clean_cache' from command line to 'False'
[3.219s] Level 5:colcon.colcon_core.verb:set package 'test_description' build argument 'cmake_clean_first' from command line to 'False'
[3.219s] Level 5:colcon.colcon_core.verb:set package 'test_description' build argument 'cmake_force_configure' from command line to 'False'
[3.219s] Level 5:colcon.colcon_core.verb:set package 'test_description' build argument 'ament_cmake_args' from command line to 'None'
[3.219s] Level 5:colcon.colcon_core.verb:set package 'test_description' build argument 'catkin_cmake_args' from command line to 'None'
[3.219s] Level 5:colcon.colcon_core.verb:set package 'test_description' build argument 'catkin_skip_building_tests' from command line to 'False'
[3.219s] DEBUG:colcon.colcon_core.verb:Building package 'test_description' with the following arguments: {'ament_cmake_args': None, 'build_base': '/home/waleed/ros2pratice/level2/myrobot_ws/build/test_description', 'catkin_cmake_args': None, 'catkin_skip_building_tests': False, 'cmake_args': None, 'cmake_clean_cache': False, 'cmake_clean_first': False, 'cmake_force_configure': False, 'cmake_target': None, 'cmake_target_skip_unavailable': False, 'install_base': '/home/waleed/ros2pratice/level2/myrobot_ws/install/test_description', 'merge_install': False, 'path': '/home/waleed/ros2pratice/level2/myrobot_ws/src/test_description', 'symlink_install': True, 'test_result_base': None}
[3.248s] INFO:colcon.colcon_core.executor:Executing jobs using 'parallel' executor
[3.276s] DEBUG:colcon.colcon_parallel_executor.executor.parallel:run_until_complete
[3.276s] INFO:colcon.colcon_ros.task.ament_cmake.build:Building ROS package in '/home/waleed/ros2pratice/level2/myrobot_ws/src/test_description' with build type 'ament_cmake'
[3.277s] INFO:colcon.colcon_cmake.task.cmake.build:Building CMake package in '/home/waleed/ros2pratice/level2/myrobot_ws/src/test_description'
[3.321s] INFO:colcon.colcon_core.plugin_system:Skipping extension 'colcon_core.shell.bat': Not used on non-Windows systems
[3.322s] INFO:colcon.colcon_core.shell:Skip shell extension 'powershell' for command environment: Not usable outside of PowerShell
[3.322s] DEBUG:colcon.colcon_core.shell:Skip shell extension 'dsv' for command environment
[3.564s] DEBUG:colcon.colcon_core.event_handler.log_command:Invoking command in '/home/waleed/ros2pratice/level2/myrobot_ws/build/test_description': CMAKE_PREFIX_PATH=${CMAKE_PREFIX_PATH}:/home/waleed/ros2pratice/TAM_ws/install/sim:/home/waleed/ros2pratice/TAM_ws/install/drawer:/home/waleed/ros2pratice/TAM_ws/install/TAM_draw:/home/waleed/ros2pratice/level1/level1_sumup/install/custom_test:/home/waleed/ros2pratice/level1/level1_sumup/install/SrvCli:/home/waleed/ros2pratice/level1/level1_sumup/install/PubSub:/home/waleed/ros2pratice/level1/1_firstprog/install/my_py_pkg:/opt/ros/humble /home/waleed/.local/bin/cmake --build /home/waleed/ros2pratice/level2/myrobot_ws/build/test_description -- -j4 -l4
[3.664s] DEBUG:colcon.colcon_core.event_handler.log_command:Invoked command in '/home/waleed/ros2pratice/level2/myrobot_ws/build/test_description' returned '0': CMAKE_PREFIX_PATH=${CMAKE_PREFIX_PATH}:/home/waleed/ros2pratice/TAM_ws/install/sim:/home/waleed/ros2pratice/TAM_ws/install/drawer:/home/waleed/ros2pratice/TAM_ws/install/TAM_draw:/home/waleed/ros2pratice/level1/level1_sumup/install/custom_test:/home/waleed/ros2pratice/level1/level1_sumup/install/SrvCli:/home/waleed/ros2pratice/level1/level1_sumup/install/PubSub:/home/waleed/ros2pratice/level1/1_firstprog/install/my_py_pkg:/opt/ros/humble /home/waleed/.local/bin/cmake --build /home/waleed/ros2pratice/level2/myrobot_ws/build/test_description -- -j4 -l4
[3.790s] DEBUG:colcon.colcon_core.event_handler.log_command:Invoking command in '/home/waleed/ros2pratice/level2/myrobot_ws/build/test_description': CMAKE_PREFIX_PATH=${CMAKE_PREFIX_PATH}:/home/waleed/ros2pratice/TAM_ws/install/sim:/home/waleed/ros2pratice/TAM_ws/install/drawer:/home/waleed/ros2pratice/TAM_ws/install/TAM_draw:/home/waleed/ros2pratice/level1/level1_sumup/install/custom_test:/home/waleed/ros2pratice/level1/level1_sumup/install/SrvCli:/home/waleed/ros2pratice/level1/level1_sumup/install/PubSub:/home/waleed/ros2pratice/level1/1_firstprog/install/my_py_pkg:/opt/ros/humble /home/waleed/.local/bin/cmake --install /home/waleed/ros2pratice/level2/myrobot_ws/build/test_description
[3.881s] Level 1:colcon.colcon_core.environment:create_environment_scripts_only(test_description)
[3.882s] DEBUG:colcon.colcon_core.event_handler.log_command:Invoked command in '/home/waleed/ros2pratice/level2/myrobot_ws/build/test_description' returned '0': CMAKE_PREFIX_PATH=${CMAKE_PREFIX_PATH}:/home/waleed/ros2pratice/TAM_ws/install/sim:/home/waleed/ros2pratice/TAM_ws/install/drawer:/home/waleed/ros2pratice/TAM_ws/install/TAM_draw:/home/waleed/ros2pratice/level1/level1_sumup/install/custom_test:/home/waleed/ros2pratice/level1/level1_sumup/install/SrvCli:/home/waleed/ros2pratice/level1/level1_sumup/install/PubSub:/home/waleed/ros2pratice/level1/1_firstprog/install/my_py_pkg:/opt/ros/humble /home/waleed/.local/bin/cmake --install /home/waleed/ros2pratice/level2/myrobot_ws/build/test_description
[3.934s] Level 1:colcon.colcon_core.environment:checking '/home/waleed/ros2pratice/level2/myrobot_ws/install/test_description' for CMake module files
[3.935s] Level 1:colcon.colcon_core.environment:checking '/home/waleed/ros2pratice/level2/myrobot_ws/install/test_description' for CMake config files
[3.936s] Level 1:colcon.colcon_core.shell:create_environment_hook('test_description', 'cmake_prefix_path')
[3.962s] INFO:colcon.colcon_core.shell:Creating environment hook '/home/waleed/ros2pratice/level2/myrobot_ws/install/test_description/share/test_description/hook/cmake_prefix_path.ps1'
[3.964s] INFO:colcon.colcon_core.shell:Creating environment descriptor '/home/waleed/ros2pratice/level2/myrobot_ws/install/test_description/share/test_description/hook/cmake_prefix_path.dsv'
[3.966s] INFO:colcon.colcon_core.shell:Creating environment hook '/home/waleed/ros2pratice/level2/myrobot_ws/install/test_description/share/test_description/hook/cmake_prefix_path.sh'
[3.968s] Level 1:colcon.colcon_core.environment:checking '/home/waleed/ros2pratice/level2/myrobot_ws/install/test_description/bin'
[3.968s] Level 1:colcon.colcon_core.environment:checking '/home/waleed/ros2pratice/level2/myrobot_ws/install/test_description/lib/pkgconfig/test_description.pc'
[3.968s] Level 1:colcon.colcon_core.environment:checking '/home/waleed/ros2pratice/level2/myrobot_ws/install/test_description/lib/python3.10/site-packages'
[3.968s] Level 1:colcon.colcon_core.environment:checking '/home/waleed/ros2pratice/level2/myrobot_ws/install/test_description/bin'
[3.999s] INFO:colcon.colcon_core.shell:Creating package script '/home/waleed/ros2pratice/level2/myrobot_ws/install/test_description/share/test_description/package.ps1'
[4.001s] INFO:colcon.colcon_core.shell:Creating package descriptor '/home/waleed/ros2pratice/level2/myrobot_ws/install/test_description/share/test_description/package.dsv'
[4.002s] INFO:colcon.colcon_core.shell:Creating package script '/home/waleed/ros2pratice/level2/myrobot_ws/install/test_description/share/test_description/package.sh'
[4.004s] INFO:colcon.colcon_core.shell:Creating package script '/home/waleed/ros2pratice/level2/myrobot_ws/install/test_description/share/test_description/package.bash'
[4.007s] INFO:colcon.colcon_core.shell:Creating package script '/home/waleed/ros2pratice/level2/myrobot_ws/install/test_description/share/test_description/package.zsh'
[4.009s] Level 1:colcon.colcon_core.environment:create_file_with_runtime_dependencies(/home/waleed/ros2pratice/level2/myrobot_ws/install/test_description/share/colcon-core/packages/test_description)
[4.113s] Level 1:colcon.colcon_core.environment:create_environment_scripts_only(test_description)
[4.143s] Level 1:colcon.colcon_core.environment:checking '/home/waleed/ros2pratice/level2/myrobot_ws/install/test_description' for CMake module files
[4.144s] Level 1:colcon.colcon_core.environment:checking '/home/waleed/ros2pratice/level2/myrobot_ws/install/test_description' for CMake config files
[4.146s] Level 1:colcon.colcon_core.shell:create_environment_hook('test_description', 'cmake_prefix_path')
[4.173s] INFO:colcon.colcon_core.shell:Creating environment hook '/home/waleed/ros2pratice/level2/myrobot_ws/install/test_description/share/test_description/hook/cmake_prefix_path.ps1'
[4.173s] INFO:colcon.colcon_core.shell:Creating environment descriptor '/home/waleed/ros2pratice/level2/myrobot_ws/install/test_description/share/test_description/hook/cmake_prefix_path.dsv'
[4.174s] INFO:colcon.colcon_core.shell:Creating environment hook '/home/waleed/ros2pratice/level2/myrobot_ws/install/test_description/share/test_description/hook/cmake_prefix_path.sh'
[4.175s] Level 1:colcon.colcon_core.environment:checking '/home/waleed/ros2pratice/level2/myrobot_ws/install/test_description/bin'
[4.175s] Level 1:colcon.colcon_core.environment:checking '/home/waleed/ros2pratice/level2/myrobot_ws/install/test_description/lib/pkgconfig/test_description.pc'
[4.176s] Level 1:colcon.colcon_core.environment:checking '/home/waleed/ros2pratice/level2/myrobot_ws/install/test_description/lib/python3.10/site-packages'
[4.176s] Level 1:colcon.colcon_core.environment:checking '/home/waleed/ros2pratice/level2/myrobot_ws/install/test_description/bin'
[4.205s] INFO:colcon.colcon_core.shell:Creating package script '/home/waleed/ros2pratice/level2/myrobot_ws/install/test_description/share/test_description/package.ps1'
[4.206s] INFO:colcon.colcon_core.shell:Creating package descriptor '/home/waleed/ros2pratice/level2/myrobot_ws/install/test_description/share/test_description/package.dsv'
[4.206s] INFO:colcon.colcon_core.shell:Creating package script '/home/waleed/ros2pratice/level2/myrobot_ws/install/test_description/share/test_description/package.sh'
[4.207s] INFO:colcon.colcon_core.shell:Creating package script '/home/waleed/ros2pratice/level2/myrobot_ws/install/test_description/share/test_description/package.bash'
[4.208s] INFO:colcon.colcon_core.shell:Creating package script '/home/waleed/ros2pratice/level2/myrobot_ws/install/test_description/share/test_description/package.zsh'
[4.208s] Level 1:colcon.colcon_core.environment:create_file_with_runtime_dependencies(/home/waleed/ros2pratice/level2/myrobot_ws/install/test_description/share/colcon-core/packages/test_description)
[4.209s] DEBUG:colcon.colcon_parallel_executor.executor.parallel:closing loop
[4.211s] DEBUG:colcon.colcon_parallel_executor.executor.parallel:loop closed
[4.211s] DEBUG:colcon.colcon_parallel_executor.executor.parallel:run_until_complete finished with '0'
[4.211s] DEBUG:colcon.colcon_core.event_reactor:joining thread
[4.362s] INFO:colcon.colcon_core.plugin_system:Skipping extension 'colcon_notification.desktop_notification.notify_send': Could not find 'notify-send'
[4.362s] INFO:colcon.colcon_core.plugin_system:Skipping extension 'colcon_notification.desktop_notification.terminal_notifier': Not used on non-Darwin systems
[4.362s] INFO:colcon.colcon_core.plugin_system:Skipping extension 'colcon_notification.desktop_notification.win32': Not used on non-Windows systems
[4.363s] INFO:colcon.colcon_notification.desktop_notification:Sending desktop notification using 'notify2'
[4.364s] DEBUG:colcon.colcon_notification.desktop_notification.notify2:Failed to initialize notify2: org.freedesktop.DBus.Error.ServiceUnknown: The name org.freedesktop.Notifications was not provided by any .service files
[4.364s] DEBUG:colcon.colcon_core.event_reactor:joined thread
[4.408s] INFO:colcon.colcon_core.shell:Creating prefix script '/home/waleed/ros2pratice/level2/myrobot_ws/install/local_setup.ps1'
[4.417s] INFO:colcon.colcon_core.shell:Creating prefix util module '/home/waleed/ros2pratice/level2/myrobot_ws/install/_local_setup_util_ps1.py'
[4.420s] INFO:colcon.colcon_core.shell:Creating prefix chain script '/home/waleed/ros2pratice/level2/myrobot_ws/install/setup.ps1'
[4.451s] INFO:colcon.colcon_core.shell:Creating prefix script '/home/waleed/ros2pratice/level2/myrobot_ws/install/local_setup.sh'
[4.452s] INFO:colcon.colcon_core.shell:Creating prefix util module '/home/waleed/ros2pratice/level2/myrobot_ws/install/_local_setup_util_sh.py'
[4.453s] INFO:colcon.colcon_core.shell:Creating prefix chain script '/home/waleed/ros2pratice/level2/myrobot_ws/install/setup.sh'
[4.484s] INFO:colcon.colcon_core.shell:Creating prefix script '/home/waleed/ros2pratice/level2/myrobot_ws/install/local_setup.bash'
[4.485s] INFO:colcon.colcon_core.shell:Creating prefix chain script '/home/waleed/ros2pratice/level2/myrobot_ws/install/setup.bash'
[4.514s] INFO:colcon.colcon_core.shell:Creating prefix script '/home/waleed/ros2pratice/level2/myrobot_ws/install/local_setup.zsh'
[4.516s] INFO:colcon.colcon_core.shell:Creating prefix chain script '/home/waleed/ros2pratice/level2/myrobot_ws/install/setup.zsh'
