[6.543s] DEBUG:colcon:Command line arguments: ['/usr/bin/colcon', 'build']
[6.543s] DEBUG:colcon:Parsed command line arguments: Namespace(log_base=None, log_level=None, verb_name='build', build_base='build', install_base='install', merge_install=False, symlink_install=False, test_result_base=None, continue_on_error=False, executor='parallel', parallel_workers=4, event_handlers=None, ignore_user_meta=False, metas=['./colcon.meta'], base_paths=['.'], packages_ignore=None, packages_ignore_regex=None, paths=None, packages_up_to=None, packages_up_to_regex=None, packages_above=None, packages_above_and_dependencies=None, packages_above_depth=None, packages_select_by_dep=None, packages_skip_by_dep=None, packages_skip_up_to=None, packages_select_build_failed=False, packages_skip_build_finished=False, packages_select_test_failures=False, packages_skip_test_passed=False, packages_select=None, packages_skip=None, packages_select_regex=None, packages_skip_regex=None, packages_start=None, packages_end=None, allow_overriding=[], cmake_args=None, cmake_target=None, cmake_target_skip_unavailable=False, cmake_clean_cache=False, cmake_clean_first=False, cmake_force_configure=False, ament_cmake_args=None, catkin_cmake_args=None, catkin_skip_building_tests=False, verb_parser=<colcon_defaults.argument_parser.defaults.DefaultArgumentsDecorator object at 0x7f361a0e8e50>, verb_extension=<colcon_core.verb.build.BuildVerb object at 0x7f361a575930>, main=<bound method BuildVerb.main of <colcon_core.verb.build.BuildVerb object at 0x7f361a575930>>)
[6.695s] Level 1:colcon.colcon_core.package_discovery:discover_packages(colcon_meta) check parameters
[6.695s] Level 1:colcon.colcon_core.package_discovery:discover_packages(recursive) check parameters
[6.695s] Level 1:colcon.colcon_core.package_discovery:discover_packages(ignore) check parameters
[6.695s] Level 1:colcon.colcon_core.package_discovery:discover_packages(path) check parameters
[6.695s] Level 1:colcon.colcon_core.package_discovery:discover_packages(colcon_meta) discover
[6.695s] Level 1:colcon.colcon_core.package_discovery:discover_packages(recursive) discover
[6.696s] INFO:colcon.colcon_core.package_discovery:Crawling recursively for packages in '/home/waleed/ros2pratice/level2/2_URDFLauncher/selfbalance_ws'
[6.696s] Level 1:colcon.colcon_core.package_identification:_identify(.) by extensions ['ignore', 'ignore_ament_install']
[6.696s] Level 1:colcon.colcon_core.package_identification:_identify(.) by extension 'ignore'
[6.696s] Level 1:colcon.colcon_core.package_identification:_identify(.) by extension 'ignore_ament_install'
[6.696s] Level 1:colcon.colcon_core.package_identification:_identify(.) by extensions ['colcon_pkg']
[6.696s] Level 1:colcon.colcon_core.package_identification:_identify(.) by extension 'colcon_pkg'
[6.696s] Level 1:colcon.colcon_core.package_identification:_identify(.) by extensions ['colcon_meta']
[6.697s] Level 1:colcon.colcon_core.package_identification:_identify(.) by extension 'colcon_meta'
[6.697s] Level 1:colcon.colcon_core.package_identification:_identify(.) by extensions ['ros']
[6.697s] Level 1:colcon.colcon_core.package_identification:_identify(.) by extension 'ros'
[6.738s] Level 1:colcon.colcon_core.package_identification:_identify(.) by extensions ['cmake', 'python']
[6.738s] Level 1:colcon.colcon_core.package_identification:_identify(.) by extension 'cmake'
[6.738s] Level 1:colcon.colcon_core.package_identification:_identify(.) by extension 'python'
[6.738s] Level 1:colcon.colcon_core.package_identification:_identify(.) by extensions ['python_setup_py']
[6.739s] Level 1:colcon.colcon_core.package_identification:_identify(.) by extension 'python_setup_py'
[6.739s] Level 1:colcon.colcon_core.package_identification:_identify(build) by extensions ['ignore', 'ignore_ament_install']
[6.739s] Level 1:colcon.colcon_core.package_identification:_identify(build) by extension 'ignore'
[6.739s] Level 1:colcon.colcon_core.package_identification:_identify(build) ignored
[6.740s] Level 1:colcon.colcon_core.package_identification:_identify(install) by extensions ['ignore', 'ignore_ament_install']
[6.740s] Level 1:colcon.colcon_core.package_identification:_identify(install) by extension 'ignore'
[6.740s] Level 1:colcon.colcon_core.package_identification:_identify(install) ignored
[6.740s] Level 1:colcon.colcon_core.package_identification:_identify(log) by extensions ['ignore', 'ignore_ament_install']
[6.740s] Level 1:colcon.colcon_core.package_identification:_identify(log) by extension 'ignore'
[6.740s] Level 1:colcon.colcon_core.package_identification:_identify(log) ignored
[6.741s] Level 1:colcon.colcon_core.package_identification:_identify(src) by extensions ['ignore', 'ignore_ament_install']
[6.741s] Level 1:colcon.colcon_core.package_identification:_identify(src) by extension 'ignore'
[6.741s] Level 1:colcon.colcon_core.package_identification:_identify(src) by extension 'ignore_ament_install'
[6.741s] Level 1:colcon.colcon_core.package_identification:_identify(src) by extensions ['colcon_pkg']
[6.741s] Level 1:colcon.colcon_core.package_identification:_identify(src) by extension 'colcon_pkg'
[6.741s] Level 1:colcon.colcon_core.package_identification:_identify(src) by extensions ['colcon_meta']
[6.741s] Level 1:colcon.colcon_core.package_identification:_identify(src) by extension 'colcon_meta'
[6.741s] Level 1:colcon.colcon_core.package_identification:_identify(src) by extensions ['ros']
[6.742s] Level 1:colcon.colcon_core.package_identification:_identify(src) by extension 'ros'
[6.742s] Level 1:colcon.colcon_core.package_identification:_identify(src) by extensions ['cmake', 'python']
[6.742s] Level 1:colcon.colcon_core.package_identification:_identify(src) by extension 'cmake'
[6.742s] Level 1:colcon.colcon_core.package_identification:_identify(src) by extension 'python'
[6.742s] Level 1:colcon.colcon_core.package_identification:_identify(src) by extensions ['python_setup_py']
[6.742s] Level 1:colcon.colcon_core.package_identification:_identify(src) by extension 'python_setup_py'
[6.742s] Level 1:colcon.colcon_core.package_identification:_identify(src/selfbalance_description) by extensions ['ignore', 'ignore_ament_install']
[6.743s] Level 1:colcon.colcon_core.package_identification:_identify(src/selfbalance_description) by extension 'ignore'
[6.743s] Level 1:colcon.colcon_core.package_identification:_identify(src/selfbalance_description) by extension 'ignore_ament_install'
[6.743s] Level 1:colcon.colcon_core.package_identification:_identify(src/selfbalance_description) by extensions ['colcon_pkg']
[6.743s] Level 1:colcon.colcon_core.package_identification:_identify(src/selfbalance_description) by extension 'colcon_pkg'
[6.743s] Level 1:colcon.colcon_core.package_identification:_identify(src/selfbalance_description) by extensions ['colcon_meta']
[6.743s] Level 1:colcon.colcon_core.package_identification:_identify(src/selfbalance_description) by extension 'colcon_meta'
[6.743s] Level 1:colcon.colcon_core.package_identification:_identify(src/selfbalance_description) by extensions ['ros']
[6.743s] Level 1:colcon.colcon_core.package_identification:_identify(src/selfbalance_description) by extension 'ros'
[6.751s] DEBUG:colcon.colcon_core.package_identification:Package 'src/selfbalance_description' with type 'ros.ament_cmake' and name 'selfbalance_description'
[6.751s] Level 1:colcon.colcon_core.package_discovery:discover_packages(recursive) using defaults
[6.751s] Level 1:colcon.colcon_core.package_discovery:discover_packages(ignore) discover
[6.751s] Level 1:colcon.colcon_core.package_discovery:discover_packages(ignore) using defaults
[6.751s] Level 1:colcon.colcon_core.package_discovery:discover_packages(path) discover
[6.752s] Level 1:colcon.colcon_core.package_discovery:discover_packages(path) using defaults
[7.075s] Level 1:colcon.colcon_core.package_discovery:discover_packages(prefix_path) check parameters
[7.075s] Level 1:colcon.colcon_core.package_discovery:discover_packages(prefix_path) discover
[7.388s] DEBUG:colcon.colcon_installed_package_information.package_discovery:Found 1 installed packages in /home/waleed/ros2pratice/level2/2_URDFLauncher/selfbalance_ws/install
[7.436s] DEBUG:colcon.colcon_installed_package_information.package_discovery:Found 1 installed packages in /home/waleed/ros2pratice/level2/myrobot_ws/install
[7.564s] DEBUG:colcon.colcon_installed_package_information.package_discovery:Found 5 installed packages in /home/waleed/ros2pratice/level1/level1_sumup/install
[7.788s] DEBUG:colcon.colcon_installed_package_information.package_discovery:Found 9 installed packages in /home/waleed/ros2pratice/level1/1_firstprog/install
[7.861s] DEBUG:colcon.colcon_installed_package_information.package_discovery:Found 298 installed packages in /opt/ros/humble
[7.863s] Level 1:colcon.colcon_core.package_discovery:discover_packages(prefix_path) using defaults
[8.137s] Level 5:colcon.colcon_core.verb:set package 'selfbalance_description' build argument 'cmake_args' from command line to 'None'
[8.137s] Level 5:colcon.colcon_core.verb:set package 'selfbalance_description' build argument 'cmake_target' from command line to 'None'
[8.137s] Level 5:colcon.colcon_core.verb:set package 'selfbalance_description' build argument 'cmake_target_skip_unavailable' from command line to 'False'
[8.137s] Level 5:colcon.colcon_core.verb:set package 'selfbalance_description' build argument 'cmake_clean_cache' from command line to 'False'
[8.137s] Level 5:colcon.colcon_core.verb:set package 'selfbalance_description' build argument 'cmake_clean_first' from command line to 'False'
[8.137s] Level 5:colcon.colcon_core.verb:set package 'selfbalance_description' build argument 'cmake_force_configure' from command line to 'False'
[8.138s] Level 5:colcon.colcon_core.verb:set package 'selfbalance_description' build argument 'ament_cmake_args' from command line to 'None'
[8.138s] Level 5:colcon.colcon_core.verb:set package 'selfbalance_description' build argument 'catkin_cmake_args' from command line to 'None'
[8.138s] Level 5:colcon.colcon_core.verb:set package 'selfbalance_description' build argument 'catkin_skip_building_tests' from command line to 'False'
[8.138s] DEBUG:colcon.colcon_core.verb:Building package 'selfbalance_description' with the following arguments: {'ament_cmake_args': None, 'build_base': '/home/waleed/ros2pratice/level2/2_URDFLauncher/selfbalance_ws/build/selfbalance_description', 'catkin_cmake_args': None, 'catkin_skip_building_tests': False, 'cmake_args': None, 'cmake_clean_cache': False, 'cmake_clean_first': False, 'cmake_force_configure': False, 'cmake_target': None, 'cmake_target_skip_unavailable': False, 'install_base': '/home/waleed/ros2pratice/level2/2_URDFLauncher/selfbalance_ws/install/selfbalance_description', 'merge_install': False, 'path': '/home/waleed/ros2pratice/level2/2_URDFLauncher/selfbalance_ws/src/selfbalance_description', 'symlink_install': False, 'test_result_base': None}
[8.192s] INFO:colcon.colcon_core.executor:Executing jobs using 'parallel' executor
[8.247s] DEBUG:colcon.colcon_parallel_executor.executor.parallel:run_until_complete
[8.248s] INFO:colcon.colcon_ros.task.ament_cmake.build:Building ROS package in '/home/waleed/ros2pratice/level2/2_URDFLauncher/selfbalance_ws/src/selfbalance_description' with build type 'ament_cmake'
[8.248s] INFO:colcon.colcon_cmake.task.cmake.build:Building CMake package in '/home/waleed/ros2pratice/level2/2_URDFLauncher/selfbalance_ws/src/selfbalance_description'
[8.320s] INFO:colcon.colcon_core.plugin_system:Skipping extension 'colcon_core.shell.bat': Not used on non-Windows systems
[8.322s] INFO:colcon.colcon_core.shell:Skip shell extension 'powershell' for command environment: Not usable outside of PowerShell
[8.322s] DEBUG:colcon.colcon_core.shell:Skip shell extension 'dsv' for command environment
[8.635s] DEBUG:colcon.colcon_core.event_handler.log_command:Invoking command in '/home/waleed/ros2pratice/level2/2_URDFLauncher/selfbalance_ws/build/selfbalance_description': CMAKE_PREFIX_PATH=${CMAKE_PREFIX_PATH}:/home/waleed/ros2pratice/level1/level1_sumup/install/custom_test:/home/waleed/ros2pratice/level1/level1_sumup/install/SrvCli:/home/waleed/ros2pratice/level1/level1_sumup/install/PubSub:/home/waleed/ros2pratice/level1/1_firstprog/install/my_py_pkg:/opt/ros/humble /home/waleed/.local/bin/cmake --build /home/waleed/ros2pratice/level2/2_URDFLauncher/selfbalance_ws/build/selfbalance_description -- -j4 -l4
[9.207s] DEBUG:colcon.colcon_core.event_handler.log_command:Invoked command in '/home/waleed/ros2pratice/level2/2_URDFLauncher/selfbalance_ws/build/selfbalance_description' returned '0': CMAKE_PREFIX_PATH=${CMAKE_PREFIX_PATH}:/home/waleed/ros2pratice/level1/level1_sumup/install/custom_test:/home/waleed/ros2pratice/level1/level1_sumup/install/SrvCli:/home/waleed/ros2pratice/level1/level1_sumup/install/PubSub:/home/waleed/ros2pratice/level1/1_firstprog/install/my_py_pkg:/opt/ros/humble /home/waleed/.local/bin/cmake --build /home/waleed/ros2pratice/level2/2_URDFLauncher/selfbalance_ws/build/selfbalance_description -- -j4 -l4
[9.563s] DEBUG:colcon.colcon_core.event_handler.log_command:Invoking command in '/home/waleed/ros2pratice/level2/2_URDFLauncher/selfbalance_ws/build/selfbalance_description': CMAKE_PREFIX_PATH=${CMAKE_PREFIX_PATH}:/home/waleed/ros2pratice/level1/level1_sumup/install/custom_test:/home/waleed/ros2pratice/level1/level1_sumup/install/SrvCli:/home/waleed/ros2pratice/level1/level1_sumup/install/PubSub:/home/waleed/ros2pratice/level1/1_firstprog/install/my_py_pkg:/opt/ros/humble /home/waleed/.local/bin/cmake --install /home/waleed/ros2pratice/level2/2_URDFLauncher/selfbalance_ws/build/selfbalance_description
[9.660s] Level 1:colcon.colcon_core.environment:create_environment_scripts_only(selfbalance_description)
[9.661s] DEBUG:colcon.colcon_core.event_handler.log_command:Invoked command in '/home/waleed/ros2pratice/level2/2_URDFLauncher/selfbalance_ws/build/selfbalance_description' returned '0': CMAKE_PREFIX_PATH=${CMAKE_PREFIX_PATH}:/home/waleed/ros2pratice/level1/level1_sumup/install/custom_test:/home/waleed/ros2pratice/level1/level1_sumup/install/SrvCli:/home/waleed/ros2pratice/level1/level1_sumup/install/PubSub:/home/waleed/ros2pratice/level1/1_firstprog/install/my_py_pkg:/opt/ros/humble /home/waleed/.local/bin/cmake --install /home/waleed/ros2pratice/level2/2_URDFLauncher/selfbalance_ws/build/selfbalance_description
[9.730s] Level 1:colcon.colcon_core.environment:checking '/home/waleed/ros2pratice/level2/2_URDFLauncher/selfbalance_ws/install/selfbalance_description' for CMake module files
[9.731s] Level 1:colcon.colcon_core.environment:checking '/home/waleed/ros2pratice/level2/2_URDFLauncher/selfbalance_ws/install/selfbalance_description' for CMake config files
[9.732s] Level 1:colcon.colcon_core.shell:create_environment_hook('selfbalance_description', 'cmake_prefix_path')
[9.785s] INFO:colcon.colcon_core.shell:Creating environment hook '/home/waleed/ros2pratice/level2/2_URDFLauncher/selfbalance_ws/install/selfbalance_description/share/selfbalance_description/hook/cmake_prefix_path.ps1'
[9.786s] INFO:colcon.colcon_core.shell:Creating environment descriptor '/home/waleed/ros2pratice/level2/2_URDFLauncher/selfbalance_ws/install/selfbalance_description/share/selfbalance_description/hook/cmake_prefix_path.dsv'
[9.787s] INFO:colcon.colcon_core.shell:Creating environment hook '/home/waleed/ros2pratice/level2/2_URDFLauncher/selfbalance_ws/install/selfbalance_description/share/selfbalance_description/hook/cmake_prefix_path.sh'
[9.790s] Level 1:colcon.colcon_core.environment:checking '/home/waleed/ros2pratice/level2/2_URDFLauncher/selfbalance_ws/install/selfbalance_description/bin'
[9.790s] Level 1:colcon.colcon_core.environment:checking '/home/waleed/ros2pratice/level2/2_URDFLauncher/selfbalance_ws/install/selfbalance_description/lib/pkgconfig/selfbalance_description.pc'
[9.791s] Level 1:colcon.colcon_core.environment:checking '/home/waleed/ros2pratice/level2/2_URDFLauncher/selfbalance_ws/install/selfbalance_description/lib/python3.10/site-packages'
[9.791s] Level 1:colcon.colcon_core.environment:checking '/home/waleed/ros2pratice/level2/2_URDFLauncher/selfbalance_ws/install/selfbalance_description/bin'
[9.847s] INFO:colcon.colcon_core.shell:Creating package script '/home/waleed/ros2pratice/level2/2_URDFLauncher/selfbalance_ws/install/selfbalance_description/share/selfbalance_description/package.ps1'
[9.849s] INFO:colcon.colcon_core.shell:Creating package descriptor '/home/waleed/ros2pratice/level2/2_URDFLauncher/selfbalance_ws/install/selfbalance_description/share/selfbalance_description/package.dsv'
[9.851s] INFO:colcon.colcon_core.shell:Creating package script '/home/waleed/ros2pratice/level2/2_URDFLauncher/selfbalance_ws/install/selfbalance_description/share/selfbalance_description/package.sh'
[9.854s] INFO:colcon.colcon_core.shell:Creating package script '/home/waleed/ros2pratice/level2/2_URDFLauncher/selfbalance_ws/install/selfbalance_description/share/selfbalance_description/package.bash'
[9.855s] INFO:colcon.colcon_core.shell:Creating package script '/home/waleed/ros2pratice/level2/2_URDFLauncher/selfbalance_ws/install/selfbalance_description/share/selfbalance_description/package.zsh'
[9.857s] Level 1:colcon.colcon_core.environment:create_file_with_runtime_dependencies(/home/waleed/ros2pratice/level2/2_URDFLauncher/selfbalance_ws/install/selfbalance_description/share/colcon-core/packages/selfbalance_description)
[10.048s] Level 1:colcon.colcon_core.environment:create_environment_scripts_only(selfbalance_description)
[10.088s] Level 1:colcon.colcon_core.environment:checking '/home/waleed/ros2pratice/level2/2_URDFLauncher/selfbalance_ws/install/selfbalance_description' for CMake module files
[10.089s] Level 1:colcon.colcon_core.environment:checking '/home/waleed/ros2pratice/level2/2_URDFLauncher/selfbalance_ws/install/selfbalance_description' for CMake config files
[10.089s] Level 1:colcon.colcon_core.shell:create_environment_hook('selfbalance_description', 'cmake_prefix_path')
[10.136s] INFO:colcon.colcon_core.shell:Creating environment hook '/home/waleed/ros2pratice/level2/2_URDFLauncher/selfbalance_ws/install/selfbalance_description/share/selfbalance_description/hook/cmake_prefix_path.ps1'
[10.137s] INFO:colcon.colcon_core.shell:Creating environment descriptor '/home/waleed/ros2pratice/level2/2_URDFLauncher/selfbalance_ws/install/selfbalance_description/share/selfbalance_description/hook/cmake_prefix_path.dsv'
[10.139s] INFO:colcon.colcon_core.shell:Creating environment hook '/home/waleed/ros2pratice/level2/2_URDFLauncher/selfbalance_ws/install/selfbalance_description/share/selfbalance_description/hook/cmake_prefix_path.sh'
[10.140s] Level 1:colcon.colcon_core.environment:checking '/home/waleed/ros2pratice/level2/2_URDFLauncher/selfbalance_ws/install/selfbalance_description/bin'
[10.140s] Level 1:colcon.colcon_core.environment:checking '/home/waleed/ros2pratice/level2/2_URDFLauncher/selfbalance_ws/install/selfbalance_description/lib/pkgconfig/selfbalance_description.pc'
[10.141s] Level 1:colcon.colcon_core.environment:checking '/home/waleed/ros2pratice/level2/2_URDFLauncher/selfbalance_ws/install/selfbalance_description/lib/python3.10/site-packages'
[10.141s] Level 1:colcon.colcon_core.environment:checking '/home/waleed/ros2pratice/level2/2_URDFLauncher/selfbalance_ws/install/selfbalance_description/bin'
[10.189s] INFO:colcon.colcon_core.shell:Creating package script '/home/waleed/ros2pratice/level2/2_URDFLauncher/selfbalance_ws/install/selfbalance_description/share/selfbalance_description/package.ps1'
[10.190s] INFO:colcon.colcon_core.shell:Creating package descriptor '/home/waleed/ros2pratice/level2/2_URDFLauncher/selfbalance_ws/install/selfbalance_description/share/selfbalance_description/package.dsv'
[10.191s] INFO:colcon.colcon_core.shell:Creating package script '/home/waleed/ros2pratice/level2/2_URDFLauncher/selfbalance_ws/install/selfbalance_description/share/selfbalance_description/package.sh'
[10.191s] INFO:colcon.colcon_core.shell:Creating package script '/home/waleed/ros2pratice/level2/2_URDFLauncher/selfbalance_ws/install/selfbalance_description/share/selfbalance_description/package.bash'
[10.192s] INFO:colcon.colcon_core.shell:Creating package script '/home/waleed/ros2pratice/level2/2_URDFLauncher/selfbalance_ws/install/selfbalance_description/share/selfbalance_description/package.zsh'
[10.193s] Level 1:colcon.colcon_core.environment:create_file_with_runtime_dependencies(/home/waleed/ros2pratice/level2/2_URDFLauncher/selfbalance_ws/install/selfbalance_description/share/colcon-core/packages/selfbalance_description)
[10.194s] DEBUG:colcon.colcon_parallel_executor.executor.parallel:closing loop
[10.195s] DEBUG:colcon.colcon_parallel_executor.executor.parallel:loop closed
[10.195s] DEBUG:colcon.colcon_parallel_executor.executor.parallel:run_until_complete finished with '0'
[10.195s] DEBUG:colcon.colcon_core.event_reactor:joining thread
[10.413s] INFO:colcon.colcon_core.plugin_system:Skipping extension 'colcon_notification.desktop_notification.notify_send': Could not find 'notify-send'
[10.414s] INFO:colcon.colcon_core.plugin_system:Skipping extension 'colcon_notification.desktop_notification.terminal_notifier': Not used on non-Darwin systems
[10.414s] INFO:colcon.colcon_core.plugin_system:Skipping extension 'colcon_notification.desktop_notification.win32': Not used on non-Windows systems
[10.414s] INFO:colcon.colcon_notification.desktop_notification:Sending desktop notification using 'notify2'
[10.417s] DEBUG:colcon.colcon_notification.desktop_notification.notify2:Failed to initialize notify2: org.freedesktop.DBus.Error.ServiceUnknown: The name org.freedesktop.Notifications was not provided by any .service files
[10.418s] DEBUG:colcon.colcon_core.event_reactor:joined thread
[10.469s] INFO:colcon.colcon_core.shell:Creating prefix script '/home/waleed/ros2pratice/level2/2_URDFLauncher/selfbalance_ws/install/local_setup.ps1'
[10.471s] INFO:colcon.colcon_core.shell:Creating prefix util module '/home/waleed/ros2pratice/level2/2_URDFLauncher/selfbalance_ws/install/_local_setup_util_ps1.py'
[10.474s] INFO:colcon.colcon_core.shell:Creating prefix chain script '/home/waleed/ros2pratice/level2/2_URDFLauncher/selfbalance_ws/install/setup.ps1'
[10.530s] INFO:colcon.colcon_core.shell:Creating prefix script '/home/waleed/ros2pratice/level2/2_URDFLauncher/selfbalance_ws/install/local_setup.sh'
[10.532s] INFO:colcon.colcon_core.shell:Creating prefix util module '/home/waleed/ros2pratice/level2/2_URDFLauncher/selfbalance_ws/install/_local_setup_util_sh.py'
[10.533s] INFO:colcon.colcon_core.shell:Creating prefix chain script '/home/waleed/ros2pratice/level2/2_URDFLauncher/selfbalance_ws/install/setup.sh'
[10.590s] INFO:colcon.colcon_core.shell:Creating prefix script '/home/waleed/ros2pratice/level2/2_URDFLauncher/selfbalance_ws/install/local_setup.bash'
[10.591s] INFO:colcon.colcon_core.shell:Creating prefix chain script '/home/waleed/ros2pratice/level2/2_URDFLauncher/selfbalance_ws/install/setup.bash'
[10.649s] INFO:colcon.colcon_core.shell:Creating prefix script '/home/waleed/ros2pratice/level2/2_URDFLauncher/selfbalance_ws/install/local_setup.zsh'
[10.650s] INFO:colcon.colcon_core.shell:Creating prefix chain script '/home/waleed/ros2pratice/level2/2_URDFLauncher/selfbalance_ws/install/setup.zsh'
