[4.609s] DEBUG:colcon:Command line arguments: ['/usr/bin/colcon', 'build']
[4.610s] DEBUG:colcon:Parsed command line arguments: Namespace(log_base=None, log_level=None, verb_name='build', build_base='build', install_base='install', merge_install=False, symlink_install=False, test_result_base=None, continue_on_error=False, executor='parallel', parallel_workers=4, event_handlers=None, ignore_user_meta=False, metas=['./colcon.meta'], base_paths=['.'], packages_ignore=None, packages_ignore_regex=None, paths=None, packages_up_to=None, packages_up_to_regex=None, packages_above=None, packages_above_and_dependencies=None, packages_above_depth=None, packages_select_by_dep=None, packages_skip_by_dep=None, packages_skip_up_to=None, packages_select_build_failed=False, packages_skip_build_finished=False, packages_select_test_failures=False, packages_skip_test_passed=False, packages_select=None, packages_skip=None, packages_select_regex=None, packages_skip_regex=None, packages_start=None, packages_end=None, allow_overriding=[], cmake_args=None, cmake_target=None, cmake_target_skip_unavailable=False, cmake_clean_cache=False, cmake_clean_first=False, cmake_force_configure=False, ament_cmake_args=None, catkin_cmake_args=None, catkin_skip_building_tests=False, verb_parser=<colcon_defaults.argument_parser.defaults.DefaultArgumentsDecorator object at 0x7ff7fffa9300>, verb_extension=<colcon_core.verb.build.BuildVerb object at 0x7ff800270490>, main=<bound method BuildVerb.main of <colcon_core.verb.build.BuildVerb object at 0x7ff800270490>>)
[4.772s] Level 1:colcon.colcon_core.package_discovery:discover_packages(colcon_meta) check parameters
[4.772s] Level 1:colcon.colcon_core.package_discovery:discover_packages(recursive) check parameters
[4.772s] Level 1:colcon.colcon_core.package_discovery:discover_packages(ignore) check parameters
[4.772s] Level 1:colcon.colcon_core.package_discovery:discover_packages(path) check parameters
[4.772s] Level 1:colcon.colcon_core.package_discovery:discover_packages(colcon_meta) discover
[4.773s] Level 1:colcon.colcon_core.package_discovery:discover_packages(recursive) discover
[4.773s] INFO:colcon.colcon_core.package_discovery:Crawling recursively for packages in '/home/waleed/ros2pratice/level2/myrobot_ws'
[4.773s] Level 1:colcon.colcon_core.package_identification:_identify(.) by extensions ['ignore', 'ignore_ament_install']
[4.773s] Level 1:colcon.colcon_core.package_identification:_identify(.) by extension 'ignore'
[4.773s] Level 1:colcon.colcon_core.package_identification:_identify(.) by extension 'ignore_ament_install'
[4.774s] Level 1:colcon.colcon_core.package_identification:_identify(.) by extensions ['colcon_pkg']
[4.774s] Level 1:colcon.colcon_core.package_identification:_identify(.) by extension 'colcon_pkg'
[4.774s] Level 1:colcon.colcon_core.package_identification:_identify(.) by extensions ['colcon_meta']
[4.774s] Level 1:colcon.colcon_core.package_identification:_identify(.) by extension 'colcon_meta'
[4.774s] Level 1:colcon.colcon_core.package_identification:_identify(.) by extensions ['ros']
[4.774s] Level 1:colcon.colcon_core.package_identification:_identify(.) by extension 'ros'
[4.799s] Level 1:colcon.colcon_core.package_identification:_identify(.) by extensions ['cmake', 'python']
[4.799s] Level 1:colcon.colcon_core.package_identification:_identify(.) by extension 'cmake'
[4.799s] Level 1:colcon.colcon_core.package_identification:_identify(.) by extension 'python'
[4.799s] Level 1:colcon.colcon_core.package_identification:_identify(.) by extensions ['python_setup_py']
[4.799s] Level 1:colcon.colcon_core.package_identification:_identify(.) by extension 'python_setup_py'
[4.800s] Level 1:colcon.colcon_core.package_identification:_identify(build) by extensions ['ignore', 'ignore_ament_install']
[4.800s] Level 1:colcon.colcon_core.package_identification:_identify(build) by extension 'ignore'
[4.800s] Level 1:colcon.colcon_core.package_identification:_identify(build) ignored
[4.800s] Level 1:colcon.colcon_core.package_identification:_identify(install) by extensions ['ignore', 'ignore_ament_install']
[4.801s] Level 1:colcon.colcon_core.package_identification:_identify(install) by extension 'ignore'
[4.801s] Level 1:colcon.colcon_core.package_identification:_identify(install) ignored
[4.801s] Level 1:colcon.colcon_core.package_identification:_identify(log) by extensions ['ignore', 'ignore_ament_install']
[4.801s] Level 1:colcon.colcon_core.package_identification:_identify(log) by extension 'ignore'
[4.801s] Level 1:colcon.colcon_core.package_identification:_identify(log) ignored
[4.802s] Level 1:colcon.colcon_core.package_identification:_identify(src) by extensions ['ignore', 'ignore_ament_install']
[4.802s] Level 1:colcon.colcon_core.package_identification:_identify(src) by extension 'ignore'
[4.802s] Level 1:colcon.colcon_core.package_identification:_identify(src) by extension 'ignore_ament_install'
[4.802s] Level 1:colcon.colcon_core.package_identification:_identify(src) by extensions ['colcon_pkg']
[4.802s] Level 1:colcon.colcon_core.package_identification:_identify(src) by extension 'colcon_pkg'
[4.802s] Level 1:colcon.colcon_core.package_identification:_identify(src) by extensions ['colcon_meta']
[4.802s] Level 1:colcon.colcon_core.package_identification:_identify(src) by extension 'colcon_meta'
[4.802s] Level 1:colcon.colcon_core.package_identification:_identify(src) by extensions ['ros']
[4.802s] Level 1:colcon.colcon_core.package_identification:_identify(src) by extension 'ros'
[4.803s] Level 1:colcon.colcon_core.package_identification:_identify(src) by extensions ['cmake', 'python']
[4.803s] Level 1:colcon.colcon_core.package_identification:_identify(src) by extension 'cmake'
[4.803s] Level 1:colcon.colcon_core.package_identification:_identify(src) by extension 'python'
[4.803s] Level 1:colcon.colcon_core.package_identification:_identify(src) by extensions ['python_setup_py']
[4.803s] Level 1:colcon.colcon_core.package_identification:_identify(src) by extension 'python_setup_py'
[4.803s] Level 1:colcon.colcon_core.package_identification:_identify(src/test_description) by extensions ['ignore', 'ignore_ament_install']
[4.803s] Level 1:colcon.colcon_core.package_identification:_identify(src/test_description) by extension 'ignore'
[4.803s] Level 1:colcon.colcon_core.package_identification:_identify(src/test_description) by extension 'ignore_ament_install'
[4.803s] Level 1:colcon.colcon_core.package_identification:_identify(src/test_description) by extensions ['colcon_pkg']
[4.804s] Level 1:colcon.colcon_core.package_identification:_identify(src/test_description) by extension 'colcon_pkg'
[4.804s] Level 1:colcon.colcon_core.package_identification:_identify(src/test_description) by extensions ['colcon_meta']
[4.804s] Level 1:colcon.colcon_core.package_identification:_identify(src/test_description) by extension 'colcon_meta'
[4.804s] Level 1:colcon.colcon_core.package_identification:_identify(src/test_description) by extensions ['ros']
[4.804s] Level 1:colcon.colcon_core.package_identification:_identify(src/test_description) by extension 'ros'
[4.809s] DEBUG:colcon.colcon_core.package_identification:Package 'src/test_description' with type 'ros.ament_cmake' and name 'test_description'
[4.809s] Level 1:colcon.colcon_core.package_discovery:discover_packages(recursive) using defaults
[4.809s] Level 1:colcon.colcon_core.package_discovery:discover_packages(ignore) discover
[4.809s] Level 1:colcon.colcon_core.package_discovery:discover_packages(ignore) using defaults
[4.809s] Level 1:colcon.colcon_core.package_discovery:discover_packages(path) discover
[4.810s] Level 1:colcon.colcon_core.package_discovery:discover_packages(path) using defaults
[5.150s] Level 1:colcon.colcon_core.package_discovery:discover_packages(prefix_path) check parameters
[5.151s] Level 1:colcon.colcon_core.package_discovery:discover_packages(prefix_path) discover
[5.445s] DEBUG:colcon.colcon_installed_package_information.package_discovery:Found 2 installed packages in /home/waleed/ros2pratice/level2/2_URDFLauncher/selfbalance_ws/install
[5.494s] DEBUG:colcon.colcon_installed_package_information.package_discovery:Found 4 installed packages in /home/waleed/ros2pratice/TAM_ws/install
[5.538s] DEBUG:colcon.colcon_installed_package_information.package_discovery:Found 1 installed packages in /home/waleed/ros2pratice/level2/myrobot_ws/install
[5.605s] DEBUG:colcon.colcon_installed_package_information.package_discovery:Found 5 installed packages in /home/waleed/ros2pratice/level1/level1_sumup/install
[5.697s] DEBUG:colcon.colcon_installed_package_information.package_discovery:Found 9 installed packages in /home/waleed/ros2pratice/level1/1_firstprog/install
[5.786s] DEBUG:colcon.colcon_installed_package_information.package_discovery:Found 302 installed packages in /opt/ros/humble
[5.793s] Level 1:colcon.colcon_core.package_discovery:discover_packages(prefix_path) using defaults
[6.346s] Level 5:colcon.colcon_core.verb:set package 'test_description' build argument 'cmake_args' from command line to 'None'
[6.346s] Level 5:colcon.colcon_core.verb:set package 'test_description' build argument 'cmake_target' from command line to 'None'
[6.346s] Level 5:colcon.colcon_core.verb:set package 'test_description' build argument 'cmake_target_skip_unavailable' from command line to 'False'
[6.346s] Level 5:colcon.colcon_core.verb:set package 'test_description' build argument 'cmake_clean_cache' from command line to 'False'
[6.347s] Level 5:colcon.colcon_core.verb:set package 'test_description' build argument 'cmake_clean_first' from command line to 'False'
[6.347s] Level 5:colcon.colcon_core.verb:set package 'test_description' build argument 'cmake_force_configure' from command line to 'False'
[6.347s] Level 5:colcon.colcon_core.verb:set package 'test_description' build argument 'ament_cmake_args' from command line to 'None'
[6.347s] Level 5:colcon.colcon_core.verb:set package 'test_description' build argument 'catkin_cmake_args' from command line to 'None'
[6.347s] Level 5:colcon.colcon_core.verb:set package 'test_description' build argument 'catkin_skip_building_tests' from command line to 'False'
[6.347s] DEBUG:colcon.colcon_core.verb:Building package 'test_description' with the following arguments: {'ament_cmake_args': None, 'build_base': '/home/waleed/ros2pratice/level2/myrobot_ws/build/test_description', 'catkin_cmake_args': None, 'catkin_skip_building_tests': False, 'cmake_args': None, 'cmake_clean_cache': False, 'cmake_clean_first': False, 'cmake_force_configure': False, 'cmake_target': None, 'cmake_target_skip_unavailable': False, 'install_base': '/home/waleed/ros2pratice/level2/myrobot_ws/install/test_description', 'merge_install': False, 'path': '/home/waleed/ros2pratice/level2/myrobot_ws/src/test_description', 'symlink_install': False, 'test_result_base': None}
[6.465s] INFO:colcon.colcon_core.executor:Executing jobs using 'parallel' executor
[6.576s] DEBUG:colcon.colcon_parallel_executor.executor.parallel:run_until_complete
[6.578s] INFO:colcon.colcon_ros.task.ament_cmake.build:Building ROS package in '/home/waleed/ros2pratice/level2/myrobot_ws/src/test_description' with build type 'ament_cmake'
[6.578s] INFO:colcon.colcon_cmake.task.cmake.build:Building CMake package in '/home/waleed/ros2pratice/level2/myrobot_ws/src/test_description'
[6.758s] INFO:colcon.colcon_core.plugin_system:Skipping extension 'colcon_core.shell.bat': Not used on non-Windows systems
[6.758s] INFO:colcon.colcon_core.shell:Skip shell extension 'powershell' for command environment: Not usable outside of PowerShell
[6.759s] DEBUG:colcon.colcon_core.shell:Skip shell extension 'dsv' for command environment
[7.431s] DEBUG:colcon.colcon_core.event_handler.log_command:Invoking command in '/home/waleed/ros2pratice/level2/myrobot_ws/build/test_description': CMAKE_PREFIX_PATH=${CMAKE_PREFIX_PATH}:/home/waleed/ros2pratice/TAM_ws/install/sim:/home/waleed/ros2pratice/TAM_ws/install/drawer:/home/waleed/ros2pratice/TAM_ws/install/TAM_draw:/home/waleed/ros2pratice/level1/level1_sumup/install/custom_test:/home/waleed/ros2pratice/level1/level1_sumup/install/SrvCli:/home/waleed/ros2pratice/level1/level1_sumup/install/PubSub:/home/waleed/ros2pratice/level1/1_firstprog/install/my_py_pkg:/opt/ros/humble /home/waleed/.local/bin/cmake --build /home/waleed/ros2pratice/level2/myrobot_ws/build/test_description -- -j4 -l4
[7.645s] DEBUG:colcon.colcon_core.event_handler.log_command:Invoked command in '/home/waleed/ros2pratice/level2/myrobot_ws/build/test_description' returned '0': CMAKE_PREFIX_PATH=${CMAKE_PREFIX_PATH}:/home/waleed/ros2pratice/TAM_ws/install/sim:/home/waleed/ros2pratice/TAM_ws/install/drawer:/home/waleed/ros2pratice/TAM_ws/install/TAM_draw:/home/waleed/ros2pratice/level1/level1_sumup/install/custom_test:/home/waleed/ros2pratice/level1/level1_sumup/install/SrvCli:/home/waleed/ros2pratice/level1/level1_sumup/install/PubSub:/home/waleed/ros2pratice/level1/1_firstprog/install/my_py_pkg:/opt/ros/humble /home/waleed/.local/bin/cmake --build /home/waleed/ros2pratice/level2/myrobot_ws/build/test_description -- -j4 -l4
[7.938s] DEBUG:colcon.colcon_core.event_handler.log_command:Invoking command in '/home/waleed/ros2pratice/level2/myrobot_ws/build/test_description': CMAKE_PREFIX_PATH=${CMAKE_PREFIX_PATH}:/home/waleed/ros2pratice/TAM_ws/install/sim:/home/waleed/ros2pratice/TAM_ws/install/drawer:/home/waleed/ros2pratice/TAM_ws/install/TAM_draw:/home/waleed/ros2pratice/level1/level1_sumup/install/custom_test:/home/waleed/ros2pratice/level1/level1_sumup/install/SrvCli:/home/waleed/ros2pratice/level1/level1_sumup/install/PubSub:/home/waleed/ros2pratice/level1/1_firstprog/install/my_py_pkg:/opt/ros/humble /home/waleed/.local/bin/cmake --install /home/waleed/ros2pratice/level2/myrobot_ws/build/test_description
[8.133s] Level 1:colcon.colcon_core.environment:create_environment_scripts_only(test_description)
[8.136s] DEBUG:colcon.colcon_core.event_handler.log_command:Invoked command in '/home/waleed/ros2pratice/level2/myrobot_ws/build/test_description' returned '0': CMAKE_PREFIX_PATH=${CMAKE_PREFIX_PATH}:/home/waleed/ros2pratice/TAM_ws/install/sim:/home/waleed/ros2pratice/TAM_ws/install/drawer:/home/waleed/ros2pratice/TAM_ws/install/TAM_draw:/home/waleed/ros2pratice/level1/level1_sumup/install/custom_test:/home/waleed/ros2pratice/level1/level1_sumup/install/SrvCli:/home/waleed/ros2pratice/level1/level1_sumup/install/PubSub:/home/waleed/ros2pratice/level1/1_firstprog/install/my_py_pkg:/opt/ros/humble /home/waleed/.local/bin/cmake --install /home/waleed/ros2pratice/level2/myrobot_ws/build/test_description
[8.321s] Level 1:colcon.colcon_core.environment:checking '/home/waleed/ros2pratice/level2/myrobot_ws/install/test_description' for CMake module files
[8.324s] Level 1:colcon.colcon_core.environment:checking '/home/waleed/ros2pratice/level2/myrobot_ws/install/test_description' for CMake config files
[8.326s] Level 1:colcon.colcon_core.shell:create_environment_hook('test_description', 'cmake_prefix_path')
[8.420s] INFO:colcon.colcon_core.shell:Creating environment hook '/home/waleed/ros2pratice/level2/myrobot_ws/install/test_description/share/test_description/hook/cmake_prefix_path.ps1'
[8.480s] INFO:colcon.colcon_core.shell:Creating environment descriptor '/home/waleed/ros2pratice/level2/myrobot_ws/install/test_description/share/test_description/hook/cmake_prefix_path.dsv'
[8.488s] INFO:colcon.colcon_core.shell:Creating environment hook '/home/waleed/ros2pratice/level2/myrobot_ws/install/test_description/share/test_description/hook/cmake_prefix_path.sh'
[8.491s] Level 1:colcon.colcon_core.environment:checking '/home/waleed/ros2pratice/level2/myrobot_ws/install/test_description/bin'
[8.491s] Level 1:colcon.colcon_core.environment:checking '/home/waleed/ros2pratice/level2/myrobot_ws/install/test_description/lib/pkgconfig/test_description.pc'
[8.492s] Level 1:colcon.colcon_core.environment:checking '/home/waleed/ros2pratice/level2/myrobot_ws/install/test_description/lib/python3.10/site-packages'
[8.494s] Level 1:colcon.colcon_core.environment:checking '/home/waleed/ros2pratice/level2/myrobot_ws/install/test_description/bin'
[8.544s] INFO:colcon.colcon_core.shell:Creating package script '/home/waleed/ros2pratice/level2/myrobot_ws/install/test_description/share/test_description/package.ps1'
[8.557s] INFO:colcon.colcon_core.shell:Creating package descriptor '/home/waleed/ros2pratice/level2/myrobot_ws/install/test_description/share/test_description/package.dsv'
[8.561s] INFO:colcon.colcon_core.shell:Creating package script '/home/waleed/ros2pratice/level2/myrobot_ws/install/test_description/share/test_description/package.sh'
[8.564s] INFO:colcon.colcon_core.shell:Creating package script '/home/waleed/ros2pratice/level2/myrobot_ws/install/test_description/share/test_description/package.bash'
[8.569s] INFO:colcon.colcon_core.shell:Creating package script '/home/waleed/ros2pratice/level2/myrobot_ws/install/test_description/share/test_description/package.zsh'
[8.572s] Level 1:colcon.colcon_core.environment:create_file_with_runtime_dependencies(/home/waleed/ros2pratice/level2/myrobot_ws/install/test_description/share/colcon-core/packages/test_description)
[8.845s] Level 1:colcon.colcon_core.environment:create_environment_scripts_only(test_description)
[9.000s] Level 1:colcon.colcon_core.environment:checking '/home/waleed/ros2pratice/level2/myrobot_ws/install/test_description' for CMake module files
[9.001s] Level 1:colcon.colcon_core.environment:checking '/home/waleed/ros2pratice/level2/myrobot_ws/install/test_description' for CMake config files
[9.005s] Level 1:colcon.colcon_core.shell:create_environment_hook('test_description', 'cmake_prefix_path')
[9.235s] INFO:colcon.colcon_core.shell:Creating environment hook '/home/waleed/ros2pratice/level2/myrobot_ws/install/test_description/share/test_description/hook/cmake_prefix_path.ps1'
[9.237s] INFO:colcon.colcon_core.shell:Creating environment descriptor '/home/waleed/ros2pratice/level2/myrobot_ws/install/test_description/share/test_description/hook/cmake_prefix_path.dsv'
[9.238s] INFO:colcon.colcon_core.shell:Creating environment hook '/home/waleed/ros2pratice/level2/myrobot_ws/install/test_description/share/test_description/hook/cmake_prefix_path.sh'
[9.241s] Level 1:colcon.colcon_core.environment:checking '/home/waleed/ros2pratice/level2/myrobot_ws/install/test_description/bin'
[9.273s] Level 1:colcon.colcon_core.environment:checking '/home/waleed/ros2pratice/level2/myrobot_ws/install/test_description/lib/pkgconfig/test_description.pc'
[9.274s] Level 1:colcon.colcon_core.environment:checking '/home/waleed/ros2pratice/level2/myrobot_ws/install/test_description/lib/python3.10/site-packages'
[9.276s] Level 1:colcon.colcon_core.environment:checking '/home/waleed/ros2pratice/level2/myrobot_ws/install/test_description/bin'
[9.683s] INFO:colcon.colcon_core.shell:Creating package script '/home/waleed/ros2pratice/level2/myrobot_ws/install/test_description/share/test_description/package.ps1'
[9.685s] INFO:colcon.colcon_core.shell:Creating package descriptor '/home/waleed/ros2pratice/level2/myrobot_ws/install/test_description/share/test_description/package.dsv'
[9.698s] INFO:colcon.colcon_core.shell:Creating package script '/home/waleed/ros2pratice/level2/myrobot_ws/install/test_description/share/test_description/package.sh'
[9.700s] INFO:colcon.colcon_core.shell:Creating package script '/home/waleed/ros2pratice/level2/myrobot_ws/install/test_description/share/test_description/package.bash'
[9.702s] INFO:colcon.colcon_core.shell:Creating package script '/home/waleed/ros2pratice/level2/myrobot_ws/install/test_description/share/test_description/package.zsh'
[9.715s] Level 1:colcon.colcon_core.environment:create_file_with_runtime_dependencies(/home/waleed/ros2pratice/level2/myrobot_ws/install/test_description/share/colcon-core/packages/test_description)
[9.716s] DEBUG:colcon.colcon_parallel_executor.executor.parallel:closing loop
[9.718s] DEBUG:colcon.colcon_parallel_executor.executor.parallel:loop closed
[9.718s] DEBUG:colcon.colcon_parallel_executor.executor.parallel:run_until_complete finished with '0'
[9.719s] DEBUG:colcon.colcon_core.event_reactor:joining thread
[10.726s] INFO:colcon.colcon_core.plugin_system:Skipping extension 'colcon_notification.desktop_notification.notify_send': Could not find 'notify-send'
[10.727s] INFO:colcon.colcon_core.plugin_system:Skipping extension 'colcon_notification.desktop_notification.terminal_notifier': Not used on non-Darwin systems
[10.727s] INFO:colcon.colcon_core.plugin_system:Skipping extension 'colcon_notification.desktop_notification.win32': Not used on non-Windows systems
[10.728s] INFO:colcon.colcon_notification.desktop_notification:Sending desktop notification using 'notify2'
[10.819s] DEBUG:colcon.colcon_notification.desktop_notification.notify2:Failed to initialize notify2: org.freedesktop.DBus.Error.ServiceUnknown: The name org.freedesktop.Notifications was not provided by any .service files
[10.820s] DEBUG:colcon.colcon_core.event_reactor:joined thread
[10.923s] INFO:colcon.colcon_core.shell:Creating prefix script '/home/waleed/ros2pratice/level2/myrobot_ws/install/local_setup.ps1'
[10.980s] INFO:colcon.colcon_core.shell:Creating prefix util module '/home/waleed/ros2pratice/level2/myrobot_ws/install/_local_setup_util_ps1.py'
[10.984s] INFO:colcon.colcon_core.shell:Creating prefix chain script '/home/waleed/ros2pratice/level2/myrobot_ws/install/setup.ps1'
[11.055s] INFO:colcon.colcon_core.shell:Creating prefix script '/home/waleed/ros2pratice/level2/myrobot_ws/install/local_setup.sh'
[11.058s] INFO:colcon.colcon_core.shell:Creating prefix util module '/home/waleed/ros2pratice/level2/myrobot_ws/install/_local_setup_util_sh.py'
[11.061s] INFO:colcon.colcon_core.shell:Creating prefix chain script '/home/waleed/ros2pratice/level2/myrobot_ws/install/setup.sh'
[11.224s] INFO:colcon.colcon_core.shell:Creating prefix script '/home/waleed/ros2pratice/level2/myrobot_ws/install/local_setup.bash'
[11.227s] INFO:colcon.colcon_core.shell:Creating prefix chain script '/home/waleed/ros2pratice/level2/myrobot_ws/install/setup.bash'
[11.362s] INFO:colcon.colcon_core.shell:Creating prefix script '/home/waleed/ros2pratice/level2/myrobot_ws/install/local_setup.zsh'
[11.371s] INFO:colcon.colcon_core.shell:Creating prefix chain script '/home/waleed/ros2pratice/level2/myrobot_ws/install/setup.zsh'
